   0  $accept : Program $end

   1  Program : ClassList

   2  ClassList : ClassList ClassDef
   3            | ClassDef

   4  VariableDef : Variable ';'

   5  Variable : Type IDENTIFIER

   6  Type : INT
   7       | VOID
   8       | BOOL
   9       | STRING
  10       | CLASS IDENTIFIER
  11       | Type '[' ']'

  12  ClassDef : CLASS IDENTIFIER ExtendsClause '{' FieldList '}'
  13           | SEALED CLASS IDENTIFIER ExtendsClause '{' FieldList '}'

  14  ExtendsClause : EXTENDS IDENTIFIER
  15                |

  16  FieldList : FieldList VariableDef
  17            | FieldList FunctionDef
  18            |

  19  Formals : VariableList
  20          |

  21  VariableList : VariableList ',' Variable
  22               | Variable

  23  FunctionDef : STATIC Type IDENTIFIER '(' Formals ')' StmtBlock
  24              | Type IDENTIFIER '(' Formals ')' StmtBlock

  25  StmtBlock : '{' StmtList '}'

  26  StmtList : StmtList Stmt
  27           |

  28  Stmt : VariableDef
  29       | SimpleStmt ';'
  30       | IfStmt
  31       | WhileStmt
  32       | ForStmt
  33       | ReturnStmt ';'
  34       | PrintStmt ';'
  35       | BreakStmt ';'
  36       | StmtBlock
  37       | OCStmt ';'
  38       | GuardedStmt
  39       | ForeachStmt

  40  GuardedStmt : IF '{' IfBranchStar IfSubStmt '}'
  41              | IF '{' '}'

  42  ForeachStmt : FOREACH '(' BoundVariable IN Expr ForeachIf ')' Stmt

  43  BoundVariable : VAR IDENTIFIER
  44                | Type IDENTIFIER

  45  ForeachIf : WHILE Expr
  46            |

  47  IfBranchStar : IfBranchStar IfBranch
  48               |

  49  IfBranch : IfSubStmt TRIPIPE

  50  IfSubStmt : Expr ':' Stmt

  51  OCStmt : SCOPY '(' LValue ',' Expr ')'

  52  SimpleStmt : LValue '=' Expr
  53             | Call
  54             |

  55  Receiver : Expr '.'
  56           |

  57  LValue : Receiver IDENTIFIER
  58         | VAR IDENTIFIER
  59         | Expr '[' Expr ']'

  60  Call : Receiver IDENTIFIER '(' Actuals ')'

  61  Expr : LValue
  62       | Call
  63       | Constant
  64       | Expr '+' Expr
  65       | Expr '-' Expr
  66       | Expr '*' Expr
  67       | Expr '/' Expr
  68       | Expr '%' Expr
  69       | Expr EQUAL Expr
  70       | Expr NOT_EQUAL Expr
  71       | Expr '<' Expr
  72       | Expr '>' Expr
  73       | Expr LESS_EQUAL Expr
  74       | Expr GREATER_EQUAL Expr
  75       | Expr AND Expr
  76       | Expr OR Expr
  77       | '(' Expr ')'
  78       | '-' Expr
  79       | '!' Expr
  80       | READ_INTEGER '(' ')'
  81       | READ_LINE '(' ')'
  82       | THIS
  83       | NEW IDENTIFIER '(' ')'
  84       | NEW Type '[' Expr ']'
  85       | INSTANCEOF '(' Expr ',' IDENTIFIER ')'
  86       | '(' CLASS IDENTIFIER ')' Expr
  87       | Expr REPEAT Expr
  88       | Expr '[' Expr ']' DEFAULT Expr

  89  COMPIF : IF Expr
  90         |

  91  Constant : LITERAL
  92           | NULL

  93  Actuals : ExprList
  94          |

  95  ExprList : ExprList ',' Expr
  96           | Expr

  97  WhileStmt : WHILE '(' Expr ')' Stmt

  98  ForStmt : FOR '(' SimpleStmt ';' Expr ';' SimpleStmt ')' Stmt

  99  BreakStmt : BREAK

 100  IfStmt : IF '(' Expr ')' Stmt ElseClause

 101  ElseClause : ELSE Stmt
 102             |

 103  ReturnStmt : RETURN Expr
 104             | RETURN

 105  PrintStmt : PRINT '(' ExprList ')'

state 0
	$accept : . Program $end  (0)

	CLASS  shift 1
	SEALED  shift 2
	.  error

	Program  goto 3
	ClassList  goto 4
	ClassDef  goto 5


state 1
	ClassDef : CLASS . IDENTIFIER ExtendsClause '{' FieldList '}'  (12)

	IDENTIFIER  shift 6
	.  error


state 2
	ClassDef : SEALED . CLASS IDENTIFIER ExtendsClause '{' FieldList '}'  (13)

	CLASS  shift 7
	.  error


state 3
	$accept : Program . $end  (0)

	$end  accept


state 4
	Program : ClassList .  (1)
	ClassList : ClassList . ClassDef  (2)

	CLASS  shift 1
	SEALED  shift 2
	$end  reduce 1

	ClassDef  goto 8


state 5
	ClassList : ClassDef .  (3)

	.  reduce 3


state 6
	ClassDef : CLASS IDENTIFIER . ExtendsClause '{' FieldList '}'  (12)
	ExtendsClause : .  (15)

	EXTENDS  shift 9
	'{'  reduce 15

	ExtendsClause  goto 10


state 7
	ClassDef : SEALED CLASS . IDENTIFIER ExtendsClause '{' FieldList '}'  (13)

	IDENTIFIER  shift 11
	.  error


state 8
	ClassList : ClassList ClassDef .  (2)

	.  reduce 2


state 9
	ExtendsClause : EXTENDS . IDENTIFIER  (14)

	IDENTIFIER  shift 12
	.  error


state 10
	ClassDef : CLASS IDENTIFIER ExtendsClause . '{' FieldList '}'  (12)

	'{'  shift 13
	.  error


state 11
	ClassDef : SEALED CLASS IDENTIFIER . ExtendsClause '{' FieldList '}'  (13)
	ExtendsClause : .  (15)

	EXTENDS  shift 9
	'{'  reduce 15

	ExtendsClause  goto 14


state 12
	ExtendsClause : EXTENDS IDENTIFIER .  (14)

	.  reduce 14


state 13
	ClassDef : CLASS IDENTIFIER ExtendsClause '{' . FieldList '}'  (12)
	FieldList : .  (18)

	.  reduce 18

	FieldList  goto 15


state 14
	ClassDef : SEALED CLASS IDENTIFIER ExtendsClause . '{' FieldList '}'  (13)

	'{'  shift 16
	.  error


state 15
	ClassDef : CLASS IDENTIFIER ExtendsClause '{' FieldList . '}'  (12)
	FieldList : FieldList . VariableDef  (16)
	FieldList : FieldList . FunctionDef  (17)

	VOID  shift 17
	BOOL  shift 18
	INT  shift 19
	STRING  shift 20
	CLASS  shift 21
	STATIC  shift 22
	'}'  shift 23
	.  error

	VariableDef  goto 24
	Variable  goto 25
	Type  goto 26
	FunctionDef  goto 27


state 16
	ClassDef : SEALED CLASS IDENTIFIER ExtendsClause '{' . FieldList '}'  (13)
	FieldList : .  (18)

	.  reduce 18

	FieldList  goto 28


state 17
	Type : VOID .  (7)

	.  reduce 7


state 18
	Type : BOOL .  (8)

	.  reduce 8


state 19
	Type : INT .  (6)

	.  reduce 6


state 20
	Type : STRING .  (9)

	.  reduce 9


state 21
	Type : CLASS . IDENTIFIER  (10)

	IDENTIFIER  shift 29
	.  error


state 22
	FunctionDef : STATIC . Type IDENTIFIER '(' Formals ')' StmtBlock  (23)

	VOID  shift 17
	BOOL  shift 18
	INT  shift 19
	STRING  shift 20
	CLASS  shift 21
	.  error

	Type  goto 30


state 23
	ClassDef : CLASS IDENTIFIER ExtendsClause '{' FieldList '}' .  (12)

	.  reduce 12


state 24
	FieldList : FieldList VariableDef .  (16)

	.  reduce 16


state 25
	VariableDef : Variable . ';'  (4)

	';'  shift 31
	.  error


state 26
	Variable : Type . IDENTIFIER  (5)
	Type : Type . '[' ']'  (11)
	FunctionDef : Type . IDENTIFIER '(' Formals ')' StmtBlock  (24)

	IDENTIFIER  shift 32
	'['  shift 33
	.  error


state 27
	FieldList : FieldList FunctionDef .  (17)

	.  reduce 17


state 28
	ClassDef : SEALED CLASS IDENTIFIER ExtendsClause '{' FieldList . '}'  (13)
	FieldList : FieldList . VariableDef  (16)
	FieldList : FieldList . FunctionDef  (17)

	VOID  shift 17
	BOOL  shift 18
	INT  shift 19
	STRING  shift 20
	CLASS  shift 21
	STATIC  shift 22
	'}'  shift 34
	.  error

	VariableDef  goto 24
	Variable  goto 25
	Type  goto 26
	FunctionDef  goto 27


state 29
	Type : CLASS IDENTIFIER .  (10)

	.  reduce 10


state 30
	Type : Type . '[' ']'  (11)
	FunctionDef : STATIC Type . IDENTIFIER '(' Formals ')' StmtBlock  (23)

	IDENTIFIER  shift 35
	'['  shift 33
	.  error


state 31
	VariableDef : Variable ';' .  (4)

	.  reduce 4


state 32
	Variable : Type IDENTIFIER .  (5)
	FunctionDef : Type IDENTIFIER . '(' Formals ')' StmtBlock  (24)

	'('  shift 36
	';'  reduce 5


state 33
	Type : Type '[' . ']'  (11)

	']'  shift 37
	.  error


state 34
	ClassDef : SEALED CLASS IDENTIFIER ExtendsClause '{' FieldList '}' .  (13)

	.  reduce 13


state 35
	FunctionDef : STATIC Type IDENTIFIER . '(' Formals ')' StmtBlock  (23)

	'('  shift 38
	.  error


state 36
	FunctionDef : Type IDENTIFIER '(' . Formals ')' StmtBlock  (24)
	Formals : .  (20)

	VOID  shift 17
	BOOL  shift 18
	INT  shift 19
	STRING  shift 20
	CLASS  shift 21
	')'  reduce 20

	Variable  goto 39
	Type  goto 40
	Formals  goto 41
	VariableList  goto 42


state 37
	Type : Type '[' ']' .  (11)

	.  reduce 11


state 38
	FunctionDef : STATIC Type IDENTIFIER '(' . Formals ')' StmtBlock  (23)
	Formals : .  (20)

	VOID  shift 17
	BOOL  shift 18
	INT  shift 19
	STRING  shift 20
	CLASS  shift 21
	')'  reduce 20

	Variable  goto 39
	Type  goto 40
	Formals  goto 43
	VariableList  goto 42


state 39
	VariableList : Variable .  (22)

	.  reduce 22


state 40
	Variable : Type . IDENTIFIER  (5)
	Type : Type . '[' ']'  (11)

	IDENTIFIER  shift 44
	'['  shift 33
	.  error


state 41
	FunctionDef : Type IDENTIFIER '(' Formals . ')' StmtBlock  (24)

	')'  shift 45
	.  error


state 42
	Formals : VariableList .  (19)
	VariableList : VariableList . ',' Variable  (21)

	','  shift 46
	')'  reduce 19


state 43
	FunctionDef : STATIC Type IDENTIFIER '(' Formals . ')' StmtBlock  (23)

	')'  shift 47
	.  error


state 44
	Variable : Type IDENTIFIER .  (5)

	.  reduce 5


state 45
	FunctionDef : Type IDENTIFIER '(' Formals ')' . StmtBlock  (24)

	'{'  shift 48
	.  error

	StmtBlock  goto 49


state 46
	VariableList : VariableList ',' . Variable  (21)

	VOID  shift 17
	BOOL  shift 18
	INT  shift 19
	STRING  shift 20
	CLASS  shift 21
	.  error

	Variable  goto 50
	Type  goto 40


state 47
	FunctionDef : STATIC Type IDENTIFIER '(' Formals ')' . StmtBlock  (23)

	'{'  shift 48
	.  error

	StmtBlock  goto 51


state 48
	StmtBlock : '{' . StmtList '}'  (25)
	StmtList : .  (27)

	.  reduce 27

	StmtList  goto 52


state 49
	FunctionDef : Type IDENTIFIER '(' Formals ')' StmtBlock .  (24)

	.  reduce 24


state 50
	VariableList : VariableList ',' Variable .  (21)

	.  reduce 21


state 51
	FunctionDef : STATIC Type IDENTIFIER '(' Formals ')' StmtBlock .  (23)

	.  reduce 23


state 52
	StmtBlock : '{' StmtList . '}'  (25)
	StmtList : StmtList . Stmt  (26)
	SimpleStmt : .  (54)
	Receiver : .  (56)

	VOID  shift 17
	BOOL  shift 18
	INT  shift 19
	STRING  shift 20
	CLASS  shift 21
	NULL  shift 53
	THIS  shift 54
	WHILE  shift 55
	FOR  shift 56
	IF  shift 57
	RETURN  shift 58
	BREAK  shift 59
	NEW  shift 60
	SCOPY  shift 61
	VAR  shift 62
	FOREACH  shift 63
	PRINT  shift 64
	READ_INTEGER  shift 65
	READ_LINE  shift 66
	LITERAL  shift 67
	INSTANCEOF  shift 68
	'-'  shift 69
	'!'  shift 70
	'('  shift 71
	'{'  shift 48
	'}'  shift 72
	IDENTIFIER  reduce 56
	';'  reduce 54

	VariableDef  goto 73
	Variable  goto 25
	Type  goto 40
	StmtBlock  goto 74
	Stmt  goto 75
	SimpleStmt  goto 76
	IfStmt  goto 77
	WhileStmt  goto 78
	ForStmt  goto 79
	ReturnStmt  goto 80
	PrintStmt  goto 81
	BreakStmt  goto 82
	OCStmt  goto 83
	GuardedStmt  goto 84
	ForeachStmt  goto 85
	Expr  goto 86
	LValue  goto 87
	Call  goto 88
	Receiver  goto 89
	Constant  goto 90


state 53
	Constant : NULL .  (92)

	.  reduce 92


state 54
	Expr : THIS .  (82)

	.  reduce 82


state 55
	WhileStmt : WHILE . '(' Expr ')' Stmt  (97)

	'('  shift 91
	.  error


state 56
	ForStmt : FOR . '(' SimpleStmt ';' Expr ';' SimpleStmt ')' Stmt  (98)

	'('  shift 92
	.  error


state 57
	GuardedStmt : IF . '{' IfBranchStar IfSubStmt '}'  (40)
	GuardedStmt : IF . '{' '}'  (41)
	IfStmt : IF . '(' Expr ')' Stmt ElseClause  (100)

	'('  shift 93
	'{'  shift 94
	.  error


state 58
	ReturnStmt : RETURN . Expr  (103)
	ReturnStmt : RETURN .  (104)
	Receiver : .  (56)

	NULL  shift 53
	THIS  shift 54
	NEW  shift 60
	VAR  shift 62
	READ_INTEGER  shift 65
	READ_LINE  shift 66
	LITERAL  shift 67
	INSTANCEOF  shift 68
	'-'  shift 69
	'!'  shift 70
	'('  shift 71
	IDENTIFIER  reduce 56
	';'  reduce 104

	Expr  goto 95
	LValue  goto 96
	Call  goto 97
	Receiver  goto 89
	Constant  goto 90


state 59
	BreakStmt : BREAK .  (99)

	.  reduce 99


state 60
	Expr : NEW . IDENTIFIER '(' ')'  (83)
	Expr : NEW . Type '[' Expr ']'  (84)

	VOID  shift 17
	BOOL  shift 18
	INT  shift 19
	STRING  shift 20
	CLASS  shift 21
	IDENTIFIER  shift 98
	.  error

	Type  goto 99


state 61
	OCStmt : SCOPY . '(' LValue ',' Expr ')'  (51)

	'('  shift 100
	.  error


state 62
	LValue : VAR . IDENTIFIER  (58)

	IDENTIFIER  shift 101
	.  error


state 63
	ForeachStmt : FOREACH . '(' BoundVariable IN Expr ForeachIf ')' Stmt  (42)

	'('  shift 102
	.  error


state 64
	PrintStmt : PRINT . '(' ExprList ')'  (105)

	'('  shift 103
	.  error


state 65
	Expr : READ_INTEGER . '(' ')'  (80)

	'('  shift 104
	.  error


state 66
	Expr : READ_LINE . '(' ')'  (81)

	'('  shift 105
	.  error


state 67
	Constant : LITERAL .  (91)

	.  reduce 91


state 68
	Expr : INSTANCEOF . '(' Expr ',' IDENTIFIER ')'  (85)

	'('  shift 106
	.  error


state 69
	Expr : '-' . Expr  (78)
	Receiver : .  (56)

	NULL  shift 53
	THIS  shift 54
	NEW  shift 60
	VAR  shift 62
	READ_INTEGER  shift 65
	READ_LINE  shift 66
	LITERAL  shift 67
	INSTANCEOF  shift 68
	'-'  shift 69
	'!'  shift 70
	'('  shift 71
	IDENTIFIER  reduce 56

	Expr  goto 107
	LValue  goto 96
	Call  goto 97
	Receiver  goto 89
	Constant  goto 90


state 70
	Expr : '!' . Expr  (79)
	Receiver : .  (56)

	NULL  shift 53
	THIS  shift 54
	NEW  shift 60
	VAR  shift 62
	READ_INTEGER  shift 65
	READ_LINE  shift 66
	LITERAL  shift 67
	INSTANCEOF  shift 68
	'-'  shift 69
	'!'  shift 70
	'('  shift 71
	IDENTIFIER  reduce 56

	Expr  goto 108
	LValue  goto 96
	Call  goto 97
	Receiver  goto 89
	Constant  goto 90


state 71
	Expr : '(' . Expr ')'  (77)
	Expr : '(' . CLASS IDENTIFIER ')' Expr  (86)
	Receiver : .  (56)

	CLASS  shift 109
	NULL  shift 53
	THIS  shift 54
	NEW  shift 60
	VAR  shift 62
	READ_INTEGER  shift 65
	READ_LINE  shift 66
	LITERAL  shift 67
	INSTANCEOF  shift 68
	'-'  shift 69
	'!'  shift 70
	'('  shift 71
	IDENTIFIER  reduce 56

	Expr  goto 110
	LValue  goto 96
	Call  goto 97
	Receiver  goto 89
	Constant  goto 90


state 72
	StmtBlock : '{' StmtList '}' .  (25)

	.  reduce 25


state 73
	Stmt : VariableDef .  (28)

	.  reduce 28


state 74
	Stmt : StmtBlock .  (36)

	.  reduce 36


state 75
	StmtList : StmtList Stmt .  (26)

	.  reduce 26


state 76
	Stmt : SimpleStmt . ';'  (29)

	';'  shift 111
	.  error


state 77
	Stmt : IfStmt .  (30)

	.  reduce 30


state 78
	Stmt : WhileStmt .  (31)

	.  reduce 31


state 79
	Stmt : ForStmt .  (32)

	.  reduce 32


state 80
	Stmt : ReturnStmt . ';'  (33)

	';'  shift 112
	.  error


state 81
	Stmt : PrintStmt . ';'  (34)

	';'  shift 113
	.  error


state 82
	Stmt : BreakStmt . ';'  (35)

	';'  shift 114
	.  error


state 83
	Stmt : OCStmt . ';'  (37)

	';'  shift 115
	.  error


state 84
	Stmt : GuardedStmt .  (38)

	.  reduce 38


state 85
	Stmt : ForeachStmt .  (39)

	.  reduce 39


state 86
	Receiver : Expr . '.'  (55)
	LValue : Expr . '[' Expr ']'  (59)
	Expr : Expr . '+' Expr  (64)
	Expr : Expr . '-' Expr  (65)
	Expr : Expr . '*' Expr  (66)
	Expr : Expr . '/' Expr  (67)
	Expr : Expr . '%' Expr  (68)
	Expr : Expr . EQUAL Expr  (69)
	Expr : Expr . NOT_EQUAL Expr  (70)
	Expr : Expr . '<' Expr  (71)
	Expr : Expr . '>' Expr  (72)
	Expr : Expr . LESS_EQUAL Expr  (73)
	Expr : Expr . GREATER_EQUAL Expr  (74)
	Expr : Expr . AND Expr  (75)
	Expr : Expr . OR Expr  (76)
	Expr : Expr . REPEAT Expr  (87)
	Expr : Expr . '[' Expr ']' DEFAULT Expr  (88)

	REPEAT  shift 116
	AND  shift 117
	OR  shift 118
	LESS_EQUAL  shift 119
	GREATER_EQUAL  shift 120
	EQUAL  shift 121
	NOT_EQUAL  shift 122
	'+'  shift 123
	'-'  shift 124
	'*'  shift 125
	'/'  shift 126
	'%'  shift 127
	'>'  shift 128
	'<'  shift 129
	'.'  shift 130
	'['  shift 131
	.  error


state 87
	SimpleStmt : LValue . '=' Expr  (52)
	Expr : LValue .  (61)

	'='  shift 132
	REPEAT  reduce 61
	AND  reduce 61
	OR  reduce 61
	LESS_EQUAL  reduce 61
	GREATER_EQUAL  reduce 61
	EQUAL  reduce 61
	NOT_EQUAL  reduce 61
	'+'  reduce 61
	'-'  reduce 61
	'*'  reduce 61
	'/'  reduce 61
	'%'  reduce 61
	'>'  reduce 61
	'<'  reduce 61
	'.'  reduce 61
	'['  reduce 61


state 88
	SimpleStmt : Call .  (53)
	Expr : Call .  (62)

	REPEAT  reduce 62
	AND  reduce 62
	OR  reduce 62
	LESS_EQUAL  reduce 62
	GREATER_EQUAL  reduce 62
	EQUAL  reduce 62
	NOT_EQUAL  reduce 62
	'+'  reduce 62
	'-'  reduce 62
	'*'  reduce 62
	'/'  reduce 62
	'%'  reduce 62
	'>'  reduce 62
	'<'  reduce 62
	'.'  reduce 62
	';'  reduce 53
	')'  reduce 53
	'['  reduce 62


state 89
	LValue : Receiver . IDENTIFIER  (57)
	Call : Receiver . IDENTIFIER '(' Actuals ')'  (60)

	IDENTIFIER  shift 133
	.  error


state 90
	Expr : Constant .  (63)

	.  reduce 63


state 91
	WhileStmt : WHILE '(' . Expr ')' Stmt  (97)
	Receiver : .  (56)

	NULL  shift 53
	THIS  shift 54
	NEW  shift 60
	VAR  shift 62
	READ_INTEGER  shift 65
	READ_LINE  shift 66
	LITERAL  shift 67
	INSTANCEOF  shift 68
	'-'  shift 69
	'!'  shift 70
	'('  shift 71
	IDENTIFIER  reduce 56

	Expr  goto 134
	LValue  goto 96
	Call  goto 97
	Receiver  goto 89
	Constant  goto 90


state 92
	ForStmt : FOR '(' . SimpleStmt ';' Expr ';' SimpleStmt ')' Stmt  (98)
	SimpleStmt : .  (54)
	Receiver : .  (56)

	NULL  shift 53
	THIS  shift 54
	NEW  shift 60
	VAR  shift 62
	READ_INTEGER  shift 65
	READ_LINE  shift 66
	LITERAL  shift 67
	INSTANCEOF  shift 68
	'-'  shift 69
	'!'  shift 70
	'('  shift 71
	IDENTIFIER  reduce 56
	';'  reduce 54

	SimpleStmt  goto 135
	Expr  goto 86
	LValue  goto 87
	Call  goto 88
	Receiver  goto 89
	Constant  goto 90


state 93
	IfStmt : IF '(' . Expr ')' Stmt ElseClause  (100)
	Receiver : .  (56)

	NULL  shift 53
	THIS  shift 54
	NEW  shift 60
	VAR  shift 62
	READ_INTEGER  shift 65
	READ_LINE  shift 66
	LITERAL  shift 67
	INSTANCEOF  shift 68
	'-'  shift 69
	'!'  shift 70
	'('  shift 71
	IDENTIFIER  reduce 56

	Expr  goto 136
	LValue  goto 96
	Call  goto 97
	Receiver  goto 89
	Constant  goto 90


state 94
	GuardedStmt : IF '{' . IfBranchStar IfSubStmt '}'  (40)
	GuardedStmt : IF '{' . '}'  (41)
	IfBranchStar : .  (48)

	'}'  shift 137
	NULL  reduce 48
	THIS  reduce 48
	NEW  reduce 48
	VAR  reduce 48
	READ_INTEGER  reduce 48
	READ_LINE  reduce 48
	LITERAL  reduce 48
	IDENTIFIER  reduce 48
	INSTANCEOF  reduce 48
	'-'  reduce 48
	'!'  reduce 48
	'('  reduce 48

	IfBranchStar  goto 138


state 95
	Receiver : Expr . '.'  (55)
	LValue : Expr . '[' Expr ']'  (59)
	Expr : Expr . '+' Expr  (64)
	Expr : Expr . '-' Expr  (65)
	Expr : Expr . '*' Expr  (66)
	Expr : Expr . '/' Expr  (67)
	Expr : Expr . '%' Expr  (68)
	Expr : Expr . EQUAL Expr  (69)
	Expr : Expr . NOT_EQUAL Expr  (70)
	Expr : Expr . '<' Expr  (71)
	Expr : Expr . '>' Expr  (72)
	Expr : Expr . LESS_EQUAL Expr  (73)
	Expr : Expr . GREATER_EQUAL Expr  (74)
	Expr : Expr . AND Expr  (75)
	Expr : Expr . OR Expr  (76)
	Expr : Expr . REPEAT Expr  (87)
	Expr : Expr . '[' Expr ']' DEFAULT Expr  (88)
	ReturnStmt : RETURN Expr .  (103)

	REPEAT  shift 116
	AND  shift 117
	OR  shift 118
	LESS_EQUAL  shift 119
	GREATER_EQUAL  shift 120
	EQUAL  shift 121
	NOT_EQUAL  shift 122
	'+'  shift 123
	'-'  shift 124
	'*'  shift 125
	'/'  shift 126
	'%'  shift 127
	'>'  shift 128
	'<'  shift 129
	'.'  shift 130
	'['  shift 131
	';'  reduce 103


state 96
	Expr : LValue .  (61)

	.  reduce 61


state 97
	Expr : Call .  (62)

	.  reduce 62


state 98
	Expr : NEW IDENTIFIER . '(' ')'  (83)

	'('  shift 139
	.  error


state 99
	Type : Type . '[' ']'  (11)
	Expr : NEW Type . '[' Expr ']'  (84)

	'['  shift 140
	.  error


state 100
	OCStmt : SCOPY '(' . LValue ',' Expr ')'  (51)
	Receiver : .  (56)

	NULL  shift 53
	THIS  shift 54
	NEW  shift 60
	VAR  shift 62
	READ_INTEGER  shift 65
	READ_LINE  shift 66
	LITERAL  shift 67
	INSTANCEOF  shift 68
	'-'  shift 69
	'!'  shift 70
	'('  shift 71
	IDENTIFIER  reduce 56

	Expr  goto 86
	LValue  goto 141
	Call  goto 97
	Receiver  goto 89
	Constant  goto 90


state 101
	LValue : VAR IDENTIFIER .  (58)

	.  reduce 58


state 102
	ForeachStmt : FOREACH '(' . BoundVariable IN Expr ForeachIf ')' Stmt  (42)

	VOID  shift 17
	BOOL  shift 18
	INT  shift 19
	STRING  shift 20
	CLASS  shift 21
	VAR  shift 142
	.  error

	Type  goto 143
	BoundVariable  goto 144


state 103
	PrintStmt : PRINT '(' . ExprList ')'  (105)
	Receiver : .  (56)

	NULL  shift 53
	THIS  shift 54
	NEW  shift 60
	VAR  shift 62
	READ_INTEGER  shift 65
	READ_LINE  shift 66
	LITERAL  shift 67
	INSTANCEOF  shift 68
	'-'  shift 69
	'!'  shift 70
	'('  shift 71
	IDENTIFIER  reduce 56

	Expr  goto 145
	LValue  goto 96
	Call  goto 97
	Receiver  goto 89
	Constant  goto 90
	ExprList  goto 146


state 104
	Expr : READ_INTEGER '(' . ')'  (80)

	')'  shift 147
	.  error


state 105
	Expr : READ_LINE '(' . ')'  (81)

	')'  shift 148
	.  error


state 106
	Expr : INSTANCEOF '(' . Expr ',' IDENTIFIER ')'  (85)
	Receiver : .  (56)

	NULL  shift 53
	THIS  shift 54
	NEW  shift 60
	VAR  shift 62
	READ_INTEGER  shift 65
	READ_LINE  shift 66
	LITERAL  shift 67
	INSTANCEOF  shift 68
	'-'  shift 69
	'!'  shift 70
	'('  shift 71
	IDENTIFIER  reduce 56

	Expr  goto 149
	LValue  goto 96
	Call  goto 97
	Receiver  goto 89
	Constant  goto 90


state 107
	Receiver : Expr . '.'  (55)
	LValue : Expr . '[' Expr ']'  (59)
	Expr : Expr . '+' Expr  (64)
	Expr : Expr . '-' Expr  (65)
	Expr : Expr . '*' Expr  (66)
	Expr : Expr . '/' Expr  (67)
	Expr : Expr . '%' Expr  (68)
	Expr : Expr . EQUAL Expr  (69)
	Expr : Expr . NOT_EQUAL Expr  (70)
	Expr : Expr . '<' Expr  (71)
	Expr : Expr . '>' Expr  (72)
	Expr : Expr . LESS_EQUAL Expr  (73)
	Expr : Expr . GREATER_EQUAL Expr  (74)
	Expr : Expr . AND Expr  (75)
	Expr : Expr . OR Expr  (76)
	Expr : '-' Expr .  (78)
	Expr : Expr . REPEAT Expr  (87)
	Expr : Expr . '[' Expr ']' DEFAULT Expr  (88)

	'.'  shift 130
	'['  shift 131
	WHILE  reduce 78
	REPEAT  reduce 78
	AND  reduce 78
	OR  reduce 78
	LESS_EQUAL  reduce 78
	GREATER_EQUAL  reduce 78
	EQUAL  reduce 78
	NOT_EQUAL  reduce 78
	'+'  reduce 78
	'-'  reduce 78
	'*'  reduce 78
	'/'  reduce 78
	'%'  reduce 78
	'>'  reduce 78
	'<'  reduce 78
	','  reduce 78
	';'  reduce 78
	')'  reduce 78
	']'  reduce 78
	':'  reduce 78


state 108
	Receiver : Expr . '.'  (55)
	LValue : Expr . '[' Expr ']'  (59)
	Expr : Expr . '+' Expr  (64)
	Expr : Expr . '-' Expr  (65)
	Expr : Expr . '*' Expr  (66)
	Expr : Expr . '/' Expr  (67)
	Expr : Expr . '%' Expr  (68)
	Expr : Expr . EQUAL Expr  (69)
	Expr : Expr . NOT_EQUAL Expr  (70)
	Expr : Expr . '<' Expr  (71)
	Expr : Expr . '>' Expr  (72)
	Expr : Expr . LESS_EQUAL Expr  (73)
	Expr : Expr . GREATER_EQUAL Expr  (74)
	Expr : Expr . AND Expr  (75)
	Expr : Expr . OR Expr  (76)
	Expr : '!' Expr .  (79)
	Expr : Expr . REPEAT Expr  (87)
	Expr : Expr . '[' Expr ']' DEFAULT Expr  (88)

	'.'  shift 130
	'['  shift 131
	WHILE  reduce 79
	REPEAT  reduce 79
	AND  reduce 79
	OR  reduce 79
	LESS_EQUAL  reduce 79
	GREATER_EQUAL  reduce 79
	EQUAL  reduce 79
	NOT_EQUAL  reduce 79
	'+'  reduce 79
	'-'  reduce 79
	'*'  reduce 79
	'/'  reduce 79
	'%'  reduce 79
	'>'  reduce 79
	'<'  reduce 79
	','  reduce 79
	';'  reduce 79
	')'  reduce 79
	']'  reduce 79
	':'  reduce 79


state 109
	Expr : '(' CLASS . IDENTIFIER ')' Expr  (86)

	IDENTIFIER  shift 150
	.  error


state 110
	Receiver : Expr . '.'  (55)
	LValue : Expr . '[' Expr ']'  (59)
	Expr : Expr . '+' Expr  (64)
	Expr : Expr . '-' Expr  (65)
	Expr : Expr . '*' Expr  (66)
	Expr : Expr . '/' Expr  (67)
	Expr : Expr . '%' Expr  (68)
	Expr : Expr . EQUAL Expr  (69)
	Expr : Expr . NOT_EQUAL Expr  (70)
	Expr : Expr . '<' Expr  (71)
	Expr : Expr . '>' Expr  (72)
	Expr : Expr . LESS_EQUAL Expr  (73)
	Expr : Expr . GREATER_EQUAL Expr  (74)
	Expr : Expr . AND Expr  (75)
	Expr : Expr . OR Expr  (76)
	Expr : '(' Expr . ')'  (77)
	Expr : Expr . REPEAT Expr  (87)
	Expr : Expr . '[' Expr ']' DEFAULT Expr  (88)

	REPEAT  shift 116
	AND  shift 117
	OR  shift 118
	LESS_EQUAL  shift 119
	GREATER_EQUAL  shift 120
	EQUAL  shift 121
	NOT_EQUAL  shift 122
	'+'  shift 123
	'-'  shift 124
	'*'  shift 125
	'/'  shift 126
	'%'  shift 127
	'>'  shift 128
	'<'  shift 129
	'.'  shift 130
	')'  shift 151
	'['  shift 131
	.  error


state 111
	Stmt : SimpleStmt ';' .  (29)

	.  reduce 29


state 112
	Stmt : ReturnStmt ';' .  (33)

	.  reduce 33


state 113
	Stmt : PrintStmt ';' .  (34)

	.  reduce 34


state 114
	Stmt : BreakStmt ';' .  (35)

	.  reduce 35


state 115
	Stmt : OCStmt ';' .  (37)

	.  reduce 37


state 116
	Expr : Expr REPEAT . Expr  (87)
	Receiver : .  (56)

	NULL  shift 53
	THIS  shift 54
	NEW  shift 60
	VAR  shift 62
	READ_INTEGER  shift 65
	READ_LINE  shift 66
	LITERAL  shift 67
	INSTANCEOF  shift 68
	'-'  shift 69
	'!'  shift 70
	'('  shift 71
	IDENTIFIER  reduce 56

	Expr  goto 152
	LValue  goto 96
	Call  goto 97
	Receiver  goto 89
	Constant  goto 90


state 117
	Expr : Expr AND . Expr  (75)
	Receiver : .  (56)

	NULL  shift 53
	THIS  shift 54
	NEW  shift 60
	VAR  shift 62
	READ_INTEGER  shift 65
	READ_LINE  shift 66
	LITERAL  shift 67
	INSTANCEOF  shift 68
	'-'  shift 69
	'!'  shift 70
	'('  shift 71
	IDENTIFIER  reduce 56

	Expr  goto 153
	LValue  goto 96
	Call  goto 97
	Receiver  goto 89
	Constant  goto 90


state 118
	Expr : Expr OR . Expr  (76)
	Receiver : .  (56)

	NULL  shift 53
	THIS  shift 54
	NEW  shift 60
	VAR  shift 62
	READ_INTEGER  shift 65
	READ_LINE  shift 66
	LITERAL  shift 67
	INSTANCEOF  shift 68
	'-'  shift 69
	'!'  shift 70
	'('  shift 71
	IDENTIFIER  reduce 56

	Expr  goto 154
	LValue  goto 96
	Call  goto 97
	Receiver  goto 89
	Constant  goto 90


state 119
	Expr : Expr LESS_EQUAL . Expr  (73)
	Receiver : .  (56)

	NULL  shift 53
	THIS  shift 54
	NEW  shift 60
	VAR  shift 62
	READ_INTEGER  shift 65
	READ_LINE  shift 66
	LITERAL  shift 67
	INSTANCEOF  shift 68
	'-'  shift 69
	'!'  shift 70
	'('  shift 71
	IDENTIFIER  reduce 56

	Expr  goto 155
	LValue  goto 96
	Call  goto 97
	Receiver  goto 89
	Constant  goto 90


state 120
	Expr : Expr GREATER_EQUAL . Expr  (74)
	Receiver : .  (56)

	NULL  shift 53
	THIS  shift 54
	NEW  shift 60
	VAR  shift 62
	READ_INTEGER  shift 65
	READ_LINE  shift 66
	LITERAL  shift 67
	INSTANCEOF  shift 68
	'-'  shift 69
	'!'  shift 70
	'('  shift 71
	IDENTIFIER  reduce 56

	Expr  goto 156
	LValue  goto 96
	Call  goto 97
	Receiver  goto 89
	Constant  goto 90


state 121
	Expr : Expr EQUAL . Expr  (69)
	Receiver : .  (56)

	NULL  shift 53
	THIS  shift 54
	NEW  shift 60
	VAR  shift 62
	READ_INTEGER  shift 65
	READ_LINE  shift 66
	LITERAL  shift 67
	INSTANCEOF  shift 68
	'-'  shift 69
	'!'  shift 70
	'('  shift 71
	IDENTIFIER  reduce 56

	Expr  goto 157
	LValue  goto 96
	Call  goto 97
	Receiver  goto 89
	Constant  goto 90


state 122
	Expr : Expr NOT_EQUAL . Expr  (70)
	Receiver : .  (56)

	NULL  shift 53
	THIS  shift 54
	NEW  shift 60
	VAR  shift 62
	READ_INTEGER  shift 65
	READ_LINE  shift 66
	LITERAL  shift 67
	INSTANCEOF  shift 68
	'-'  shift 69
	'!'  shift 70
	'('  shift 71
	IDENTIFIER  reduce 56

	Expr  goto 158
	LValue  goto 96
	Call  goto 97
	Receiver  goto 89
	Constant  goto 90


state 123
	Expr : Expr '+' . Expr  (64)
	Receiver : .  (56)

	NULL  shift 53
	THIS  shift 54
	NEW  shift 60
	VAR  shift 62
	READ_INTEGER  shift 65
	READ_LINE  shift 66
	LITERAL  shift 67
	INSTANCEOF  shift 68
	'-'  shift 69
	'!'  shift 70
	'('  shift 71
	IDENTIFIER  reduce 56

	Expr  goto 159
	LValue  goto 96
	Call  goto 97
	Receiver  goto 89
	Constant  goto 90


state 124
	Expr : Expr '-' . Expr  (65)
	Receiver : .  (56)

	NULL  shift 53
	THIS  shift 54
	NEW  shift 60
	VAR  shift 62
	READ_INTEGER  shift 65
	READ_LINE  shift 66
	LITERAL  shift 67
	INSTANCEOF  shift 68
	'-'  shift 69
	'!'  shift 70
	'('  shift 71
	IDENTIFIER  reduce 56

	Expr  goto 160
	LValue  goto 96
	Call  goto 97
	Receiver  goto 89
	Constant  goto 90


state 125
	Expr : Expr '*' . Expr  (66)
	Receiver : .  (56)

	NULL  shift 53
	THIS  shift 54
	NEW  shift 60
	VAR  shift 62
	READ_INTEGER  shift 65
	READ_LINE  shift 66
	LITERAL  shift 67
	INSTANCEOF  shift 68
	'-'  shift 69
	'!'  shift 70
	'('  shift 71
	IDENTIFIER  reduce 56

	Expr  goto 161
	LValue  goto 96
	Call  goto 97
	Receiver  goto 89
	Constant  goto 90


state 126
	Expr : Expr '/' . Expr  (67)
	Receiver : .  (56)

	NULL  shift 53
	THIS  shift 54
	NEW  shift 60
	VAR  shift 62
	READ_INTEGER  shift 65
	READ_LINE  shift 66
	LITERAL  shift 67
	INSTANCEOF  shift 68
	'-'  shift 69
	'!'  shift 70
	'('  shift 71
	IDENTIFIER  reduce 56

	Expr  goto 162
	LValue  goto 96
	Call  goto 97
	Receiver  goto 89
	Constant  goto 90


state 127
	Expr : Expr '%' . Expr  (68)
	Receiver : .  (56)

	NULL  shift 53
	THIS  shift 54
	NEW  shift 60
	VAR  shift 62
	READ_INTEGER  shift 65
	READ_LINE  shift 66
	LITERAL  shift 67
	INSTANCEOF  shift 68
	'-'  shift 69
	'!'  shift 70
	'('  shift 71
	IDENTIFIER  reduce 56

	Expr  goto 163
	LValue  goto 96
	Call  goto 97
	Receiver  goto 89
	Constant  goto 90


state 128
	Expr : Expr '>' . Expr  (72)
	Receiver : .  (56)

	NULL  shift 53
	THIS  shift 54
	NEW  shift 60
	VAR  shift 62
	READ_INTEGER  shift 65
	READ_LINE  shift 66
	LITERAL  shift 67
	INSTANCEOF  shift 68
	'-'  shift 69
	'!'  shift 70
	'('  shift 71
	IDENTIFIER  reduce 56

	Expr  goto 164
	LValue  goto 96
	Call  goto 97
	Receiver  goto 89
	Constant  goto 90


state 129
	Expr : Expr '<' . Expr  (71)
	Receiver : .  (56)

	NULL  shift 53
	THIS  shift 54
	NEW  shift 60
	VAR  shift 62
	READ_INTEGER  shift 65
	READ_LINE  shift 66
	LITERAL  shift 67
	INSTANCEOF  shift 68
	'-'  shift 69
	'!'  shift 70
	'('  shift 71
	IDENTIFIER  reduce 56

	Expr  goto 165
	LValue  goto 96
	Call  goto 97
	Receiver  goto 89
	Constant  goto 90


state 130
	Receiver : Expr '.' .  (55)

	.  reduce 55


state 131
	LValue : Expr '[' . Expr ']'  (59)
	Expr : Expr '[' . Expr ']' DEFAULT Expr  (88)
	Receiver : .  (56)

	NULL  shift 53
	THIS  shift 54
	NEW  shift 60
	VAR  shift 62
	READ_INTEGER  shift 65
	READ_LINE  shift 66
	LITERAL  shift 67
	INSTANCEOF  shift 68
	'-'  shift 69
	'!'  shift 70
	'('  shift 71
	IDENTIFIER  reduce 56

	Expr  goto 166
	LValue  goto 96
	Call  goto 97
	Receiver  goto 89
	Constant  goto 90


state 132
	SimpleStmt : LValue '=' . Expr  (52)
	Receiver : .  (56)

	NULL  shift 53
	THIS  shift 54
	NEW  shift 60
	VAR  shift 62
	READ_INTEGER  shift 65
	READ_LINE  shift 66
	LITERAL  shift 67
	INSTANCEOF  shift 68
	'-'  shift 69
	'!'  shift 70
	'('  shift 71
	IDENTIFIER  reduce 56

	Expr  goto 167
	LValue  goto 96
	Call  goto 97
	Receiver  goto 89
	Constant  goto 90


state 133
	LValue : Receiver IDENTIFIER .  (57)
	Call : Receiver IDENTIFIER . '(' Actuals ')'  (60)

	'('  shift 168
	WHILE  reduce 57
	REPEAT  reduce 57
	AND  reduce 57
	OR  reduce 57
	LESS_EQUAL  reduce 57
	GREATER_EQUAL  reduce 57
	EQUAL  reduce 57
	NOT_EQUAL  reduce 57
	'+'  reduce 57
	'-'  reduce 57
	'*'  reduce 57
	'/'  reduce 57
	'%'  reduce 57
	'='  reduce 57
	'>'  reduce 57
	'<'  reduce 57
	'.'  reduce 57
	','  reduce 57
	';'  reduce 57
	')'  reduce 57
	'['  reduce 57
	']'  reduce 57
	':'  reduce 57


state 134
	Receiver : Expr . '.'  (55)
	LValue : Expr . '[' Expr ']'  (59)
	Expr : Expr . '+' Expr  (64)
	Expr : Expr . '-' Expr  (65)
	Expr : Expr . '*' Expr  (66)
	Expr : Expr . '/' Expr  (67)
	Expr : Expr . '%' Expr  (68)
	Expr : Expr . EQUAL Expr  (69)
	Expr : Expr . NOT_EQUAL Expr  (70)
	Expr : Expr . '<' Expr  (71)
	Expr : Expr . '>' Expr  (72)
	Expr : Expr . LESS_EQUAL Expr  (73)
	Expr : Expr . GREATER_EQUAL Expr  (74)
	Expr : Expr . AND Expr  (75)
	Expr : Expr . OR Expr  (76)
	Expr : Expr . REPEAT Expr  (87)
	Expr : Expr . '[' Expr ']' DEFAULT Expr  (88)
	WhileStmt : WHILE '(' Expr . ')' Stmt  (97)

	REPEAT  shift 116
	AND  shift 117
	OR  shift 118
	LESS_EQUAL  shift 119
	GREATER_EQUAL  shift 120
	EQUAL  shift 121
	NOT_EQUAL  shift 122
	'+'  shift 123
	'-'  shift 124
	'*'  shift 125
	'/'  shift 126
	'%'  shift 127
	'>'  shift 128
	'<'  shift 129
	'.'  shift 130
	')'  shift 169
	'['  shift 131
	.  error


state 135
	ForStmt : FOR '(' SimpleStmt . ';' Expr ';' SimpleStmt ')' Stmt  (98)

	';'  shift 170
	.  error


state 136
	Receiver : Expr . '.'  (55)
	LValue : Expr . '[' Expr ']'  (59)
	Expr : Expr . '+' Expr  (64)
	Expr : Expr . '-' Expr  (65)
	Expr : Expr . '*' Expr  (66)
	Expr : Expr . '/' Expr  (67)
	Expr : Expr . '%' Expr  (68)
	Expr : Expr . EQUAL Expr  (69)
	Expr : Expr . NOT_EQUAL Expr  (70)
	Expr : Expr . '<' Expr  (71)
	Expr : Expr . '>' Expr  (72)
	Expr : Expr . LESS_EQUAL Expr  (73)
	Expr : Expr . GREATER_EQUAL Expr  (74)
	Expr : Expr . AND Expr  (75)
	Expr : Expr . OR Expr  (76)
	Expr : Expr . REPEAT Expr  (87)
	Expr : Expr . '[' Expr ']' DEFAULT Expr  (88)
	IfStmt : IF '(' Expr . ')' Stmt ElseClause  (100)

	REPEAT  shift 116
	AND  shift 117
	OR  shift 118
	LESS_EQUAL  shift 119
	GREATER_EQUAL  shift 120
	EQUAL  shift 121
	NOT_EQUAL  shift 122
	'+'  shift 123
	'-'  shift 124
	'*'  shift 125
	'/'  shift 126
	'%'  shift 127
	'>'  shift 128
	'<'  shift 129
	'.'  shift 130
	')'  shift 171
	'['  shift 131
	.  error


state 137
	GuardedStmt : IF '{' '}' .  (41)

	.  reduce 41


state 138
	GuardedStmt : IF '{' IfBranchStar . IfSubStmt '}'  (40)
	IfBranchStar : IfBranchStar . IfBranch  (47)
	Receiver : .  (56)

	NULL  shift 53
	THIS  shift 54
	NEW  shift 60
	VAR  shift 62
	READ_INTEGER  shift 65
	READ_LINE  shift 66
	LITERAL  shift 67
	INSTANCEOF  shift 68
	'-'  shift 69
	'!'  shift 70
	'('  shift 71
	IDENTIFIER  reduce 56

	IfSubStmt  goto 172
	Expr  goto 173
	IfBranch  goto 174
	LValue  goto 96
	Call  goto 97
	Receiver  goto 89
	Constant  goto 90


state 139
	Expr : NEW IDENTIFIER '(' . ')'  (83)

	')'  shift 175
	.  error


state 140
	Type : Type '[' . ']'  (11)
	Expr : NEW Type '[' . Expr ']'  (84)
	Receiver : .  (56)

	NULL  shift 53
	THIS  shift 54
	NEW  shift 60
	VAR  shift 62
	READ_INTEGER  shift 65
	READ_LINE  shift 66
	LITERAL  shift 67
	INSTANCEOF  shift 68
	'-'  shift 69
	'!'  shift 70
	'('  shift 71
	']'  shift 37
	IDENTIFIER  reduce 56

	Expr  goto 176
	LValue  goto 96
	Call  goto 97
	Receiver  goto 89
	Constant  goto 90


state 141
	OCStmt : SCOPY '(' LValue . ',' Expr ')'  (51)
	Expr : LValue .  (61)

	','  shift 177
	REPEAT  reduce 61
	AND  reduce 61
	OR  reduce 61
	LESS_EQUAL  reduce 61
	GREATER_EQUAL  reduce 61
	EQUAL  reduce 61
	NOT_EQUAL  reduce 61
	'+'  reduce 61
	'-'  reduce 61
	'*'  reduce 61
	'/'  reduce 61
	'%'  reduce 61
	'>'  reduce 61
	'<'  reduce 61
	'.'  reduce 61
	'['  reduce 61


state 142
	BoundVariable : VAR . IDENTIFIER  (43)

	IDENTIFIER  shift 178
	.  error


state 143
	Type : Type . '[' ']'  (11)
	BoundVariable : Type . IDENTIFIER  (44)

	IDENTIFIER  shift 179
	'['  shift 33
	.  error


state 144
	ForeachStmt : FOREACH '(' BoundVariable . IN Expr ForeachIf ')' Stmt  (42)

	IN  shift 180
	.  error


state 145
	Receiver : Expr . '.'  (55)
	LValue : Expr . '[' Expr ']'  (59)
	Expr : Expr . '+' Expr  (64)
	Expr : Expr . '-' Expr  (65)
	Expr : Expr . '*' Expr  (66)
	Expr : Expr . '/' Expr  (67)
	Expr : Expr . '%' Expr  (68)
	Expr : Expr . EQUAL Expr  (69)
	Expr : Expr . NOT_EQUAL Expr  (70)
	Expr : Expr . '<' Expr  (71)
	Expr : Expr . '>' Expr  (72)
	Expr : Expr . LESS_EQUAL Expr  (73)
	Expr : Expr . GREATER_EQUAL Expr  (74)
	Expr : Expr . AND Expr  (75)
	Expr : Expr . OR Expr  (76)
	Expr : Expr . REPEAT Expr  (87)
	Expr : Expr . '[' Expr ']' DEFAULT Expr  (88)
	ExprList : Expr .  (96)

	REPEAT  shift 116
	AND  shift 117
	OR  shift 118
	LESS_EQUAL  shift 119
	GREATER_EQUAL  shift 120
	EQUAL  shift 121
	NOT_EQUAL  shift 122
	'+'  shift 123
	'-'  shift 124
	'*'  shift 125
	'/'  shift 126
	'%'  shift 127
	'>'  shift 128
	'<'  shift 129
	'.'  shift 130
	'['  shift 131
	','  reduce 96
	')'  reduce 96


state 146
	ExprList : ExprList . ',' Expr  (95)
	PrintStmt : PRINT '(' ExprList . ')'  (105)

	','  shift 181
	')'  shift 182
	.  error


state 147
	Expr : READ_INTEGER '(' ')' .  (80)

	.  reduce 80


state 148
	Expr : READ_LINE '(' ')' .  (81)

	.  reduce 81


state 149
	Receiver : Expr . '.'  (55)
	LValue : Expr . '[' Expr ']'  (59)
	Expr : Expr . '+' Expr  (64)
	Expr : Expr . '-' Expr  (65)
	Expr : Expr . '*' Expr  (66)
	Expr : Expr . '/' Expr  (67)
	Expr : Expr . '%' Expr  (68)
	Expr : Expr . EQUAL Expr  (69)
	Expr : Expr . NOT_EQUAL Expr  (70)
	Expr : Expr . '<' Expr  (71)
	Expr : Expr . '>' Expr  (72)
	Expr : Expr . LESS_EQUAL Expr  (73)
	Expr : Expr . GREATER_EQUAL Expr  (74)
	Expr : Expr . AND Expr  (75)
	Expr : Expr . OR Expr  (76)
	Expr : INSTANCEOF '(' Expr . ',' IDENTIFIER ')'  (85)
	Expr : Expr . REPEAT Expr  (87)
	Expr : Expr . '[' Expr ']' DEFAULT Expr  (88)

	REPEAT  shift 116
	AND  shift 117
	OR  shift 118
	LESS_EQUAL  shift 119
	GREATER_EQUAL  shift 120
	EQUAL  shift 121
	NOT_EQUAL  shift 122
	'+'  shift 123
	'-'  shift 124
	'*'  shift 125
	'/'  shift 126
	'%'  shift 127
	'>'  shift 128
	'<'  shift 129
	'.'  shift 130
	','  shift 183
	'['  shift 131
	.  error


state 150
	Expr : '(' CLASS IDENTIFIER . ')' Expr  (86)

	')'  shift 184
	.  error


state 151
	Expr : '(' Expr ')' .  (77)

	.  reduce 77


state 152
	Receiver : Expr . '.'  (55)
	LValue : Expr . '[' Expr ']'  (59)
	Expr : Expr . '+' Expr  (64)
	Expr : Expr . '-' Expr  (65)
	Expr : Expr . '*' Expr  (66)
	Expr : Expr . '/' Expr  (67)
	Expr : Expr . '%' Expr  (68)
	Expr : Expr . EQUAL Expr  (69)
	Expr : Expr . NOT_EQUAL Expr  (70)
	Expr : Expr . '<' Expr  (71)
	Expr : Expr . '>' Expr  (72)
	Expr : Expr . LESS_EQUAL Expr  (73)
	Expr : Expr . GREATER_EQUAL Expr  (74)
	Expr : Expr . AND Expr  (75)
	Expr : Expr . OR Expr  (76)
	Expr : Expr . REPEAT Expr  (87)
	Expr : Expr REPEAT Expr .  (87)
	Expr : Expr . '[' Expr ']' DEFAULT Expr  (88)

	'+'  shift 123
	'-'  shift 124
	'*'  shift 125
	'/'  shift 126
	'%'  shift 127
	'.'  shift 130
	'['  shift 131
	WHILE  reduce 87
	REPEAT  reduce 87
	AND  reduce 87
	OR  reduce 87
	LESS_EQUAL  reduce 87
	GREATER_EQUAL  reduce 87
	EQUAL  reduce 87
	NOT_EQUAL  reduce 87
	'>'  reduce 87
	'<'  reduce 87
	','  reduce 87
	';'  reduce 87
	')'  reduce 87
	']'  reduce 87
	':'  reduce 87


state 153
	Receiver : Expr . '.'  (55)
	LValue : Expr . '[' Expr ']'  (59)
	Expr : Expr . '+' Expr  (64)
	Expr : Expr . '-' Expr  (65)
	Expr : Expr . '*' Expr  (66)
	Expr : Expr . '/' Expr  (67)
	Expr : Expr . '%' Expr  (68)
	Expr : Expr . EQUAL Expr  (69)
	Expr : Expr . NOT_EQUAL Expr  (70)
	Expr : Expr . '<' Expr  (71)
	Expr : Expr . '>' Expr  (72)
	Expr : Expr . LESS_EQUAL Expr  (73)
	Expr : Expr . GREATER_EQUAL Expr  (74)
	Expr : Expr . AND Expr  (75)
	Expr : Expr AND Expr .  (75)
	Expr : Expr . OR Expr  (76)
	Expr : Expr . REPEAT Expr  (87)
	Expr : Expr . '[' Expr ']' DEFAULT Expr  (88)

	REPEAT  shift 116
	LESS_EQUAL  shift 119
	GREATER_EQUAL  shift 120
	EQUAL  shift 121
	NOT_EQUAL  shift 122
	'+'  shift 123
	'-'  shift 124
	'*'  shift 125
	'/'  shift 126
	'%'  shift 127
	'>'  shift 128
	'<'  shift 129
	'.'  shift 130
	'['  shift 131
	WHILE  reduce 75
	AND  reduce 75
	OR  reduce 75
	','  reduce 75
	';'  reduce 75
	')'  reduce 75
	']'  reduce 75
	':'  reduce 75


state 154
	Receiver : Expr . '.'  (55)
	LValue : Expr . '[' Expr ']'  (59)
	Expr : Expr . '+' Expr  (64)
	Expr : Expr . '-' Expr  (65)
	Expr : Expr . '*' Expr  (66)
	Expr : Expr . '/' Expr  (67)
	Expr : Expr . '%' Expr  (68)
	Expr : Expr . EQUAL Expr  (69)
	Expr : Expr . NOT_EQUAL Expr  (70)
	Expr : Expr . '<' Expr  (71)
	Expr : Expr . '>' Expr  (72)
	Expr : Expr . LESS_EQUAL Expr  (73)
	Expr : Expr . GREATER_EQUAL Expr  (74)
	Expr : Expr . AND Expr  (75)
	Expr : Expr . OR Expr  (76)
	Expr : Expr OR Expr .  (76)
	Expr : Expr . REPEAT Expr  (87)
	Expr : Expr . '[' Expr ']' DEFAULT Expr  (88)

	REPEAT  shift 116
	AND  shift 117
	LESS_EQUAL  shift 119
	GREATER_EQUAL  shift 120
	EQUAL  shift 121
	NOT_EQUAL  shift 122
	'+'  shift 123
	'-'  shift 124
	'*'  shift 125
	'/'  shift 126
	'%'  shift 127
	'>'  shift 128
	'<'  shift 129
	'.'  shift 130
	'['  shift 131
	WHILE  reduce 76
	OR  reduce 76
	','  reduce 76
	';'  reduce 76
	')'  reduce 76
	']'  reduce 76
	':'  reduce 76


state 155
	Receiver : Expr . '.'  (55)
	LValue : Expr . '[' Expr ']'  (59)
	Expr : Expr . '+' Expr  (64)
	Expr : Expr . '-' Expr  (65)
	Expr : Expr . '*' Expr  (66)
	Expr : Expr . '/' Expr  (67)
	Expr : Expr . '%' Expr  (68)
	Expr : Expr . EQUAL Expr  (69)
	Expr : Expr . NOT_EQUAL Expr  (70)
	Expr : Expr . '<' Expr  (71)
	Expr : Expr . '>' Expr  (72)
	Expr : Expr . LESS_EQUAL Expr  (73)
	Expr : Expr LESS_EQUAL Expr .  (73)
	Expr : Expr . GREATER_EQUAL Expr  (74)
	Expr : Expr . AND Expr  (75)
	Expr : Expr . OR Expr  (76)
	Expr : Expr . REPEAT Expr  (87)
	Expr : Expr . '[' Expr ']' DEFAULT Expr  (88)

	REPEAT  shift 116
	'+'  shift 123
	'-'  shift 124
	'*'  shift 125
	'/'  shift 126
	'%'  shift 127
	'.'  shift 130
	'['  shift 131
	WHILE  reduce 73
	AND  reduce 73
	OR  reduce 73
	EQUAL  reduce 73
	NOT_EQUAL  reduce 73
	','  reduce 73
	';'  reduce 73
	')'  reduce 73
	']'  reduce 73
	':'  reduce 73


state 156
	Receiver : Expr . '.'  (55)
	LValue : Expr . '[' Expr ']'  (59)
	Expr : Expr . '+' Expr  (64)
	Expr : Expr . '-' Expr  (65)
	Expr : Expr . '*' Expr  (66)
	Expr : Expr . '/' Expr  (67)
	Expr : Expr . '%' Expr  (68)
	Expr : Expr . EQUAL Expr  (69)
	Expr : Expr . NOT_EQUAL Expr  (70)
	Expr : Expr . '<' Expr  (71)
	Expr : Expr . '>' Expr  (72)
	Expr : Expr . LESS_EQUAL Expr  (73)
	Expr : Expr . GREATER_EQUAL Expr  (74)
	Expr : Expr GREATER_EQUAL Expr .  (74)
	Expr : Expr . AND Expr  (75)
	Expr : Expr . OR Expr  (76)
	Expr : Expr . REPEAT Expr  (87)
	Expr : Expr . '[' Expr ']' DEFAULT Expr  (88)

	REPEAT  shift 116
	'+'  shift 123
	'-'  shift 124
	'*'  shift 125
	'/'  shift 126
	'%'  shift 127
	'.'  shift 130
	'['  shift 131
	WHILE  reduce 74
	AND  reduce 74
	OR  reduce 74
	EQUAL  reduce 74
	NOT_EQUAL  reduce 74
	','  reduce 74
	';'  reduce 74
	')'  reduce 74
	']'  reduce 74
	':'  reduce 74


state 157
	Receiver : Expr . '.'  (55)
	LValue : Expr . '[' Expr ']'  (59)
	Expr : Expr . '+' Expr  (64)
	Expr : Expr . '-' Expr  (65)
	Expr : Expr . '*' Expr  (66)
	Expr : Expr . '/' Expr  (67)
	Expr : Expr . '%' Expr  (68)
	Expr : Expr . EQUAL Expr  (69)
	Expr : Expr EQUAL Expr .  (69)
	Expr : Expr . NOT_EQUAL Expr  (70)
	Expr : Expr . '<' Expr  (71)
	Expr : Expr . '>' Expr  (72)
	Expr : Expr . LESS_EQUAL Expr  (73)
	Expr : Expr . GREATER_EQUAL Expr  (74)
	Expr : Expr . AND Expr  (75)
	Expr : Expr . OR Expr  (76)
	Expr : Expr . REPEAT Expr  (87)
	Expr : Expr . '[' Expr ']' DEFAULT Expr  (88)

	REPEAT  shift 116
	LESS_EQUAL  shift 119
	GREATER_EQUAL  shift 120
	'+'  shift 123
	'-'  shift 124
	'*'  shift 125
	'/'  shift 126
	'%'  shift 127
	'>'  shift 128
	'<'  shift 129
	'.'  shift 130
	'['  shift 131
	WHILE  reduce 69
	AND  reduce 69
	OR  reduce 69
	','  reduce 69
	';'  reduce 69
	')'  reduce 69
	']'  reduce 69
	':'  reduce 69


state 158
	Receiver : Expr . '.'  (55)
	LValue : Expr . '[' Expr ']'  (59)
	Expr : Expr . '+' Expr  (64)
	Expr : Expr . '-' Expr  (65)
	Expr : Expr . '*' Expr  (66)
	Expr : Expr . '/' Expr  (67)
	Expr : Expr . '%' Expr  (68)
	Expr : Expr . EQUAL Expr  (69)
	Expr : Expr . NOT_EQUAL Expr  (70)
	Expr : Expr NOT_EQUAL Expr .  (70)
	Expr : Expr . '<' Expr  (71)
	Expr : Expr . '>' Expr  (72)
	Expr : Expr . LESS_EQUAL Expr  (73)
	Expr : Expr . GREATER_EQUAL Expr  (74)
	Expr : Expr . AND Expr  (75)
	Expr : Expr . OR Expr  (76)
	Expr : Expr . REPEAT Expr  (87)
	Expr : Expr . '[' Expr ']' DEFAULT Expr  (88)

	REPEAT  shift 116
	LESS_EQUAL  shift 119
	GREATER_EQUAL  shift 120
	'+'  shift 123
	'-'  shift 124
	'*'  shift 125
	'/'  shift 126
	'%'  shift 127
	'>'  shift 128
	'<'  shift 129
	'.'  shift 130
	'['  shift 131
	WHILE  reduce 70
	AND  reduce 70
	OR  reduce 70
	','  reduce 70
	';'  reduce 70
	')'  reduce 70
	']'  reduce 70
	':'  reduce 70


state 159
	Receiver : Expr . '.'  (55)
	LValue : Expr . '[' Expr ']'  (59)
	Expr : Expr . '+' Expr  (64)
	Expr : Expr '+' Expr .  (64)
	Expr : Expr . '-' Expr  (65)
	Expr : Expr . '*' Expr  (66)
	Expr : Expr . '/' Expr  (67)
	Expr : Expr . '%' Expr  (68)
	Expr : Expr . EQUAL Expr  (69)
	Expr : Expr . NOT_EQUAL Expr  (70)
	Expr : Expr . '<' Expr  (71)
	Expr : Expr . '>' Expr  (72)
	Expr : Expr . LESS_EQUAL Expr  (73)
	Expr : Expr . GREATER_EQUAL Expr  (74)
	Expr : Expr . AND Expr  (75)
	Expr : Expr . OR Expr  (76)
	Expr : Expr . REPEAT Expr  (87)
	Expr : Expr . '[' Expr ']' DEFAULT Expr  (88)

	'*'  shift 125
	'/'  shift 126
	'%'  shift 127
	'.'  shift 130
	'['  shift 131
	WHILE  reduce 64
	REPEAT  reduce 64
	AND  reduce 64
	OR  reduce 64
	LESS_EQUAL  reduce 64
	GREATER_EQUAL  reduce 64
	EQUAL  reduce 64
	NOT_EQUAL  reduce 64
	'+'  reduce 64
	'-'  reduce 64
	'>'  reduce 64
	'<'  reduce 64
	','  reduce 64
	';'  reduce 64
	')'  reduce 64
	']'  reduce 64
	':'  reduce 64


state 160
	Receiver : Expr . '.'  (55)
	LValue : Expr . '[' Expr ']'  (59)
	Expr : Expr . '+' Expr  (64)
	Expr : Expr . '-' Expr  (65)
	Expr : Expr '-' Expr .  (65)
	Expr : Expr . '*' Expr  (66)
	Expr : Expr . '/' Expr  (67)
	Expr : Expr . '%' Expr  (68)
	Expr : Expr . EQUAL Expr  (69)
	Expr : Expr . NOT_EQUAL Expr  (70)
	Expr : Expr . '<' Expr  (71)
	Expr : Expr . '>' Expr  (72)
	Expr : Expr . LESS_EQUAL Expr  (73)
	Expr : Expr . GREATER_EQUAL Expr  (74)
	Expr : Expr . AND Expr  (75)
	Expr : Expr . OR Expr  (76)
	Expr : Expr . REPEAT Expr  (87)
	Expr : Expr . '[' Expr ']' DEFAULT Expr  (88)

	'*'  shift 125
	'/'  shift 126
	'%'  shift 127
	'.'  shift 130
	'['  shift 131
	WHILE  reduce 65
	REPEAT  reduce 65
	AND  reduce 65
	OR  reduce 65
	LESS_EQUAL  reduce 65
	GREATER_EQUAL  reduce 65
	EQUAL  reduce 65
	NOT_EQUAL  reduce 65
	'+'  reduce 65
	'-'  reduce 65
	'>'  reduce 65
	'<'  reduce 65
	','  reduce 65
	';'  reduce 65
	')'  reduce 65
	']'  reduce 65
	':'  reduce 65


state 161
	Receiver : Expr . '.'  (55)
	LValue : Expr . '[' Expr ']'  (59)
	Expr : Expr . '+' Expr  (64)
	Expr : Expr . '-' Expr  (65)
	Expr : Expr . '*' Expr  (66)
	Expr : Expr '*' Expr .  (66)
	Expr : Expr . '/' Expr  (67)
	Expr : Expr . '%' Expr  (68)
	Expr : Expr . EQUAL Expr  (69)
	Expr : Expr . NOT_EQUAL Expr  (70)
	Expr : Expr . '<' Expr  (71)
	Expr : Expr . '>' Expr  (72)
	Expr : Expr . LESS_EQUAL Expr  (73)
	Expr : Expr . GREATER_EQUAL Expr  (74)
	Expr : Expr . AND Expr  (75)
	Expr : Expr . OR Expr  (76)
	Expr : Expr . REPEAT Expr  (87)
	Expr : Expr . '[' Expr ']' DEFAULT Expr  (88)

	'.'  shift 130
	'['  shift 131
	WHILE  reduce 66
	REPEAT  reduce 66
	AND  reduce 66
	OR  reduce 66
	LESS_EQUAL  reduce 66
	GREATER_EQUAL  reduce 66
	EQUAL  reduce 66
	NOT_EQUAL  reduce 66
	'+'  reduce 66
	'-'  reduce 66
	'*'  reduce 66
	'/'  reduce 66
	'%'  reduce 66
	'>'  reduce 66
	'<'  reduce 66
	','  reduce 66
	';'  reduce 66
	')'  reduce 66
	']'  reduce 66
	':'  reduce 66


state 162
	Receiver : Expr . '.'  (55)
	LValue : Expr . '[' Expr ']'  (59)
	Expr : Expr . '+' Expr  (64)
	Expr : Expr . '-' Expr  (65)
	Expr : Expr . '*' Expr  (66)
	Expr : Expr . '/' Expr  (67)
	Expr : Expr '/' Expr .  (67)
	Expr : Expr . '%' Expr  (68)
	Expr : Expr . EQUAL Expr  (69)
	Expr : Expr . NOT_EQUAL Expr  (70)
	Expr : Expr . '<' Expr  (71)
	Expr : Expr . '>' Expr  (72)
	Expr : Expr . LESS_EQUAL Expr  (73)
	Expr : Expr . GREATER_EQUAL Expr  (74)
	Expr : Expr . AND Expr  (75)
	Expr : Expr . OR Expr  (76)
	Expr : Expr . REPEAT Expr  (87)
	Expr : Expr . '[' Expr ']' DEFAULT Expr  (88)

	'.'  shift 130
	'['  shift 131
	WHILE  reduce 67
	REPEAT  reduce 67
	AND  reduce 67
	OR  reduce 67
	LESS_EQUAL  reduce 67
	GREATER_EQUAL  reduce 67
	EQUAL  reduce 67
	NOT_EQUAL  reduce 67
	'+'  reduce 67
	'-'  reduce 67
	'*'  reduce 67
	'/'  reduce 67
	'%'  reduce 67
	'>'  reduce 67
	'<'  reduce 67
	','  reduce 67
	';'  reduce 67
	')'  reduce 67
	']'  reduce 67
	':'  reduce 67


state 163
	Receiver : Expr . '.'  (55)
	LValue : Expr . '[' Expr ']'  (59)
	Expr : Expr . '+' Expr  (64)
	Expr : Expr . '-' Expr  (65)
	Expr : Expr . '*' Expr  (66)
	Expr : Expr . '/' Expr  (67)
	Expr : Expr . '%' Expr  (68)
	Expr : Expr '%' Expr .  (68)
	Expr : Expr . EQUAL Expr  (69)
	Expr : Expr . NOT_EQUAL Expr  (70)
	Expr : Expr . '<' Expr  (71)
	Expr : Expr . '>' Expr  (72)
	Expr : Expr . LESS_EQUAL Expr  (73)
	Expr : Expr . GREATER_EQUAL Expr  (74)
	Expr : Expr . AND Expr  (75)
	Expr : Expr . OR Expr  (76)
	Expr : Expr . REPEAT Expr  (87)
	Expr : Expr . '[' Expr ']' DEFAULT Expr  (88)

	'.'  shift 130
	'['  shift 131
	WHILE  reduce 68
	REPEAT  reduce 68
	AND  reduce 68
	OR  reduce 68
	LESS_EQUAL  reduce 68
	GREATER_EQUAL  reduce 68
	EQUAL  reduce 68
	NOT_EQUAL  reduce 68
	'+'  reduce 68
	'-'  reduce 68
	'*'  reduce 68
	'/'  reduce 68
	'%'  reduce 68
	'>'  reduce 68
	'<'  reduce 68
	','  reduce 68
	';'  reduce 68
	')'  reduce 68
	']'  reduce 68
	':'  reduce 68


state 164
	Receiver : Expr . '.'  (55)
	LValue : Expr . '[' Expr ']'  (59)
	Expr : Expr . '+' Expr  (64)
	Expr : Expr . '-' Expr  (65)
	Expr : Expr . '*' Expr  (66)
	Expr : Expr . '/' Expr  (67)
	Expr : Expr . '%' Expr  (68)
	Expr : Expr . EQUAL Expr  (69)
	Expr : Expr . NOT_EQUAL Expr  (70)
	Expr : Expr . '<' Expr  (71)
	Expr : Expr . '>' Expr  (72)
	Expr : Expr '>' Expr .  (72)
	Expr : Expr . LESS_EQUAL Expr  (73)
	Expr : Expr . GREATER_EQUAL Expr  (74)
	Expr : Expr . AND Expr  (75)
	Expr : Expr . OR Expr  (76)
	Expr : Expr . REPEAT Expr  (87)
	Expr : Expr . '[' Expr ']' DEFAULT Expr  (88)

	REPEAT  shift 116
	'+'  shift 123
	'-'  shift 124
	'*'  shift 125
	'/'  shift 126
	'%'  shift 127
	'.'  shift 130
	'['  shift 131
	WHILE  reduce 72
	AND  reduce 72
	OR  reduce 72
	EQUAL  reduce 72
	NOT_EQUAL  reduce 72
	','  reduce 72
	';'  reduce 72
	')'  reduce 72
	']'  reduce 72
	':'  reduce 72


state 165
	Receiver : Expr . '.'  (55)
	LValue : Expr . '[' Expr ']'  (59)
	Expr : Expr . '+' Expr  (64)
	Expr : Expr . '-' Expr  (65)
	Expr : Expr . '*' Expr  (66)
	Expr : Expr . '/' Expr  (67)
	Expr : Expr . '%' Expr  (68)
	Expr : Expr . EQUAL Expr  (69)
	Expr : Expr . NOT_EQUAL Expr  (70)
	Expr : Expr . '<' Expr  (71)
	Expr : Expr '<' Expr .  (71)
	Expr : Expr . '>' Expr  (72)
	Expr : Expr . LESS_EQUAL Expr  (73)
	Expr : Expr . GREATER_EQUAL Expr  (74)
	Expr : Expr . AND Expr  (75)
	Expr : Expr . OR Expr  (76)
	Expr : Expr . REPEAT Expr  (87)
	Expr : Expr . '[' Expr ']' DEFAULT Expr  (88)

	REPEAT  shift 116
	'+'  shift 123
	'-'  shift 124
	'*'  shift 125
	'/'  shift 126
	'%'  shift 127
	'.'  shift 130
	'['  shift 131
	WHILE  reduce 71
	AND  reduce 71
	OR  reduce 71
	EQUAL  reduce 71
	NOT_EQUAL  reduce 71
	','  reduce 71
	';'  reduce 71
	')'  reduce 71
	']'  reduce 71
	':'  reduce 71


state 166
	Receiver : Expr . '.'  (55)
	LValue : Expr . '[' Expr ']'  (59)
	LValue : Expr '[' Expr . ']'  (59)
	Expr : Expr . '+' Expr  (64)
	Expr : Expr . '-' Expr  (65)
	Expr : Expr . '*' Expr  (66)
	Expr : Expr . '/' Expr  (67)
	Expr : Expr . '%' Expr  (68)
	Expr : Expr . EQUAL Expr  (69)
	Expr : Expr . NOT_EQUAL Expr  (70)
	Expr : Expr . '<' Expr  (71)
	Expr : Expr . '>' Expr  (72)
	Expr : Expr . LESS_EQUAL Expr  (73)
	Expr : Expr . GREATER_EQUAL Expr  (74)
	Expr : Expr . AND Expr  (75)
	Expr : Expr . OR Expr  (76)
	Expr : Expr . REPEAT Expr  (87)
	Expr : Expr . '[' Expr ']' DEFAULT Expr  (88)
	Expr : Expr '[' Expr . ']' DEFAULT Expr  (88)

	REPEAT  shift 116
	AND  shift 117
	OR  shift 118
	LESS_EQUAL  shift 119
	GREATER_EQUAL  shift 120
	EQUAL  shift 121
	NOT_EQUAL  shift 122
	'+'  shift 123
	'-'  shift 124
	'*'  shift 125
	'/'  shift 126
	'%'  shift 127
	'>'  shift 128
	'<'  shift 129
	'.'  shift 130
	'['  shift 131
	']'  shift 185
	.  error


state 167
	SimpleStmt : LValue '=' Expr .  (52)
	Receiver : Expr . '.'  (55)
	LValue : Expr . '[' Expr ']'  (59)
	Expr : Expr . '+' Expr  (64)
	Expr : Expr . '-' Expr  (65)
	Expr : Expr . '*' Expr  (66)
	Expr : Expr . '/' Expr  (67)
	Expr : Expr . '%' Expr  (68)
	Expr : Expr . EQUAL Expr  (69)
	Expr : Expr . NOT_EQUAL Expr  (70)
	Expr : Expr . '<' Expr  (71)
	Expr : Expr . '>' Expr  (72)
	Expr : Expr . LESS_EQUAL Expr  (73)
	Expr : Expr . GREATER_EQUAL Expr  (74)
	Expr : Expr . AND Expr  (75)
	Expr : Expr . OR Expr  (76)
	Expr : Expr . REPEAT Expr  (87)
	Expr : Expr . '[' Expr ']' DEFAULT Expr  (88)

	REPEAT  shift 116
	AND  shift 117
	OR  shift 118
	LESS_EQUAL  shift 119
	GREATER_EQUAL  shift 120
	EQUAL  shift 121
	NOT_EQUAL  shift 122
	'+'  shift 123
	'-'  shift 124
	'*'  shift 125
	'/'  shift 126
	'%'  shift 127
	'>'  shift 128
	'<'  shift 129
	'.'  shift 130
	'['  shift 131
	';'  reduce 52
	')'  reduce 52


state 168
	Call : Receiver IDENTIFIER '(' . Actuals ')'  (60)
	Receiver : .  (56)
	Actuals : .  (94)

	NULL  shift 53
	THIS  shift 54
	NEW  shift 60
	VAR  shift 62
	READ_INTEGER  shift 65
	READ_LINE  shift 66
	LITERAL  shift 67
	INSTANCEOF  shift 68
	'-'  shift 69
	'!'  shift 70
	'('  shift 71
	IDENTIFIER  reduce 56
	')'  reduce 94

	Expr  goto 145
	LValue  goto 96
	Call  goto 97
	Receiver  goto 89
	Actuals  goto 186
	Constant  goto 90
	ExprList  goto 187


state 169
	WhileStmt : WHILE '(' Expr ')' . Stmt  (97)
	SimpleStmt : .  (54)
	Receiver : .  (56)

	VOID  shift 17
	BOOL  shift 18
	INT  shift 19
	STRING  shift 20
	CLASS  shift 21
	NULL  shift 53
	THIS  shift 54
	WHILE  shift 55
	FOR  shift 56
	IF  shift 57
	RETURN  shift 58
	BREAK  shift 59
	NEW  shift 60
	SCOPY  shift 61
	VAR  shift 62
	FOREACH  shift 63
	PRINT  shift 64
	READ_INTEGER  shift 65
	READ_LINE  shift 66
	LITERAL  shift 67
	INSTANCEOF  shift 68
	'-'  shift 69
	'!'  shift 70
	'('  shift 71
	'{'  shift 48
	IDENTIFIER  reduce 56
	';'  reduce 54

	VariableDef  goto 73
	Variable  goto 25
	Type  goto 40
	StmtBlock  goto 74
	Stmt  goto 188
	SimpleStmt  goto 76
	IfStmt  goto 77
	WhileStmt  goto 78
	ForStmt  goto 79
	ReturnStmt  goto 80
	PrintStmt  goto 81
	BreakStmt  goto 82
	OCStmt  goto 83
	GuardedStmt  goto 84
	ForeachStmt  goto 85
	Expr  goto 86
	LValue  goto 87
	Call  goto 88
	Receiver  goto 89
	Constant  goto 90


state 170
	ForStmt : FOR '(' SimpleStmt ';' . Expr ';' SimpleStmt ')' Stmt  (98)
	Receiver : .  (56)

	NULL  shift 53
	THIS  shift 54
	NEW  shift 60
	VAR  shift 62
	READ_INTEGER  shift 65
	READ_LINE  shift 66
	LITERAL  shift 67
	INSTANCEOF  shift 68
	'-'  shift 69
	'!'  shift 70
	'('  shift 71
	IDENTIFIER  reduce 56

	Expr  goto 189
	LValue  goto 96
	Call  goto 97
	Receiver  goto 89
	Constant  goto 90


state 171
	IfStmt : IF '(' Expr ')' . Stmt ElseClause  (100)
	SimpleStmt : .  (54)
	Receiver : .  (56)

	VOID  shift 17
	BOOL  shift 18
	INT  shift 19
	STRING  shift 20
	CLASS  shift 21
	NULL  shift 53
	THIS  shift 54
	WHILE  shift 55
	FOR  shift 56
	IF  shift 57
	RETURN  shift 58
	BREAK  shift 59
	NEW  shift 60
	SCOPY  shift 61
	VAR  shift 62
	FOREACH  shift 63
	PRINT  shift 64
	READ_INTEGER  shift 65
	READ_LINE  shift 66
	LITERAL  shift 67
	INSTANCEOF  shift 68
	'-'  shift 69
	'!'  shift 70
	'('  shift 71
	'{'  shift 48
	IDENTIFIER  reduce 56
	';'  reduce 54

	VariableDef  goto 73
	Variable  goto 25
	Type  goto 40
	StmtBlock  goto 74
	Stmt  goto 190
	SimpleStmt  goto 76
	IfStmt  goto 77
	WhileStmt  goto 78
	ForStmt  goto 79
	ReturnStmt  goto 80
	PrintStmt  goto 81
	BreakStmt  goto 82
	OCStmt  goto 83
	GuardedStmt  goto 84
	ForeachStmt  goto 85
	Expr  goto 86
	LValue  goto 87
	Call  goto 88
	Receiver  goto 89
	Constant  goto 90


state 172
	GuardedStmt : IF '{' IfBranchStar IfSubStmt . '}'  (40)
	IfBranch : IfSubStmt . TRIPIPE  (49)

	TRIPIPE  shift 191
	'}'  shift 192
	.  error


state 173
	IfSubStmt : Expr . ':' Stmt  (50)
	Receiver : Expr . '.'  (55)
	LValue : Expr . '[' Expr ']'  (59)
	Expr : Expr . '+' Expr  (64)
	Expr : Expr . '-' Expr  (65)
	Expr : Expr . '*' Expr  (66)
	Expr : Expr . '/' Expr  (67)
	Expr : Expr . '%' Expr  (68)
	Expr : Expr . EQUAL Expr  (69)
	Expr : Expr . NOT_EQUAL Expr  (70)
	Expr : Expr . '<' Expr  (71)
	Expr : Expr . '>' Expr  (72)
	Expr : Expr . LESS_EQUAL Expr  (73)
	Expr : Expr . GREATER_EQUAL Expr  (74)
	Expr : Expr . AND Expr  (75)
	Expr : Expr . OR Expr  (76)
	Expr : Expr . REPEAT Expr  (87)
	Expr : Expr . '[' Expr ']' DEFAULT Expr  (88)

	REPEAT  shift 116
	AND  shift 117
	OR  shift 118
	LESS_EQUAL  shift 119
	GREATER_EQUAL  shift 120
	EQUAL  shift 121
	NOT_EQUAL  shift 122
	'+'  shift 123
	'-'  shift 124
	'*'  shift 125
	'/'  shift 126
	'%'  shift 127
	'>'  shift 128
	'<'  shift 129
	'.'  shift 130
	'['  shift 131
	':'  shift 193
	.  error


state 174
	IfBranchStar : IfBranchStar IfBranch .  (47)

	.  reduce 47


state 175
	Expr : NEW IDENTIFIER '(' ')' .  (83)

	.  reduce 83


state 176
	Receiver : Expr . '.'  (55)
	LValue : Expr . '[' Expr ']'  (59)
	Expr : Expr . '+' Expr  (64)
	Expr : Expr . '-' Expr  (65)
	Expr : Expr . '*' Expr  (66)
	Expr : Expr . '/' Expr  (67)
	Expr : Expr . '%' Expr  (68)
	Expr : Expr . EQUAL Expr  (69)
	Expr : Expr . NOT_EQUAL Expr  (70)
	Expr : Expr . '<' Expr  (71)
	Expr : Expr . '>' Expr  (72)
	Expr : Expr . LESS_EQUAL Expr  (73)
	Expr : Expr . GREATER_EQUAL Expr  (74)
	Expr : Expr . AND Expr  (75)
	Expr : Expr . OR Expr  (76)
	Expr : NEW Type '[' Expr . ']'  (84)
	Expr : Expr . REPEAT Expr  (87)
	Expr : Expr . '[' Expr ']' DEFAULT Expr  (88)

	REPEAT  shift 116
	AND  shift 117
	OR  shift 118
	LESS_EQUAL  shift 119
	GREATER_EQUAL  shift 120
	EQUAL  shift 121
	NOT_EQUAL  shift 122
	'+'  shift 123
	'-'  shift 124
	'*'  shift 125
	'/'  shift 126
	'%'  shift 127
	'>'  shift 128
	'<'  shift 129
	'.'  shift 130
	'['  shift 131
	']'  shift 194
	.  error


state 177
	OCStmt : SCOPY '(' LValue ',' . Expr ')'  (51)
	Receiver : .  (56)

	NULL  shift 53
	THIS  shift 54
	NEW  shift 60
	VAR  shift 62
	READ_INTEGER  shift 65
	READ_LINE  shift 66
	LITERAL  shift 67
	INSTANCEOF  shift 68
	'-'  shift 69
	'!'  shift 70
	'('  shift 71
	IDENTIFIER  reduce 56

	Expr  goto 195
	LValue  goto 96
	Call  goto 97
	Receiver  goto 89
	Constant  goto 90


state 178
	BoundVariable : VAR IDENTIFIER .  (43)

	.  reduce 43


state 179
	BoundVariable : Type IDENTIFIER .  (44)

	.  reduce 44


state 180
	ForeachStmt : FOREACH '(' BoundVariable IN . Expr ForeachIf ')' Stmt  (42)
	Receiver : .  (56)

	NULL  shift 53
	THIS  shift 54
	NEW  shift 60
	VAR  shift 62
	READ_INTEGER  shift 65
	READ_LINE  shift 66
	LITERAL  shift 67
	INSTANCEOF  shift 68
	'-'  shift 69
	'!'  shift 70
	'('  shift 71
	IDENTIFIER  reduce 56

	Expr  goto 196
	LValue  goto 96
	Call  goto 97
	Receiver  goto 89
	Constant  goto 90


state 181
	ExprList : ExprList ',' . Expr  (95)
	Receiver : .  (56)

	NULL  shift 53
	THIS  shift 54
	NEW  shift 60
	VAR  shift 62
	READ_INTEGER  shift 65
	READ_LINE  shift 66
	LITERAL  shift 67
	INSTANCEOF  shift 68
	'-'  shift 69
	'!'  shift 70
	'('  shift 71
	IDENTIFIER  reduce 56

	Expr  goto 197
	LValue  goto 96
	Call  goto 97
	Receiver  goto 89
	Constant  goto 90


state 182
	PrintStmt : PRINT '(' ExprList ')' .  (105)

	.  reduce 105


state 183
	Expr : INSTANCEOF '(' Expr ',' . IDENTIFIER ')'  (85)

	IDENTIFIER  shift 198
	.  error


state 184
	Expr : '(' CLASS IDENTIFIER ')' . Expr  (86)
	Receiver : .  (56)

	NULL  shift 53
	THIS  shift 54
	NEW  shift 60
	VAR  shift 62
	READ_INTEGER  shift 65
	READ_LINE  shift 66
	LITERAL  shift 67
	INSTANCEOF  shift 68
	'-'  shift 69
	'!'  shift 70
	'('  shift 71
	IDENTIFIER  reduce 56

	Expr  goto 199
	LValue  goto 96
	Call  goto 97
	Receiver  goto 89
	Constant  goto 90


state 185
	LValue : Expr '[' Expr ']' .  (59)
	Expr : Expr '[' Expr ']' . DEFAULT Expr  (88)

	DEFAULT  shift 200
	WHILE  reduce 59
	REPEAT  reduce 59
	AND  reduce 59
	OR  reduce 59
	LESS_EQUAL  reduce 59
	GREATER_EQUAL  reduce 59
	EQUAL  reduce 59
	NOT_EQUAL  reduce 59
	'+'  reduce 59
	'-'  reduce 59
	'*'  reduce 59
	'/'  reduce 59
	'%'  reduce 59
	'='  reduce 59
	'>'  reduce 59
	'<'  reduce 59
	'.'  reduce 59
	','  reduce 59
	';'  reduce 59
	')'  reduce 59
	'['  reduce 59
	']'  reduce 59
	':'  reduce 59


state 186
	Call : Receiver IDENTIFIER '(' Actuals . ')'  (60)

	')'  shift 201
	.  error


state 187
	Actuals : ExprList .  (93)
	ExprList : ExprList . ',' Expr  (95)

	','  shift 181
	')'  reduce 93


state 188
	WhileStmt : WHILE '(' Expr ')' Stmt .  (97)

	.  reduce 97


state 189
	Receiver : Expr . '.'  (55)
	LValue : Expr . '[' Expr ']'  (59)
	Expr : Expr . '+' Expr  (64)
	Expr : Expr . '-' Expr  (65)
	Expr : Expr . '*' Expr  (66)
	Expr : Expr . '/' Expr  (67)
	Expr : Expr . '%' Expr  (68)
	Expr : Expr . EQUAL Expr  (69)
	Expr : Expr . NOT_EQUAL Expr  (70)
	Expr : Expr . '<' Expr  (71)
	Expr : Expr . '>' Expr  (72)
	Expr : Expr . LESS_EQUAL Expr  (73)
	Expr : Expr . GREATER_EQUAL Expr  (74)
	Expr : Expr . AND Expr  (75)
	Expr : Expr . OR Expr  (76)
	Expr : Expr . REPEAT Expr  (87)
	Expr : Expr . '[' Expr ']' DEFAULT Expr  (88)
	ForStmt : FOR '(' SimpleStmt ';' Expr . ';' SimpleStmt ')' Stmt  (98)

	REPEAT  shift 116
	AND  shift 117
	OR  shift 118
	LESS_EQUAL  shift 119
	GREATER_EQUAL  shift 120
	EQUAL  shift 121
	NOT_EQUAL  shift 122
	'+'  shift 123
	'-'  shift 124
	'*'  shift 125
	'/'  shift 126
	'%'  shift 127
	'>'  shift 128
	'<'  shift 129
	'.'  shift 130
	';'  shift 202
	'['  shift 131
	.  error


state 190
	IfStmt : IF '(' Expr ')' Stmt . ElseClause  (100)
	ElseClause : .  (102)

	ELSE  shift 203
	VOID  reduce 102
	BOOL  reduce 102
	INT  reduce 102
	STRING  reduce 102
	CLASS  reduce 102
	NULL  reduce 102
	THIS  reduce 102
	WHILE  reduce 102
	FOR  reduce 102
	IF  reduce 102
	RETURN  reduce 102
	BREAK  reduce 102
	NEW  reduce 102
	SCOPY  reduce 102
	TRIPIPE  reduce 102
	VAR  reduce 102
	FOREACH  reduce 102
	PRINT  reduce 102
	READ_INTEGER  reduce 102
	READ_LINE  reduce 102
	LITERAL  reduce 102
	IDENTIFIER  reduce 102
	INSTANCEOF  reduce 102
	'-'  reduce 102
	';'  reduce 102
	'!'  reduce 102
	'('  reduce 102
	'{'  reduce 102
	'}'  reduce 102

	ElseClause  goto 204


state 191
	IfBranch : IfSubStmt TRIPIPE .  (49)

	.  reduce 49


state 192
	GuardedStmt : IF '{' IfBranchStar IfSubStmt '}' .  (40)

	.  reduce 40


state 193
	IfSubStmt : Expr ':' . Stmt  (50)
	SimpleStmt : .  (54)
	Receiver : .  (56)

	VOID  shift 17
	BOOL  shift 18
	INT  shift 19
	STRING  shift 20
	CLASS  shift 21
	NULL  shift 53
	THIS  shift 54
	WHILE  shift 55
	FOR  shift 56
	IF  shift 57
	RETURN  shift 58
	BREAK  shift 59
	NEW  shift 60
	SCOPY  shift 61
	VAR  shift 62
	FOREACH  shift 63
	PRINT  shift 64
	READ_INTEGER  shift 65
	READ_LINE  shift 66
	LITERAL  shift 67
	INSTANCEOF  shift 68
	'-'  shift 69
	'!'  shift 70
	'('  shift 71
	'{'  shift 48
	IDENTIFIER  reduce 56
	';'  reduce 54

	VariableDef  goto 73
	Variable  goto 25
	Type  goto 40
	StmtBlock  goto 74
	Stmt  goto 205
	SimpleStmt  goto 76
	IfStmt  goto 77
	WhileStmt  goto 78
	ForStmt  goto 79
	ReturnStmt  goto 80
	PrintStmt  goto 81
	BreakStmt  goto 82
	OCStmt  goto 83
	GuardedStmt  goto 84
	ForeachStmt  goto 85
	Expr  goto 86
	LValue  goto 87
	Call  goto 88
	Receiver  goto 89
	Constant  goto 90


state 194
	Expr : NEW Type '[' Expr ']' .  (84)

	.  reduce 84


state 195
	OCStmt : SCOPY '(' LValue ',' Expr . ')'  (51)
	Receiver : Expr . '.'  (55)
	LValue : Expr . '[' Expr ']'  (59)
	Expr : Expr . '+' Expr  (64)
	Expr : Expr . '-' Expr  (65)
	Expr : Expr . '*' Expr  (66)
	Expr : Expr . '/' Expr  (67)
	Expr : Expr . '%' Expr  (68)
	Expr : Expr . EQUAL Expr  (69)
	Expr : Expr . NOT_EQUAL Expr  (70)
	Expr : Expr . '<' Expr  (71)
	Expr : Expr . '>' Expr  (72)
	Expr : Expr . LESS_EQUAL Expr  (73)
	Expr : Expr . GREATER_EQUAL Expr  (74)
	Expr : Expr . AND Expr  (75)
	Expr : Expr . OR Expr  (76)
	Expr : Expr . REPEAT Expr  (87)
	Expr : Expr . '[' Expr ']' DEFAULT Expr  (88)

	REPEAT  shift 116
	AND  shift 117
	OR  shift 118
	LESS_EQUAL  shift 119
	GREATER_EQUAL  shift 120
	EQUAL  shift 121
	NOT_EQUAL  shift 122
	'+'  shift 123
	'-'  shift 124
	'*'  shift 125
	'/'  shift 126
	'%'  shift 127
	'>'  shift 128
	'<'  shift 129
	'.'  shift 130
	')'  shift 206
	'['  shift 131
	.  error


state 196
	ForeachStmt : FOREACH '(' BoundVariable IN Expr . ForeachIf ')' Stmt  (42)
	Receiver : Expr . '.'  (55)
	LValue : Expr . '[' Expr ']'  (59)
	Expr : Expr . '+' Expr  (64)
	Expr : Expr . '-' Expr  (65)
	Expr : Expr . '*' Expr  (66)
	Expr : Expr . '/' Expr  (67)
	Expr : Expr . '%' Expr  (68)
	Expr : Expr . EQUAL Expr  (69)
	Expr : Expr . NOT_EQUAL Expr  (70)
	Expr : Expr . '<' Expr  (71)
	Expr : Expr . '>' Expr  (72)
	Expr : Expr . LESS_EQUAL Expr  (73)
	Expr : Expr . GREATER_EQUAL Expr  (74)
	Expr : Expr . AND Expr  (75)
	Expr : Expr . OR Expr  (76)
	Expr : Expr . REPEAT Expr  (87)
	Expr : Expr . '[' Expr ']' DEFAULT Expr  (88)
	ForeachIf : .  (46)

	WHILE  shift 207
	REPEAT  shift 116
	AND  shift 117
	OR  shift 118
	LESS_EQUAL  shift 119
	GREATER_EQUAL  shift 120
	EQUAL  shift 121
	NOT_EQUAL  shift 122
	'+'  shift 123
	'-'  shift 124
	'*'  shift 125
	'/'  shift 126
	'%'  shift 127
	'>'  shift 128
	'<'  shift 129
	'.'  shift 130
	'['  shift 131
	')'  reduce 46

	ForeachIf  goto 208


state 197
	Receiver : Expr . '.'  (55)
	LValue : Expr . '[' Expr ']'  (59)
	Expr : Expr . '+' Expr  (64)
	Expr : Expr . '-' Expr  (65)
	Expr : Expr . '*' Expr  (66)
	Expr : Expr . '/' Expr  (67)
	Expr : Expr . '%' Expr  (68)
	Expr : Expr . EQUAL Expr  (69)
	Expr : Expr . NOT_EQUAL Expr  (70)
	Expr : Expr . '<' Expr  (71)
	Expr : Expr . '>' Expr  (72)
	Expr : Expr . LESS_EQUAL Expr  (73)
	Expr : Expr . GREATER_EQUAL Expr  (74)
	Expr : Expr . AND Expr  (75)
	Expr : Expr . OR Expr  (76)
	Expr : Expr . REPEAT Expr  (87)
	Expr : Expr . '[' Expr ']' DEFAULT Expr  (88)
	ExprList : ExprList ',' Expr .  (95)

	REPEAT  shift 116
	AND  shift 117
	OR  shift 118
	LESS_EQUAL  shift 119
	GREATER_EQUAL  shift 120
	EQUAL  shift 121
	NOT_EQUAL  shift 122
	'+'  shift 123
	'-'  shift 124
	'*'  shift 125
	'/'  shift 126
	'%'  shift 127
	'>'  shift 128
	'<'  shift 129
	'.'  shift 130
	'['  shift 131
	','  reduce 95
	')'  reduce 95


state 198
	Expr : INSTANCEOF '(' Expr ',' IDENTIFIER . ')'  (85)

	')'  shift 209
	.  error


state 199
	Receiver : Expr . '.'  (55)
	LValue : Expr . '[' Expr ']'  (59)
	Expr : Expr . '+' Expr  (64)
	Expr : Expr . '-' Expr  (65)
	Expr : Expr . '*' Expr  (66)
	Expr : Expr . '/' Expr  (67)
	Expr : Expr . '%' Expr  (68)
	Expr : Expr . EQUAL Expr  (69)
	Expr : Expr . NOT_EQUAL Expr  (70)
	Expr : Expr . '<' Expr  (71)
	Expr : Expr . '>' Expr  (72)
	Expr : Expr . LESS_EQUAL Expr  (73)
	Expr : Expr . GREATER_EQUAL Expr  (74)
	Expr : Expr . AND Expr  (75)
	Expr : Expr . OR Expr  (76)
	Expr : '(' CLASS IDENTIFIER ')' Expr .  (86)
	Expr : Expr . REPEAT Expr  (87)
	Expr : Expr . '[' Expr ']' DEFAULT Expr  (88)

	.  reduce 86


state 200
	Expr : Expr '[' Expr ']' DEFAULT . Expr  (88)
	Receiver : .  (56)

	NULL  shift 53
	THIS  shift 54
	NEW  shift 60
	VAR  shift 62
	READ_INTEGER  shift 65
	READ_LINE  shift 66
	LITERAL  shift 67
	INSTANCEOF  shift 68
	'-'  shift 69
	'!'  shift 70
	'('  shift 71
	IDENTIFIER  reduce 56

	Expr  goto 210
	LValue  goto 96
	Call  goto 97
	Receiver  goto 89
	Constant  goto 90


state 201
	Call : Receiver IDENTIFIER '(' Actuals ')' .  (60)

	.  reduce 60


state 202
	ForStmt : FOR '(' SimpleStmt ';' Expr ';' . SimpleStmt ')' Stmt  (98)
	SimpleStmt : .  (54)
	Receiver : .  (56)

	NULL  shift 53
	THIS  shift 54
	NEW  shift 60
	VAR  shift 62
	READ_INTEGER  shift 65
	READ_LINE  shift 66
	LITERAL  shift 67
	INSTANCEOF  shift 68
	'-'  shift 69
	'!'  shift 70
	'('  shift 71
	IDENTIFIER  reduce 56
	')'  reduce 54

	SimpleStmt  goto 211
	Expr  goto 86
	LValue  goto 87
	Call  goto 88
	Receiver  goto 89
	Constant  goto 90


state 203
	ElseClause : ELSE . Stmt  (101)
	SimpleStmt : .  (54)
	Receiver : .  (56)

	VOID  shift 17
	BOOL  shift 18
	INT  shift 19
	STRING  shift 20
	CLASS  shift 21
	NULL  shift 53
	THIS  shift 54
	WHILE  shift 55
	FOR  shift 56
	IF  shift 57
	RETURN  shift 58
	BREAK  shift 59
	NEW  shift 60
	SCOPY  shift 61
	VAR  shift 62
	FOREACH  shift 63
	PRINT  shift 64
	READ_INTEGER  shift 65
	READ_LINE  shift 66
	LITERAL  shift 67
	INSTANCEOF  shift 68
	'-'  shift 69
	'!'  shift 70
	'('  shift 71
	'{'  shift 48
	IDENTIFIER  reduce 56
	';'  reduce 54

	VariableDef  goto 73
	Variable  goto 25
	Type  goto 40
	StmtBlock  goto 74
	Stmt  goto 212
	SimpleStmt  goto 76
	IfStmt  goto 77
	WhileStmt  goto 78
	ForStmt  goto 79
	ReturnStmt  goto 80
	PrintStmt  goto 81
	BreakStmt  goto 82
	OCStmt  goto 83
	GuardedStmt  goto 84
	ForeachStmt  goto 85
	Expr  goto 86
	LValue  goto 87
	Call  goto 88
	Receiver  goto 89
	Constant  goto 90


state 204
	IfStmt : IF '(' Expr ')' Stmt ElseClause .  (100)

	.  reduce 100


state 205
	IfSubStmt : Expr ':' Stmt .  (50)

	.  reduce 50


state 206
	OCStmt : SCOPY '(' LValue ',' Expr ')' .  (51)

	.  reduce 51


state 207
	ForeachIf : WHILE . Expr  (45)
	Receiver : .  (56)

	NULL  shift 53
	THIS  shift 54
	NEW  shift 60
	VAR  shift 62
	READ_INTEGER  shift 65
	READ_LINE  shift 66
	LITERAL  shift 67
	INSTANCEOF  shift 68
	'-'  shift 69
	'!'  shift 70
	'('  shift 71
	IDENTIFIER  reduce 56

	Expr  goto 213
	LValue  goto 96
	Call  goto 97
	Receiver  goto 89
	Constant  goto 90


state 208
	ForeachStmt : FOREACH '(' BoundVariable IN Expr ForeachIf . ')' Stmt  (42)

	')'  shift 214
	.  error


state 209
	Expr : INSTANCEOF '(' Expr ',' IDENTIFIER ')' .  (85)

	.  reduce 85


state 210
	Receiver : Expr . '.'  (55)
	LValue : Expr . '[' Expr ']'  (59)
	Expr : Expr . '+' Expr  (64)
	Expr : Expr . '-' Expr  (65)
	Expr : Expr . '*' Expr  (66)
	Expr : Expr . '/' Expr  (67)
	Expr : Expr . '%' Expr  (68)
	Expr : Expr . EQUAL Expr  (69)
	Expr : Expr . NOT_EQUAL Expr  (70)
	Expr : Expr . '<' Expr  (71)
	Expr : Expr . '>' Expr  (72)
	Expr : Expr . LESS_EQUAL Expr  (73)
	Expr : Expr . GREATER_EQUAL Expr  (74)
	Expr : Expr . AND Expr  (75)
	Expr : Expr . OR Expr  (76)
	Expr : Expr . REPEAT Expr  (87)
	Expr : Expr . '[' Expr ']' DEFAULT Expr  (88)
	Expr : Expr '[' Expr ']' DEFAULT Expr .  (88)

	'.'  shift 130
	'['  shift 131
	WHILE  reduce 88
	REPEAT  reduce 88
	AND  reduce 88
	OR  reduce 88
	LESS_EQUAL  reduce 88
	GREATER_EQUAL  reduce 88
	EQUAL  reduce 88
	NOT_EQUAL  reduce 88
	'+'  reduce 88
	'-'  reduce 88
	'*'  reduce 88
	'/'  reduce 88
	'%'  reduce 88
	'>'  reduce 88
	'<'  reduce 88
	','  reduce 88
	';'  reduce 88
	')'  reduce 88
	']'  reduce 88
	':'  reduce 88


state 211
	ForStmt : FOR '(' SimpleStmt ';' Expr ';' SimpleStmt . ')' Stmt  (98)

	')'  shift 215
	.  error


state 212
	ElseClause : ELSE Stmt .  (101)

	.  reduce 101


state 213
	ForeachIf : WHILE Expr .  (45)
	Receiver : Expr . '.'  (55)
	LValue : Expr . '[' Expr ']'  (59)
	Expr : Expr . '+' Expr  (64)
	Expr : Expr . '-' Expr  (65)
	Expr : Expr . '*' Expr  (66)
	Expr : Expr . '/' Expr  (67)
	Expr : Expr . '%' Expr  (68)
	Expr : Expr . EQUAL Expr  (69)
	Expr : Expr . NOT_EQUAL Expr  (70)
	Expr : Expr . '<' Expr  (71)
	Expr : Expr . '>' Expr  (72)
	Expr : Expr . LESS_EQUAL Expr  (73)
	Expr : Expr . GREATER_EQUAL Expr  (74)
	Expr : Expr . AND Expr  (75)
	Expr : Expr . OR Expr  (76)
	Expr : Expr . REPEAT Expr  (87)
	Expr : Expr . '[' Expr ']' DEFAULT Expr  (88)

	REPEAT  shift 116
	AND  shift 117
	OR  shift 118
	LESS_EQUAL  shift 119
	GREATER_EQUAL  shift 120
	EQUAL  shift 121
	NOT_EQUAL  shift 122
	'+'  shift 123
	'-'  shift 124
	'*'  shift 125
	'/'  shift 126
	'%'  shift 127
	'>'  shift 128
	'<'  shift 129
	'.'  shift 130
	'['  shift 131
	')'  reduce 45


state 214
	ForeachStmt : FOREACH '(' BoundVariable IN Expr ForeachIf ')' . Stmt  (42)
	SimpleStmt : .  (54)
	Receiver : .  (56)

	VOID  shift 17
	BOOL  shift 18
	INT  shift 19
	STRING  shift 20
	CLASS  shift 21
	NULL  shift 53
	THIS  shift 54
	WHILE  shift 55
	FOR  shift 56
	IF  shift 57
	RETURN  shift 58
	BREAK  shift 59
	NEW  shift 60
	SCOPY  shift 61
	VAR  shift 62
	FOREACH  shift 63
	PRINT  shift 64
	READ_INTEGER  shift 65
	READ_LINE  shift 66
	LITERAL  shift 67
	INSTANCEOF  shift 68
	'-'  shift 69
	'!'  shift 70
	'('  shift 71
	'{'  shift 48
	IDENTIFIER  reduce 56
	';'  reduce 54

	VariableDef  goto 73
	Variable  goto 25
	Type  goto 40
	StmtBlock  goto 74
	Stmt  goto 216
	SimpleStmt  goto 76
	IfStmt  goto 77
	WhileStmt  goto 78
	ForStmt  goto 79
	ReturnStmt  goto 80
	PrintStmt  goto 81
	BreakStmt  goto 82
	OCStmt  goto 83
	GuardedStmt  goto 84
	ForeachStmt  goto 85
	Expr  goto 86
	LValue  goto 87
	Call  goto 88
	Receiver  goto 89
	Constant  goto 90


state 215
	ForStmt : FOR '(' SimpleStmt ';' Expr ';' SimpleStmt ')' . Stmt  (98)
	SimpleStmt : .  (54)
	Receiver : .  (56)

	VOID  shift 17
	BOOL  shift 18
	INT  shift 19
	STRING  shift 20
	CLASS  shift 21
	NULL  shift 53
	THIS  shift 54
	WHILE  shift 55
	FOR  shift 56
	IF  shift 57
	RETURN  shift 58
	BREAK  shift 59
	NEW  shift 60
	SCOPY  shift 61
	VAR  shift 62
	FOREACH  shift 63
	PRINT  shift 64
	READ_INTEGER  shift 65
	READ_LINE  shift 66
	LITERAL  shift 67
	INSTANCEOF  shift 68
	'-'  shift 69
	'!'  shift 70
	'('  shift 71
	'{'  shift 48
	IDENTIFIER  reduce 56
	';'  reduce 54

	VariableDef  goto 73
	Variable  goto 25
	Type  goto 40
	StmtBlock  goto 74
	Stmt  goto 217
	SimpleStmt  goto 76
	IfStmt  goto 77
	WhileStmt  goto 78
	ForStmt  goto 79
	ReturnStmt  goto 80
	PrintStmt  goto 81
	BreakStmt  goto 82
	OCStmt  goto 83
	GuardedStmt  goto 84
	ForeachStmt  goto 85
	Expr  goto 86
	LValue  goto 87
	Call  goto 88
	Receiver  goto 89
	Constant  goto 90


state 216
	ForeachStmt : FOREACH '(' BoundVariable IN Expr ForeachIf ')' Stmt .  (42)

	.  reduce 42


state 217
	ForStmt : FOR '(' SimpleStmt ';' Expr ';' SimpleStmt ')' Stmt .  (98)

	.  reduce 98


Rules never reduced:
	COMPIF : IF Expr  (89)
	COMPIF :  (90)


60 terminals, 39 nonterminals
106 grammar rules, 218 states
