   0  $accept : Program $end

   1  Program : ClassList

   2  ClassList : ClassList ClassDef
   3            | ClassDef

   4  VariableDef : Variable ';'

   5  Variable : Type IDENTIFIER

   6  Type : INT
   7       | VOID
   8       | BOOL
   9       | STRING
  10       | CLASS IDENTIFIER
  11       | Type '[' ']'

  12  ClassDef : CLASS IDENTIFIER ExtendsClause '{' FieldList '}'
  13           | SEALED CLASS IDENTIFIER ExtendsClause '{' FieldList '}'

  14  ExtendsClause : EXTENDS IDENTIFIER
  15                |

  16  FieldList : FieldList VariableDef
  17            | FieldList FunctionDef
  18            |

  19  Formals : VariableList
  20          |

  21  VariableList : VariableList ',' Variable
  22               | Variable

  23  FunctionDef : STATIC Type IDENTIFIER '(' Formals ')' StmtBlock
  24              | Type IDENTIFIER '(' Formals ')' StmtBlock

  25  StmtBlock : '{' StmtList '}'

  26  StmtList : StmtList Stmt
  27           |

  28  Stmt : VariableDef
  29       | SimpleStmt ';'
  30       | IfStmt
  31       | WhileStmt
  32       | ForStmt
  33       | ReturnStmt ';'
  34       | PrintStmt ';'
  35       | BreakStmt ';'
  36       | StmtBlock
  37       | OCStmt ';'
  38       | GuardedStmt
  39       | ForeachStmt

  40  GuardedStmt : IF '{' IfBranchStar IfSubStmt '}'
  41              | IF '{' '}'

  42  ForeachStmt : FOREACH '(' BoundVariable IN Expr ForeachIf ')' Stmt

  43  BoundVariable : VAR IDENTIFIER
  44                | Type IDENTIFIER

  45  ForeachIf : WHILE Expr
  46            |

  47  IfBranchStar : IfBranchStar IfBranch
  48               |

  49  IfBranch : IfSubStmt TRIPIPE

  50  IfSubStmt : Expr ':' Stmt

  51  OCStmt : SCOPY '(' LValue ',' Expr ')'

  52  SimpleStmt : LValue '=' Expr
  53             | Call
  54             |

  55  Receiver : Expr '.'
  56           |

  57  LValue : Receiver IDENTIFIER
  58         | VAR IDENTIFIER
  59         | Expr '[' Expr ']'

  60  Call : Receiver IDENTIFIER '(' Actuals ')'

  61  Expr : LValue
  62       | Call
  63       | Constant
  64       | Expr '+' Expr
  65       | Expr '-' Expr
  66       | Expr '*' Expr
  67       | Expr '/' Expr
  68       | Expr '%' Expr
  69       | Expr EQUAL Expr
  70       | Expr NOT_EQUAL Expr
  71       | Expr '<' Expr
  72       | Expr '>' Expr
  73       | Expr LESS_EQUAL Expr
  74       | Expr GREATER_EQUAL Expr
  75       | Expr AND Expr
  76       | Expr OR Expr
  77       | '(' Expr ')'
  78       | '-' Expr
  79       | '!' Expr
  80       | READ_INTEGER '(' ')'
  81       | READ_LINE '(' ')'
  82       | THIS
  83       | NEW IDENTIFIER '(' ')'
  84       | NEW Type '[' Expr ']'
  85       | INSTANCEOF '(' Expr ',' IDENTIFIER ')'
  86       | '(' CLASS IDENTIFIER ')' Expr
  87       | Expr REPEAT Expr
  88       | Expr CONCAT Expr
  89       | '[' Expr FOR IDENTIFIER IN Expr COMPIF ']'
  90       | Expr '[' Expr ']' DEFAULT Expr
  91       | Expr '[' Expr ':' Expr ']'

  92  COMPIF : IF Expr
  93         |

  94  Constant : LITERAL
  95           | NULL
  96           | ArrayConstant

  97  ArrayConstant : '[' ConstantStar ']'
  98                | '[' ']'

  99  ConstantStar : ConstantStar ',' Constant
 100               | Constant

 101  Actuals : ExprList
 102          |

 103  ExprList : ExprList ',' Expr
 104           | Expr

 105  WhileStmt : WHILE '(' Expr ')' Stmt

 106  ForStmt : FOR '(' SimpleStmt ';' Expr ';' SimpleStmt ')' Stmt

 107  BreakStmt : BREAK

 108  IfStmt : IF '(' Expr ')' Stmt ElseClause

 109  ElseClause : ELSE Stmt
 110             |

 111  ReturnStmt : RETURN Expr
 112             | RETURN

 113  PrintStmt : PRINT '(' ExprList ')'

state 0
	$accept : . Program $end  (0)

	CLASS  shift 1
	SEALED  shift 2
	.  error

	Program  goto 3
	ClassList  goto 4
	ClassDef  goto 5


state 1
	ClassDef : CLASS . IDENTIFIER ExtendsClause '{' FieldList '}'  (12)

	IDENTIFIER  shift 6
	.  error


state 2
	ClassDef : SEALED . CLASS IDENTIFIER ExtendsClause '{' FieldList '}'  (13)

	CLASS  shift 7
	.  error


state 3
	$accept : Program . $end  (0)

	$end  accept


state 4
	Program : ClassList .  (1)
	ClassList : ClassList . ClassDef  (2)

	CLASS  shift 1
	SEALED  shift 2
	$end  reduce 1

	ClassDef  goto 8


state 5
	ClassList : ClassDef .  (3)

	.  reduce 3


state 6
	ClassDef : CLASS IDENTIFIER . ExtendsClause '{' FieldList '}'  (12)
	ExtendsClause : .  (15)

	EXTENDS  shift 9
	'{'  reduce 15

	ExtendsClause  goto 10


state 7
	ClassDef : SEALED CLASS . IDENTIFIER ExtendsClause '{' FieldList '}'  (13)

	IDENTIFIER  shift 11
	.  error


state 8
	ClassList : ClassList ClassDef .  (2)

	.  reduce 2


state 9
	ExtendsClause : EXTENDS . IDENTIFIER  (14)

	IDENTIFIER  shift 12
	.  error


state 10
	ClassDef : CLASS IDENTIFIER ExtendsClause . '{' FieldList '}'  (12)

	'{'  shift 13
	.  error


state 11
	ClassDef : SEALED CLASS IDENTIFIER . ExtendsClause '{' FieldList '}'  (13)
	ExtendsClause : .  (15)

	EXTENDS  shift 9
	'{'  reduce 15

	ExtendsClause  goto 14


state 12
	ExtendsClause : EXTENDS IDENTIFIER .  (14)

	.  reduce 14


state 13
	ClassDef : CLASS IDENTIFIER ExtendsClause '{' . FieldList '}'  (12)
	FieldList : .  (18)

	.  reduce 18

	FieldList  goto 15


state 14
	ClassDef : SEALED CLASS IDENTIFIER ExtendsClause . '{' FieldList '}'  (13)

	'{'  shift 16
	.  error


state 15
	ClassDef : CLASS IDENTIFIER ExtendsClause '{' FieldList . '}'  (12)
	FieldList : FieldList . VariableDef  (16)
	FieldList : FieldList . FunctionDef  (17)

	VOID  shift 17
	BOOL  shift 18
	INT  shift 19
	STRING  shift 20
	CLASS  shift 21
	STATIC  shift 22
	'}'  shift 23
	.  error

	VariableDef  goto 24
	Variable  goto 25
	Type  goto 26
	FunctionDef  goto 27


state 16
	ClassDef : SEALED CLASS IDENTIFIER ExtendsClause '{' . FieldList '}'  (13)
	FieldList : .  (18)

	.  reduce 18

	FieldList  goto 28


state 17
	Type : VOID .  (7)

	.  reduce 7


state 18
	Type : BOOL .  (8)

	.  reduce 8


state 19
	Type : INT .  (6)

	.  reduce 6


state 20
	Type : STRING .  (9)

	.  reduce 9


state 21
	Type : CLASS . IDENTIFIER  (10)

	IDENTIFIER  shift 29
	.  error


state 22
	FunctionDef : STATIC . Type IDENTIFIER '(' Formals ')' StmtBlock  (23)

	VOID  shift 17
	BOOL  shift 18
	INT  shift 19
	STRING  shift 20
	CLASS  shift 21
	.  error

	Type  goto 30


state 23
	ClassDef : CLASS IDENTIFIER ExtendsClause '{' FieldList '}' .  (12)

	.  reduce 12


state 24
	FieldList : FieldList VariableDef .  (16)

	.  reduce 16


state 25
	VariableDef : Variable . ';'  (4)

	';'  shift 31
	.  error


state 26
	Variable : Type . IDENTIFIER  (5)
	Type : Type . '[' ']'  (11)
	FunctionDef : Type . IDENTIFIER '(' Formals ')' StmtBlock  (24)

	IDENTIFIER  shift 32
	'['  shift 33
	.  error


state 27
	FieldList : FieldList FunctionDef .  (17)

	.  reduce 17


state 28
	ClassDef : SEALED CLASS IDENTIFIER ExtendsClause '{' FieldList . '}'  (13)
	FieldList : FieldList . VariableDef  (16)
	FieldList : FieldList . FunctionDef  (17)

	VOID  shift 17
	BOOL  shift 18
	INT  shift 19
	STRING  shift 20
	CLASS  shift 21
	STATIC  shift 22
	'}'  shift 34
	.  error

	VariableDef  goto 24
	Variable  goto 25
	Type  goto 26
	FunctionDef  goto 27


state 29
	Type : CLASS IDENTIFIER .  (10)

	.  reduce 10


state 30
	Type : Type . '[' ']'  (11)
	FunctionDef : STATIC Type . IDENTIFIER '(' Formals ')' StmtBlock  (23)

	IDENTIFIER  shift 35
	'['  shift 33
	.  error


state 31
	VariableDef : Variable ';' .  (4)

	.  reduce 4


state 32
	Variable : Type IDENTIFIER .  (5)
	FunctionDef : Type IDENTIFIER . '(' Formals ')' StmtBlock  (24)

	'('  shift 36
	';'  reduce 5


state 33
	Type : Type '[' . ']'  (11)

	']'  shift 37
	.  error


state 34
	ClassDef : SEALED CLASS IDENTIFIER ExtendsClause '{' FieldList '}' .  (13)

	.  reduce 13


state 35
	FunctionDef : STATIC Type IDENTIFIER . '(' Formals ')' StmtBlock  (23)

	'('  shift 38
	.  error


state 36
	FunctionDef : Type IDENTIFIER '(' . Formals ')' StmtBlock  (24)
	Formals : .  (20)

	VOID  shift 17
	BOOL  shift 18
	INT  shift 19
	STRING  shift 20
	CLASS  shift 21
	')'  reduce 20

	Variable  goto 39
	Type  goto 40
	Formals  goto 41
	VariableList  goto 42


state 37
	Type : Type '[' ']' .  (11)

	.  reduce 11


state 38
	FunctionDef : STATIC Type IDENTIFIER '(' . Formals ')' StmtBlock  (23)
	Formals : .  (20)

	VOID  shift 17
	BOOL  shift 18
	INT  shift 19
	STRING  shift 20
	CLASS  shift 21
	')'  reduce 20

	Variable  goto 39
	Type  goto 40
	Formals  goto 43
	VariableList  goto 42


state 39
	VariableList : Variable .  (22)

	.  reduce 22


state 40
	Variable : Type . IDENTIFIER  (5)
	Type : Type . '[' ']'  (11)

	IDENTIFIER  shift 44
	'['  shift 33
	.  error


state 41
	FunctionDef : Type IDENTIFIER '(' Formals . ')' StmtBlock  (24)

	')'  shift 45
	.  error


state 42
	Formals : VariableList .  (19)
	VariableList : VariableList . ',' Variable  (21)

	','  shift 46
	')'  reduce 19


state 43
	FunctionDef : STATIC Type IDENTIFIER '(' Formals . ')' StmtBlock  (23)

	')'  shift 47
	.  error


state 44
	Variable : Type IDENTIFIER .  (5)

	.  reduce 5


state 45
	FunctionDef : Type IDENTIFIER '(' Formals ')' . StmtBlock  (24)

	'{'  shift 48
	.  error

	StmtBlock  goto 49


state 46
	VariableList : VariableList ',' . Variable  (21)

	VOID  shift 17
	BOOL  shift 18
	INT  shift 19
	STRING  shift 20
	CLASS  shift 21
	.  error

	Variable  goto 50
	Type  goto 40


state 47
	FunctionDef : STATIC Type IDENTIFIER '(' Formals ')' . StmtBlock  (23)

	'{'  shift 48
	.  error

	StmtBlock  goto 51


state 48
	StmtBlock : '{' . StmtList '}'  (25)
	StmtList : .  (27)

	.  reduce 27

	StmtList  goto 52


state 49
	FunctionDef : Type IDENTIFIER '(' Formals ')' StmtBlock .  (24)

	.  reduce 24


state 50
	VariableList : VariableList ',' Variable .  (21)

	.  reduce 21


state 51
	FunctionDef : STATIC Type IDENTIFIER '(' Formals ')' StmtBlock .  (23)

	.  reduce 23


state 52
	StmtBlock : '{' StmtList . '}'  (25)
	StmtList : StmtList . Stmt  (26)
	SimpleStmt : .  (54)
	Receiver : .  (56)

	VOID  shift 17
	BOOL  shift 18
	INT  shift 19
	STRING  shift 20
	CLASS  shift 21
	NULL  shift 53
	THIS  shift 54
	WHILE  shift 55
	FOR  shift 56
	IF  shift 57
	RETURN  shift 58
	BREAK  shift 59
	NEW  shift 60
	SCOPY  shift 61
	VAR  shift 62
	FOREACH  shift 63
	PRINT  shift 64
	READ_INTEGER  shift 65
	READ_LINE  shift 66
	LITERAL  shift 67
	INSTANCEOF  shift 68
	'-'  shift 69
	'!'  shift 70
	'('  shift 71
	'['  shift 72
	'{'  shift 48
	'}'  shift 73
	IDENTIFIER  reduce 56
	';'  reduce 54

	VariableDef  goto 74
	Variable  goto 25
	Type  goto 40
	StmtBlock  goto 75
	Stmt  goto 76
	SimpleStmt  goto 77
	IfStmt  goto 78
	WhileStmt  goto 79
	ForStmt  goto 80
	ReturnStmt  goto 81
	PrintStmt  goto 82
	BreakStmt  goto 83
	OCStmt  goto 84
	GuardedStmt  goto 85
	ForeachStmt  goto 86
	Expr  goto 87
	LValue  goto 88
	Call  goto 89
	Receiver  goto 90
	Constant  goto 91
	ArrayConstant  goto 92


state 53
	Constant : NULL .  (95)

	.  reduce 95


state 54
	Expr : THIS .  (82)

	.  reduce 82


state 55
	WhileStmt : WHILE . '(' Expr ')' Stmt  (105)

	'('  shift 93
	.  error


state 56
	ForStmt : FOR . '(' SimpleStmt ';' Expr ';' SimpleStmt ')' Stmt  (106)

	'('  shift 94
	.  error


state 57
	GuardedStmt : IF . '{' IfBranchStar IfSubStmt '}'  (40)
	GuardedStmt : IF . '{' '}'  (41)
	IfStmt : IF . '(' Expr ')' Stmt ElseClause  (108)

	'('  shift 95
	'{'  shift 96
	.  error


state 58
	ReturnStmt : RETURN . Expr  (111)
	ReturnStmt : RETURN .  (112)
	Receiver : .  (56)

	NULL  shift 53
	THIS  shift 54
	NEW  shift 60
	VAR  shift 62
	READ_INTEGER  shift 65
	READ_LINE  shift 66
	LITERAL  shift 67
	INSTANCEOF  shift 68
	'-'  shift 69
	'!'  shift 70
	'('  shift 71
	'['  shift 72
	IDENTIFIER  reduce 56
	';'  reduce 112

	Expr  goto 97
	LValue  goto 98
	Call  goto 99
	Receiver  goto 90
	Constant  goto 91
	ArrayConstant  goto 92


state 59
	BreakStmt : BREAK .  (107)

	.  reduce 107


state 60
	Expr : NEW . IDENTIFIER '(' ')'  (83)
	Expr : NEW . Type '[' Expr ']'  (84)

	VOID  shift 17
	BOOL  shift 18
	INT  shift 19
	STRING  shift 20
	CLASS  shift 21
	IDENTIFIER  shift 100
	.  error

	Type  goto 101


state 61
	OCStmt : SCOPY . '(' LValue ',' Expr ')'  (51)

	'('  shift 102
	.  error


state 62
	LValue : VAR . IDENTIFIER  (58)

	IDENTIFIER  shift 103
	.  error


state 63
	ForeachStmt : FOREACH . '(' BoundVariable IN Expr ForeachIf ')' Stmt  (42)

	'('  shift 104
	.  error


state 64
	PrintStmt : PRINT . '(' ExprList ')'  (113)

	'('  shift 105
	.  error


state 65
	Expr : READ_INTEGER . '(' ')'  (80)

	'('  shift 106
	.  error


state 66
	Expr : READ_LINE . '(' ')'  (81)

	'('  shift 107
	.  error


state 67
	Constant : LITERAL .  (94)

	.  reduce 94


state 68
	Expr : INSTANCEOF . '(' Expr ',' IDENTIFIER ')'  (85)

	'('  shift 108
	.  error


state 69
	Expr : '-' . Expr  (78)
	Receiver : .  (56)

	NULL  shift 53
	THIS  shift 54
	NEW  shift 60
	VAR  shift 62
	READ_INTEGER  shift 65
	READ_LINE  shift 66
	LITERAL  shift 67
	INSTANCEOF  shift 68
	'-'  shift 69
	'!'  shift 70
	'('  shift 71
	'['  shift 72
	IDENTIFIER  reduce 56

	Expr  goto 109
	LValue  goto 98
	Call  goto 99
	Receiver  goto 90
	Constant  goto 91
	ArrayConstant  goto 92


state 70
	Expr : '!' . Expr  (79)
	Receiver : .  (56)

	NULL  shift 53
	THIS  shift 54
	NEW  shift 60
	VAR  shift 62
	READ_INTEGER  shift 65
	READ_LINE  shift 66
	LITERAL  shift 67
	INSTANCEOF  shift 68
	'-'  shift 69
	'!'  shift 70
	'('  shift 71
	'['  shift 72
	IDENTIFIER  reduce 56

	Expr  goto 110
	LValue  goto 98
	Call  goto 99
	Receiver  goto 90
	Constant  goto 91
	ArrayConstant  goto 92


state 71
	Expr : '(' . Expr ')'  (77)
	Expr : '(' . CLASS IDENTIFIER ')' Expr  (86)
	Receiver : .  (56)

	CLASS  shift 111
	NULL  shift 53
	THIS  shift 54
	NEW  shift 60
	VAR  shift 62
	READ_INTEGER  shift 65
	READ_LINE  shift 66
	LITERAL  shift 67
	INSTANCEOF  shift 68
	'-'  shift 69
	'!'  shift 70
	'('  shift 71
	'['  shift 72
	IDENTIFIER  reduce 56

	Expr  goto 112
	LValue  goto 98
	Call  goto 99
	Receiver  goto 90
	Constant  goto 91
	ArrayConstant  goto 92


state 72
	Expr : '[' . Expr FOR IDENTIFIER IN Expr COMPIF ']'  (89)
	ArrayConstant : '[' . ConstantStar ']'  (97)
	ArrayConstant : '[' . ']'  (98)
	Receiver : .  (56)

	NULL  shift 53
	THIS  shift 54
	NEW  shift 60
	VAR  shift 62
	READ_INTEGER  shift 65
	READ_LINE  shift 66
	LITERAL  shift 67
	INSTANCEOF  shift 68
	'-'  shift 69
	'!'  shift 70
	'('  shift 71
	'['  shift 72
	']'  shift 113
	IDENTIFIER  reduce 56

	Expr  goto 114
	LValue  goto 98
	Call  goto 99
	Receiver  goto 90
	Constant  goto 115
	ArrayConstant  goto 92
	ConstantStar  goto 116


state 73
	StmtBlock : '{' StmtList '}' .  (25)

	.  reduce 25


state 74
	Stmt : VariableDef .  (28)

	.  reduce 28


state 75
	Stmt : StmtBlock .  (36)

	.  reduce 36


state 76
	StmtList : StmtList Stmt .  (26)

	.  reduce 26


state 77
	Stmt : SimpleStmt . ';'  (29)

	';'  shift 117
	.  error


state 78
	Stmt : IfStmt .  (30)

	.  reduce 30


state 79
	Stmt : WhileStmt .  (31)

	.  reduce 31


state 80
	Stmt : ForStmt .  (32)

	.  reduce 32


state 81
	Stmt : ReturnStmt . ';'  (33)

	';'  shift 118
	.  error


state 82
	Stmt : PrintStmt . ';'  (34)

	';'  shift 119
	.  error


state 83
	Stmt : BreakStmt . ';'  (35)

	';'  shift 120
	.  error


state 84
	Stmt : OCStmt . ';'  (37)

	';'  shift 121
	.  error


state 85
	Stmt : GuardedStmt .  (38)

	.  reduce 38


state 86
	Stmt : ForeachStmt .  (39)

	.  reduce 39


state 87
	Receiver : Expr . '.'  (55)
	LValue : Expr . '[' Expr ']'  (59)
	Expr : Expr . '+' Expr  (64)
	Expr : Expr . '-' Expr  (65)
	Expr : Expr . '*' Expr  (66)
	Expr : Expr . '/' Expr  (67)
	Expr : Expr . '%' Expr  (68)
	Expr : Expr . EQUAL Expr  (69)
	Expr : Expr . NOT_EQUAL Expr  (70)
	Expr : Expr . '<' Expr  (71)
	Expr : Expr . '>' Expr  (72)
	Expr : Expr . LESS_EQUAL Expr  (73)
	Expr : Expr . GREATER_EQUAL Expr  (74)
	Expr : Expr . AND Expr  (75)
	Expr : Expr . OR Expr  (76)
	Expr : Expr . REPEAT Expr  (87)
	Expr : Expr . CONCAT Expr  (88)
	Expr : Expr . '[' Expr ']' DEFAULT Expr  (90)
	Expr : Expr . '[' Expr ':' Expr ']'  (91)

	REPEAT  shift 122
	CONCAT  shift 123
	AND  shift 124
	OR  shift 125
	LESS_EQUAL  shift 126
	GREATER_EQUAL  shift 127
	EQUAL  shift 128
	NOT_EQUAL  shift 129
	'+'  shift 130
	'-'  shift 131
	'*'  shift 132
	'/'  shift 133
	'%'  shift 134
	'>'  shift 135
	'<'  shift 136
	'.'  shift 137
	'['  shift 138
	.  error


state 88
	SimpleStmt : LValue . '=' Expr  (52)
	Expr : LValue .  (61)

	'='  shift 139
	REPEAT  reduce 61
	CONCAT  reduce 61
	AND  reduce 61
	OR  reduce 61
	LESS_EQUAL  reduce 61
	GREATER_EQUAL  reduce 61
	EQUAL  reduce 61
	NOT_EQUAL  reduce 61
	'+'  reduce 61
	'-'  reduce 61
	'*'  reduce 61
	'/'  reduce 61
	'%'  reduce 61
	'>'  reduce 61
	'<'  reduce 61
	'.'  reduce 61
	'['  reduce 61


state 89
	SimpleStmt : Call .  (53)
	Expr : Call .  (62)

	REPEAT  reduce 62
	CONCAT  reduce 62
	AND  reduce 62
	OR  reduce 62
	LESS_EQUAL  reduce 62
	GREATER_EQUAL  reduce 62
	EQUAL  reduce 62
	NOT_EQUAL  reduce 62
	'+'  reduce 62
	'-'  reduce 62
	'*'  reduce 62
	'/'  reduce 62
	'%'  reduce 62
	'>'  reduce 62
	'<'  reduce 62
	'.'  reduce 62
	';'  reduce 53
	')'  reduce 53
	'['  reduce 62


state 90
	LValue : Receiver . IDENTIFIER  (57)
	Call : Receiver . IDENTIFIER '(' Actuals ')'  (60)

	IDENTIFIER  shift 140
	.  error


state 91
	Expr : Constant .  (63)

	.  reduce 63


state 92
	Constant : ArrayConstant .  (96)

	.  reduce 96


state 93
	WhileStmt : WHILE '(' . Expr ')' Stmt  (105)
	Receiver : .  (56)

	NULL  shift 53
	THIS  shift 54
	NEW  shift 60
	VAR  shift 62
	READ_INTEGER  shift 65
	READ_LINE  shift 66
	LITERAL  shift 67
	INSTANCEOF  shift 68
	'-'  shift 69
	'!'  shift 70
	'('  shift 71
	'['  shift 72
	IDENTIFIER  reduce 56

	Expr  goto 141
	LValue  goto 98
	Call  goto 99
	Receiver  goto 90
	Constant  goto 91
	ArrayConstant  goto 92


state 94
	ForStmt : FOR '(' . SimpleStmt ';' Expr ';' SimpleStmt ')' Stmt  (106)
	SimpleStmt : .  (54)
	Receiver : .  (56)

	NULL  shift 53
	THIS  shift 54
	NEW  shift 60
	VAR  shift 62
	READ_INTEGER  shift 65
	READ_LINE  shift 66
	LITERAL  shift 67
	INSTANCEOF  shift 68
	'-'  shift 69
	'!'  shift 70
	'('  shift 71
	'['  shift 72
	IDENTIFIER  reduce 56
	';'  reduce 54

	SimpleStmt  goto 142
	Expr  goto 87
	LValue  goto 88
	Call  goto 89
	Receiver  goto 90
	Constant  goto 91
	ArrayConstant  goto 92


state 95
	IfStmt : IF '(' . Expr ')' Stmt ElseClause  (108)
	Receiver : .  (56)

	NULL  shift 53
	THIS  shift 54
	NEW  shift 60
	VAR  shift 62
	READ_INTEGER  shift 65
	READ_LINE  shift 66
	LITERAL  shift 67
	INSTANCEOF  shift 68
	'-'  shift 69
	'!'  shift 70
	'('  shift 71
	'['  shift 72
	IDENTIFIER  reduce 56

	Expr  goto 143
	LValue  goto 98
	Call  goto 99
	Receiver  goto 90
	Constant  goto 91
	ArrayConstant  goto 92


state 96
	GuardedStmt : IF '{' . IfBranchStar IfSubStmt '}'  (40)
	GuardedStmt : IF '{' . '}'  (41)
	IfBranchStar : .  (48)

	'}'  shift 144
	NULL  reduce 48
	THIS  reduce 48
	NEW  reduce 48
	VAR  reduce 48
	READ_INTEGER  reduce 48
	READ_LINE  reduce 48
	LITERAL  reduce 48
	IDENTIFIER  reduce 48
	INSTANCEOF  reduce 48
	'-'  reduce 48
	'!'  reduce 48
	'('  reduce 48
	'['  reduce 48

	IfBranchStar  goto 145


state 97
	Receiver : Expr . '.'  (55)
	LValue : Expr . '[' Expr ']'  (59)
	Expr : Expr . '+' Expr  (64)
	Expr : Expr . '-' Expr  (65)
	Expr : Expr . '*' Expr  (66)
	Expr : Expr . '/' Expr  (67)
	Expr : Expr . '%' Expr  (68)
	Expr : Expr . EQUAL Expr  (69)
	Expr : Expr . NOT_EQUAL Expr  (70)
	Expr : Expr . '<' Expr  (71)
	Expr : Expr . '>' Expr  (72)
	Expr : Expr . LESS_EQUAL Expr  (73)
	Expr : Expr . GREATER_EQUAL Expr  (74)
	Expr : Expr . AND Expr  (75)
	Expr : Expr . OR Expr  (76)
	Expr : Expr . REPEAT Expr  (87)
	Expr : Expr . CONCAT Expr  (88)
	Expr : Expr . '[' Expr ']' DEFAULT Expr  (90)
	Expr : Expr . '[' Expr ':' Expr ']'  (91)
	ReturnStmt : RETURN Expr .  (111)

	REPEAT  shift 122
	CONCAT  shift 123
	AND  shift 124
	OR  shift 125
	LESS_EQUAL  shift 126
	GREATER_EQUAL  shift 127
	EQUAL  shift 128
	NOT_EQUAL  shift 129
	'+'  shift 130
	'-'  shift 131
	'*'  shift 132
	'/'  shift 133
	'%'  shift 134
	'>'  shift 135
	'<'  shift 136
	'.'  shift 137
	'['  shift 138
	';'  reduce 111


state 98
	Expr : LValue .  (61)

	.  reduce 61


state 99
	Expr : Call .  (62)

	.  reduce 62


state 100
	Expr : NEW IDENTIFIER . '(' ')'  (83)

	'('  shift 146
	.  error


state 101
	Type : Type . '[' ']'  (11)
	Expr : NEW Type . '[' Expr ']'  (84)

	'['  shift 147
	.  error


state 102
	OCStmt : SCOPY '(' . LValue ',' Expr ')'  (51)
	Receiver : .  (56)

	NULL  shift 53
	THIS  shift 54
	NEW  shift 60
	VAR  shift 62
	READ_INTEGER  shift 65
	READ_LINE  shift 66
	LITERAL  shift 67
	INSTANCEOF  shift 68
	'-'  shift 69
	'!'  shift 70
	'('  shift 71
	'['  shift 72
	IDENTIFIER  reduce 56

	Expr  goto 87
	LValue  goto 148
	Call  goto 99
	Receiver  goto 90
	Constant  goto 91
	ArrayConstant  goto 92


state 103
	LValue : VAR IDENTIFIER .  (58)

	.  reduce 58


state 104
	ForeachStmt : FOREACH '(' . BoundVariable IN Expr ForeachIf ')' Stmt  (42)

	VOID  shift 17
	BOOL  shift 18
	INT  shift 19
	STRING  shift 20
	CLASS  shift 21
	VAR  shift 149
	.  error

	Type  goto 150
	BoundVariable  goto 151


state 105
	PrintStmt : PRINT '(' . ExprList ')'  (113)
	Receiver : .  (56)

	NULL  shift 53
	THIS  shift 54
	NEW  shift 60
	VAR  shift 62
	READ_INTEGER  shift 65
	READ_LINE  shift 66
	LITERAL  shift 67
	INSTANCEOF  shift 68
	'-'  shift 69
	'!'  shift 70
	'('  shift 71
	'['  shift 72
	IDENTIFIER  reduce 56

	Expr  goto 152
	LValue  goto 98
	Call  goto 99
	Receiver  goto 90
	Constant  goto 91
	ArrayConstant  goto 92
	ExprList  goto 153


state 106
	Expr : READ_INTEGER '(' . ')'  (80)

	')'  shift 154
	.  error


state 107
	Expr : READ_LINE '(' . ')'  (81)

	')'  shift 155
	.  error


state 108
	Expr : INSTANCEOF '(' . Expr ',' IDENTIFIER ')'  (85)
	Receiver : .  (56)

	NULL  shift 53
	THIS  shift 54
	NEW  shift 60
	VAR  shift 62
	READ_INTEGER  shift 65
	READ_LINE  shift 66
	LITERAL  shift 67
	INSTANCEOF  shift 68
	'-'  shift 69
	'!'  shift 70
	'('  shift 71
	'['  shift 72
	IDENTIFIER  reduce 56

	Expr  goto 156
	LValue  goto 98
	Call  goto 99
	Receiver  goto 90
	Constant  goto 91
	ArrayConstant  goto 92


state 109
	Receiver : Expr . '.'  (55)
	LValue : Expr . '[' Expr ']'  (59)
	Expr : Expr . '+' Expr  (64)
	Expr : Expr . '-' Expr  (65)
	Expr : Expr . '*' Expr  (66)
	Expr : Expr . '/' Expr  (67)
	Expr : Expr . '%' Expr  (68)
	Expr : Expr . EQUAL Expr  (69)
	Expr : Expr . NOT_EQUAL Expr  (70)
	Expr : Expr . '<' Expr  (71)
	Expr : Expr . '>' Expr  (72)
	Expr : Expr . LESS_EQUAL Expr  (73)
	Expr : Expr . GREATER_EQUAL Expr  (74)
	Expr : Expr . AND Expr  (75)
	Expr : Expr . OR Expr  (76)
	Expr : '-' Expr .  (78)
	Expr : Expr . REPEAT Expr  (87)
	Expr : Expr . CONCAT Expr  (88)
	Expr : Expr . '[' Expr ']' DEFAULT Expr  (90)
	Expr : Expr . '[' Expr ':' Expr ']'  (91)

	'.'  shift 137
	'['  shift 138
	WHILE  reduce 78
	FOR  reduce 78
	IF  reduce 78
	REPEAT  reduce 78
	CONCAT  reduce 78
	AND  reduce 78
	OR  reduce 78
	LESS_EQUAL  reduce 78
	GREATER_EQUAL  reduce 78
	EQUAL  reduce 78
	NOT_EQUAL  reduce 78
	'+'  reduce 78
	'-'  reduce 78
	'*'  reduce 78
	'/'  reduce 78
	'%'  reduce 78
	'>'  reduce 78
	'<'  reduce 78
	','  reduce 78
	';'  reduce 78
	')'  reduce 78
	']'  reduce 78
	':'  reduce 78


state 110
	Receiver : Expr . '.'  (55)
	LValue : Expr . '[' Expr ']'  (59)
	Expr : Expr . '+' Expr  (64)
	Expr : Expr . '-' Expr  (65)
	Expr : Expr . '*' Expr  (66)
	Expr : Expr . '/' Expr  (67)
	Expr : Expr . '%' Expr  (68)
	Expr : Expr . EQUAL Expr  (69)
	Expr : Expr . NOT_EQUAL Expr  (70)
	Expr : Expr . '<' Expr  (71)
	Expr : Expr . '>' Expr  (72)
	Expr : Expr . LESS_EQUAL Expr  (73)
	Expr : Expr . GREATER_EQUAL Expr  (74)
	Expr : Expr . AND Expr  (75)
	Expr : Expr . OR Expr  (76)
	Expr : '!' Expr .  (79)
	Expr : Expr . REPEAT Expr  (87)
	Expr : Expr . CONCAT Expr  (88)
	Expr : Expr . '[' Expr ']' DEFAULT Expr  (90)
	Expr : Expr . '[' Expr ':' Expr ']'  (91)

	'.'  shift 137
	'['  shift 138
	WHILE  reduce 79
	FOR  reduce 79
	IF  reduce 79
	REPEAT  reduce 79
	CONCAT  reduce 79
	AND  reduce 79
	OR  reduce 79
	LESS_EQUAL  reduce 79
	GREATER_EQUAL  reduce 79
	EQUAL  reduce 79
	NOT_EQUAL  reduce 79
	'+'  reduce 79
	'-'  reduce 79
	'*'  reduce 79
	'/'  reduce 79
	'%'  reduce 79
	'>'  reduce 79
	'<'  reduce 79
	','  reduce 79
	';'  reduce 79
	')'  reduce 79
	']'  reduce 79
	':'  reduce 79


state 111
	Expr : '(' CLASS . IDENTIFIER ')' Expr  (86)

	IDENTIFIER  shift 157
	.  error


state 112
	Receiver : Expr . '.'  (55)
	LValue : Expr . '[' Expr ']'  (59)
	Expr : Expr . '+' Expr  (64)
	Expr : Expr . '-' Expr  (65)
	Expr : Expr . '*' Expr  (66)
	Expr : Expr . '/' Expr  (67)
	Expr : Expr . '%' Expr  (68)
	Expr : Expr . EQUAL Expr  (69)
	Expr : Expr . NOT_EQUAL Expr  (70)
	Expr : Expr . '<' Expr  (71)
	Expr : Expr . '>' Expr  (72)
	Expr : Expr . LESS_EQUAL Expr  (73)
	Expr : Expr . GREATER_EQUAL Expr  (74)
	Expr : Expr . AND Expr  (75)
	Expr : Expr . OR Expr  (76)
	Expr : '(' Expr . ')'  (77)
	Expr : Expr . REPEAT Expr  (87)
	Expr : Expr . CONCAT Expr  (88)
	Expr : Expr . '[' Expr ']' DEFAULT Expr  (90)
	Expr : Expr . '[' Expr ':' Expr ']'  (91)

	REPEAT  shift 122
	CONCAT  shift 123
	AND  shift 124
	OR  shift 125
	LESS_EQUAL  shift 126
	GREATER_EQUAL  shift 127
	EQUAL  shift 128
	NOT_EQUAL  shift 129
	'+'  shift 130
	'-'  shift 131
	'*'  shift 132
	'/'  shift 133
	'%'  shift 134
	'>'  shift 135
	'<'  shift 136
	'.'  shift 137
	')'  shift 158
	'['  shift 138
	.  error


state 113
	ArrayConstant : '[' ']' .  (98)

	.  reduce 98


state 114
	Receiver : Expr . '.'  (55)
	LValue : Expr . '[' Expr ']'  (59)
	Expr : Expr . '+' Expr  (64)
	Expr : Expr . '-' Expr  (65)
	Expr : Expr . '*' Expr  (66)
	Expr : Expr . '/' Expr  (67)
	Expr : Expr . '%' Expr  (68)
	Expr : Expr . EQUAL Expr  (69)
	Expr : Expr . NOT_EQUAL Expr  (70)
	Expr : Expr . '<' Expr  (71)
	Expr : Expr . '>' Expr  (72)
	Expr : Expr . LESS_EQUAL Expr  (73)
	Expr : Expr . GREATER_EQUAL Expr  (74)
	Expr : Expr . AND Expr  (75)
	Expr : Expr . OR Expr  (76)
	Expr : Expr . REPEAT Expr  (87)
	Expr : Expr . CONCAT Expr  (88)
	Expr : '[' Expr . FOR IDENTIFIER IN Expr COMPIF ']'  (89)
	Expr : Expr . '[' Expr ']' DEFAULT Expr  (90)
	Expr : Expr . '[' Expr ':' Expr ']'  (91)

	FOR  shift 159
	REPEAT  shift 122
	CONCAT  shift 123
	AND  shift 124
	OR  shift 125
	LESS_EQUAL  shift 126
	GREATER_EQUAL  shift 127
	EQUAL  shift 128
	NOT_EQUAL  shift 129
	'+'  shift 130
	'-'  shift 131
	'*'  shift 132
	'/'  shift 133
	'%'  shift 134
	'>'  shift 135
	'<'  shift 136
	'.'  shift 137
	'['  shift 138
	.  error


state 115
	Expr : Constant .  (63)
	ConstantStar : Constant .  (100)

	FOR  reduce 63
	REPEAT  reduce 63
	CONCAT  reduce 63
	AND  reduce 63
	OR  reduce 63
	LESS_EQUAL  reduce 63
	GREATER_EQUAL  reduce 63
	EQUAL  reduce 63
	NOT_EQUAL  reduce 63
	'+'  reduce 63
	'-'  reduce 63
	'*'  reduce 63
	'/'  reduce 63
	'%'  reduce 63
	'>'  reduce 63
	'<'  reduce 63
	'.'  reduce 63
	','  reduce 100
	'['  reduce 63
	']'  reduce 100


state 116
	ArrayConstant : '[' ConstantStar . ']'  (97)
	ConstantStar : ConstantStar . ',' Constant  (99)

	','  shift 160
	']'  shift 161
	.  error


state 117
	Stmt : SimpleStmt ';' .  (29)

	.  reduce 29


state 118
	Stmt : ReturnStmt ';' .  (33)

	.  reduce 33


state 119
	Stmt : PrintStmt ';' .  (34)

	.  reduce 34


state 120
	Stmt : BreakStmt ';' .  (35)

	.  reduce 35


state 121
	Stmt : OCStmt ';' .  (37)

	.  reduce 37


state 122
	Expr : Expr REPEAT . Expr  (87)
	Receiver : .  (56)

	NULL  shift 53
	THIS  shift 54
	NEW  shift 60
	VAR  shift 62
	READ_INTEGER  shift 65
	READ_LINE  shift 66
	LITERAL  shift 67
	INSTANCEOF  shift 68
	'-'  shift 69
	'!'  shift 70
	'('  shift 71
	'['  shift 72
	IDENTIFIER  reduce 56

	Expr  goto 162
	LValue  goto 98
	Call  goto 99
	Receiver  goto 90
	Constant  goto 91
	ArrayConstant  goto 92


state 123
	Expr : Expr CONCAT . Expr  (88)
	Receiver : .  (56)

	NULL  shift 53
	THIS  shift 54
	NEW  shift 60
	VAR  shift 62
	READ_INTEGER  shift 65
	READ_LINE  shift 66
	LITERAL  shift 67
	INSTANCEOF  shift 68
	'-'  shift 69
	'!'  shift 70
	'('  shift 71
	'['  shift 72
	IDENTIFIER  reduce 56

	Expr  goto 163
	LValue  goto 98
	Call  goto 99
	Receiver  goto 90
	Constant  goto 91
	ArrayConstant  goto 92


state 124
	Expr : Expr AND . Expr  (75)
	Receiver : .  (56)

	NULL  shift 53
	THIS  shift 54
	NEW  shift 60
	VAR  shift 62
	READ_INTEGER  shift 65
	READ_LINE  shift 66
	LITERAL  shift 67
	INSTANCEOF  shift 68
	'-'  shift 69
	'!'  shift 70
	'('  shift 71
	'['  shift 72
	IDENTIFIER  reduce 56

	Expr  goto 164
	LValue  goto 98
	Call  goto 99
	Receiver  goto 90
	Constant  goto 91
	ArrayConstant  goto 92


state 125
	Expr : Expr OR . Expr  (76)
	Receiver : .  (56)

	NULL  shift 53
	THIS  shift 54
	NEW  shift 60
	VAR  shift 62
	READ_INTEGER  shift 65
	READ_LINE  shift 66
	LITERAL  shift 67
	INSTANCEOF  shift 68
	'-'  shift 69
	'!'  shift 70
	'('  shift 71
	'['  shift 72
	IDENTIFIER  reduce 56

	Expr  goto 165
	LValue  goto 98
	Call  goto 99
	Receiver  goto 90
	Constant  goto 91
	ArrayConstant  goto 92


state 126
	Expr : Expr LESS_EQUAL . Expr  (73)
	Receiver : .  (56)

	NULL  shift 53
	THIS  shift 54
	NEW  shift 60
	VAR  shift 62
	READ_INTEGER  shift 65
	READ_LINE  shift 66
	LITERAL  shift 67
	INSTANCEOF  shift 68
	'-'  shift 69
	'!'  shift 70
	'('  shift 71
	'['  shift 72
	IDENTIFIER  reduce 56

	Expr  goto 166
	LValue  goto 98
	Call  goto 99
	Receiver  goto 90
	Constant  goto 91
	ArrayConstant  goto 92


state 127
	Expr : Expr GREATER_EQUAL . Expr  (74)
	Receiver : .  (56)

	NULL  shift 53
	THIS  shift 54
	NEW  shift 60
	VAR  shift 62
	READ_INTEGER  shift 65
	READ_LINE  shift 66
	LITERAL  shift 67
	INSTANCEOF  shift 68
	'-'  shift 69
	'!'  shift 70
	'('  shift 71
	'['  shift 72
	IDENTIFIER  reduce 56

	Expr  goto 167
	LValue  goto 98
	Call  goto 99
	Receiver  goto 90
	Constant  goto 91
	ArrayConstant  goto 92


state 128
	Expr : Expr EQUAL . Expr  (69)
	Receiver : .  (56)

	NULL  shift 53
	THIS  shift 54
	NEW  shift 60
	VAR  shift 62
	READ_INTEGER  shift 65
	READ_LINE  shift 66
	LITERAL  shift 67
	INSTANCEOF  shift 68
	'-'  shift 69
	'!'  shift 70
	'('  shift 71
	'['  shift 72
	IDENTIFIER  reduce 56

	Expr  goto 168
	LValue  goto 98
	Call  goto 99
	Receiver  goto 90
	Constant  goto 91
	ArrayConstant  goto 92


state 129
	Expr : Expr NOT_EQUAL . Expr  (70)
	Receiver : .  (56)

	NULL  shift 53
	THIS  shift 54
	NEW  shift 60
	VAR  shift 62
	READ_INTEGER  shift 65
	READ_LINE  shift 66
	LITERAL  shift 67
	INSTANCEOF  shift 68
	'-'  shift 69
	'!'  shift 70
	'('  shift 71
	'['  shift 72
	IDENTIFIER  reduce 56

	Expr  goto 169
	LValue  goto 98
	Call  goto 99
	Receiver  goto 90
	Constant  goto 91
	ArrayConstant  goto 92


state 130
	Expr : Expr '+' . Expr  (64)
	Receiver : .  (56)

	NULL  shift 53
	THIS  shift 54
	NEW  shift 60
	VAR  shift 62
	READ_INTEGER  shift 65
	READ_LINE  shift 66
	LITERAL  shift 67
	INSTANCEOF  shift 68
	'-'  shift 69
	'!'  shift 70
	'('  shift 71
	'['  shift 72
	IDENTIFIER  reduce 56

	Expr  goto 170
	LValue  goto 98
	Call  goto 99
	Receiver  goto 90
	Constant  goto 91
	ArrayConstant  goto 92


state 131
	Expr : Expr '-' . Expr  (65)
	Receiver : .  (56)

	NULL  shift 53
	THIS  shift 54
	NEW  shift 60
	VAR  shift 62
	READ_INTEGER  shift 65
	READ_LINE  shift 66
	LITERAL  shift 67
	INSTANCEOF  shift 68
	'-'  shift 69
	'!'  shift 70
	'('  shift 71
	'['  shift 72
	IDENTIFIER  reduce 56

	Expr  goto 171
	LValue  goto 98
	Call  goto 99
	Receiver  goto 90
	Constant  goto 91
	ArrayConstant  goto 92


state 132
	Expr : Expr '*' . Expr  (66)
	Receiver : .  (56)

	NULL  shift 53
	THIS  shift 54
	NEW  shift 60
	VAR  shift 62
	READ_INTEGER  shift 65
	READ_LINE  shift 66
	LITERAL  shift 67
	INSTANCEOF  shift 68
	'-'  shift 69
	'!'  shift 70
	'('  shift 71
	'['  shift 72
	IDENTIFIER  reduce 56

	Expr  goto 172
	LValue  goto 98
	Call  goto 99
	Receiver  goto 90
	Constant  goto 91
	ArrayConstant  goto 92


state 133
	Expr : Expr '/' . Expr  (67)
	Receiver : .  (56)

	NULL  shift 53
	THIS  shift 54
	NEW  shift 60
	VAR  shift 62
	READ_INTEGER  shift 65
	READ_LINE  shift 66
	LITERAL  shift 67
	INSTANCEOF  shift 68
	'-'  shift 69
	'!'  shift 70
	'('  shift 71
	'['  shift 72
	IDENTIFIER  reduce 56

	Expr  goto 173
	LValue  goto 98
	Call  goto 99
	Receiver  goto 90
	Constant  goto 91
	ArrayConstant  goto 92


state 134
	Expr : Expr '%' . Expr  (68)
	Receiver : .  (56)

	NULL  shift 53
	THIS  shift 54
	NEW  shift 60
	VAR  shift 62
	READ_INTEGER  shift 65
	READ_LINE  shift 66
	LITERAL  shift 67
	INSTANCEOF  shift 68
	'-'  shift 69
	'!'  shift 70
	'('  shift 71
	'['  shift 72
	IDENTIFIER  reduce 56

	Expr  goto 174
	LValue  goto 98
	Call  goto 99
	Receiver  goto 90
	Constant  goto 91
	ArrayConstant  goto 92


state 135
	Expr : Expr '>' . Expr  (72)
	Receiver : .  (56)

	NULL  shift 53
	THIS  shift 54
	NEW  shift 60
	VAR  shift 62
	READ_INTEGER  shift 65
	READ_LINE  shift 66
	LITERAL  shift 67
	INSTANCEOF  shift 68
	'-'  shift 69
	'!'  shift 70
	'('  shift 71
	'['  shift 72
	IDENTIFIER  reduce 56

	Expr  goto 175
	LValue  goto 98
	Call  goto 99
	Receiver  goto 90
	Constant  goto 91
	ArrayConstant  goto 92


state 136
	Expr : Expr '<' . Expr  (71)
	Receiver : .  (56)

	NULL  shift 53
	THIS  shift 54
	NEW  shift 60
	VAR  shift 62
	READ_INTEGER  shift 65
	READ_LINE  shift 66
	LITERAL  shift 67
	INSTANCEOF  shift 68
	'-'  shift 69
	'!'  shift 70
	'('  shift 71
	'['  shift 72
	IDENTIFIER  reduce 56

	Expr  goto 176
	LValue  goto 98
	Call  goto 99
	Receiver  goto 90
	Constant  goto 91
	ArrayConstant  goto 92


state 137
	Receiver : Expr '.' .  (55)

	.  reduce 55


state 138
	LValue : Expr '[' . Expr ']'  (59)
	Expr : Expr '[' . Expr ']' DEFAULT Expr  (90)
	Expr : Expr '[' . Expr ':' Expr ']'  (91)
	Receiver : .  (56)

	NULL  shift 53
	THIS  shift 54
	NEW  shift 60
	VAR  shift 62
	READ_INTEGER  shift 65
	READ_LINE  shift 66
	LITERAL  shift 67
	INSTANCEOF  shift 68
	'-'  shift 69
	'!'  shift 70
	'('  shift 71
	'['  shift 72
	IDENTIFIER  reduce 56

	Expr  goto 177
	LValue  goto 98
	Call  goto 99
	Receiver  goto 90
	Constant  goto 91
	ArrayConstant  goto 92


state 139
	SimpleStmt : LValue '=' . Expr  (52)
	Receiver : .  (56)

	NULL  shift 53
	THIS  shift 54
	NEW  shift 60
	VAR  shift 62
	READ_INTEGER  shift 65
	READ_LINE  shift 66
	LITERAL  shift 67
	INSTANCEOF  shift 68
	'-'  shift 69
	'!'  shift 70
	'('  shift 71
	'['  shift 72
	IDENTIFIER  reduce 56

	Expr  goto 178
	LValue  goto 98
	Call  goto 99
	Receiver  goto 90
	Constant  goto 91
	ArrayConstant  goto 92


state 140
	LValue : Receiver IDENTIFIER .  (57)
	Call : Receiver IDENTIFIER . '(' Actuals ')'  (60)

	'('  shift 179
	WHILE  reduce 57
	FOR  reduce 57
	IF  reduce 57
	REPEAT  reduce 57
	CONCAT  reduce 57
	AND  reduce 57
	OR  reduce 57
	LESS_EQUAL  reduce 57
	GREATER_EQUAL  reduce 57
	EQUAL  reduce 57
	NOT_EQUAL  reduce 57
	'+'  reduce 57
	'-'  reduce 57
	'*'  reduce 57
	'/'  reduce 57
	'%'  reduce 57
	'='  reduce 57
	'>'  reduce 57
	'<'  reduce 57
	'.'  reduce 57
	','  reduce 57
	';'  reduce 57
	')'  reduce 57
	'['  reduce 57
	']'  reduce 57
	':'  reduce 57


state 141
	Receiver : Expr . '.'  (55)
	LValue : Expr . '[' Expr ']'  (59)
	Expr : Expr . '+' Expr  (64)
	Expr : Expr . '-' Expr  (65)
	Expr : Expr . '*' Expr  (66)
	Expr : Expr . '/' Expr  (67)
	Expr : Expr . '%' Expr  (68)
	Expr : Expr . EQUAL Expr  (69)
	Expr : Expr . NOT_EQUAL Expr  (70)
	Expr : Expr . '<' Expr  (71)
	Expr : Expr . '>' Expr  (72)
	Expr : Expr . LESS_EQUAL Expr  (73)
	Expr : Expr . GREATER_EQUAL Expr  (74)
	Expr : Expr . AND Expr  (75)
	Expr : Expr . OR Expr  (76)
	Expr : Expr . REPEAT Expr  (87)
	Expr : Expr . CONCAT Expr  (88)
	Expr : Expr . '[' Expr ']' DEFAULT Expr  (90)
	Expr : Expr . '[' Expr ':' Expr ']'  (91)
	WhileStmt : WHILE '(' Expr . ')' Stmt  (105)

	REPEAT  shift 122
	CONCAT  shift 123
	AND  shift 124
	OR  shift 125
	LESS_EQUAL  shift 126
	GREATER_EQUAL  shift 127
	EQUAL  shift 128
	NOT_EQUAL  shift 129
	'+'  shift 130
	'-'  shift 131
	'*'  shift 132
	'/'  shift 133
	'%'  shift 134
	'>'  shift 135
	'<'  shift 136
	'.'  shift 137
	')'  shift 180
	'['  shift 138
	.  error


state 142
	ForStmt : FOR '(' SimpleStmt . ';' Expr ';' SimpleStmt ')' Stmt  (106)

	';'  shift 181
	.  error


state 143
	Receiver : Expr . '.'  (55)
	LValue : Expr . '[' Expr ']'  (59)
	Expr : Expr . '+' Expr  (64)
	Expr : Expr . '-' Expr  (65)
	Expr : Expr . '*' Expr  (66)
	Expr : Expr . '/' Expr  (67)
	Expr : Expr . '%' Expr  (68)
	Expr : Expr . EQUAL Expr  (69)
	Expr : Expr . NOT_EQUAL Expr  (70)
	Expr : Expr . '<' Expr  (71)
	Expr : Expr . '>' Expr  (72)
	Expr : Expr . LESS_EQUAL Expr  (73)
	Expr : Expr . GREATER_EQUAL Expr  (74)
	Expr : Expr . AND Expr  (75)
	Expr : Expr . OR Expr  (76)
	Expr : Expr . REPEAT Expr  (87)
	Expr : Expr . CONCAT Expr  (88)
	Expr : Expr . '[' Expr ']' DEFAULT Expr  (90)
	Expr : Expr . '[' Expr ':' Expr ']'  (91)
	IfStmt : IF '(' Expr . ')' Stmt ElseClause  (108)

	REPEAT  shift 122
	CONCAT  shift 123
	AND  shift 124
	OR  shift 125
	LESS_EQUAL  shift 126
	GREATER_EQUAL  shift 127
	EQUAL  shift 128
	NOT_EQUAL  shift 129
	'+'  shift 130
	'-'  shift 131
	'*'  shift 132
	'/'  shift 133
	'%'  shift 134
	'>'  shift 135
	'<'  shift 136
	'.'  shift 137
	')'  shift 182
	'['  shift 138
	.  error


state 144
	GuardedStmt : IF '{' '}' .  (41)

	.  reduce 41


state 145
	GuardedStmt : IF '{' IfBranchStar . IfSubStmt '}'  (40)
	IfBranchStar : IfBranchStar . IfBranch  (47)
	Receiver : .  (56)

	NULL  shift 53
	THIS  shift 54
	NEW  shift 60
	VAR  shift 62
	READ_INTEGER  shift 65
	READ_LINE  shift 66
	LITERAL  shift 67
	INSTANCEOF  shift 68
	'-'  shift 69
	'!'  shift 70
	'('  shift 71
	'['  shift 72
	IDENTIFIER  reduce 56

	IfSubStmt  goto 183
	Expr  goto 184
	IfBranch  goto 185
	LValue  goto 98
	Call  goto 99
	Receiver  goto 90
	Constant  goto 91
	ArrayConstant  goto 92


state 146
	Expr : NEW IDENTIFIER '(' . ')'  (83)

	')'  shift 186
	.  error


state 147
	Type : Type '[' . ']'  (11)
	Expr : NEW Type '[' . Expr ']'  (84)
	Receiver : .  (56)

	NULL  shift 53
	THIS  shift 54
	NEW  shift 60
	VAR  shift 62
	READ_INTEGER  shift 65
	READ_LINE  shift 66
	LITERAL  shift 67
	INSTANCEOF  shift 68
	'-'  shift 69
	'!'  shift 70
	'('  shift 71
	'['  shift 72
	']'  shift 37
	IDENTIFIER  reduce 56

	Expr  goto 187
	LValue  goto 98
	Call  goto 99
	Receiver  goto 90
	Constant  goto 91
	ArrayConstant  goto 92


state 148
	OCStmt : SCOPY '(' LValue . ',' Expr ')'  (51)
	Expr : LValue .  (61)

	','  shift 188
	REPEAT  reduce 61
	CONCAT  reduce 61
	AND  reduce 61
	OR  reduce 61
	LESS_EQUAL  reduce 61
	GREATER_EQUAL  reduce 61
	EQUAL  reduce 61
	NOT_EQUAL  reduce 61
	'+'  reduce 61
	'-'  reduce 61
	'*'  reduce 61
	'/'  reduce 61
	'%'  reduce 61
	'>'  reduce 61
	'<'  reduce 61
	'.'  reduce 61
	'['  reduce 61


state 149
	BoundVariable : VAR . IDENTIFIER  (43)

	IDENTIFIER  shift 189
	.  error


state 150
	Type : Type . '[' ']'  (11)
	BoundVariable : Type . IDENTIFIER  (44)

	IDENTIFIER  shift 190
	'['  shift 33
	.  error


state 151
	ForeachStmt : FOREACH '(' BoundVariable . IN Expr ForeachIf ')' Stmt  (42)

	IN  shift 191
	.  error


state 152
	Receiver : Expr . '.'  (55)
	LValue : Expr . '[' Expr ']'  (59)
	Expr : Expr . '+' Expr  (64)
	Expr : Expr . '-' Expr  (65)
	Expr : Expr . '*' Expr  (66)
	Expr : Expr . '/' Expr  (67)
	Expr : Expr . '%' Expr  (68)
	Expr : Expr . EQUAL Expr  (69)
	Expr : Expr . NOT_EQUAL Expr  (70)
	Expr : Expr . '<' Expr  (71)
	Expr : Expr . '>' Expr  (72)
	Expr : Expr . LESS_EQUAL Expr  (73)
	Expr : Expr . GREATER_EQUAL Expr  (74)
	Expr : Expr . AND Expr  (75)
	Expr : Expr . OR Expr  (76)
	Expr : Expr . REPEAT Expr  (87)
	Expr : Expr . CONCAT Expr  (88)
	Expr : Expr . '[' Expr ']' DEFAULT Expr  (90)
	Expr : Expr . '[' Expr ':' Expr ']'  (91)
	ExprList : Expr .  (104)

	REPEAT  shift 122
	CONCAT  shift 123
	AND  shift 124
	OR  shift 125
	LESS_EQUAL  shift 126
	GREATER_EQUAL  shift 127
	EQUAL  shift 128
	NOT_EQUAL  shift 129
	'+'  shift 130
	'-'  shift 131
	'*'  shift 132
	'/'  shift 133
	'%'  shift 134
	'>'  shift 135
	'<'  shift 136
	'.'  shift 137
	'['  shift 138
	','  reduce 104
	')'  reduce 104


state 153
	ExprList : ExprList . ',' Expr  (103)
	PrintStmt : PRINT '(' ExprList . ')'  (113)

	','  shift 192
	')'  shift 193
	.  error


state 154
	Expr : READ_INTEGER '(' ')' .  (80)

	.  reduce 80


state 155
	Expr : READ_LINE '(' ')' .  (81)

	.  reduce 81


state 156
	Receiver : Expr . '.'  (55)
	LValue : Expr . '[' Expr ']'  (59)
	Expr : Expr . '+' Expr  (64)
	Expr : Expr . '-' Expr  (65)
	Expr : Expr . '*' Expr  (66)
	Expr : Expr . '/' Expr  (67)
	Expr : Expr . '%' Expr  (68)
	Expr : Expr . EQUAL Expr  (69)
	Expr : Expr . NOT_EQUAL Expr  (70)
	Expr : Expr . '<' Expr  (71)
	Expr : Expr . '>' Expr  (72)
	Expr : Expr . LESS_EQUAL Expr  (73)
	Expr : Expr . GREATER_EQUAL Expr  (74)
	Expr : Expr . AND Expr  (75)
	Expr : Expr . OR Expr  (76)
	Expr : INSTANCEOF '(' Expr . ',' IDENTIFIER ')'  (85)
	Expr : Expr . REPEAT Expr  (87)
	Expr : Expr . CONCAT Expr  (88)
	Expr : Expr . '[' Expr ']' DEFAULT Expr  (90)
	Expr : Expr . '[' Expr ':' Expr ']'  (91)

	REPEAT  shift 122
	CONCAT  shift 123
	AND  shift 124
	OR  shift 125
	LESS_EQUAL  shift 126
	GREATER_EQUAL  shift 127
	EQUAL  shift 128
	NOT_EQUAL  shift 129
	'+'  shift 130
	'-'  shift 131
	'*'  shift 132
	'/'  shift 133
	'%'  shift 134
	'>'  shift 135
	'<'  shift 136
	'.'  shift 137
	','  shift 194
	'['  shift 138
	.  error


state 157
	Expr : '(' CLASS IDENTIFIER . ')' Expr  (86)

	')'  shift 195
	.  error


state 158
	Expr : '(' Expr ')' .  (77)

	.  reduce 77


state 159
	Expr : '[' Expr FOR . IDENTIFIER IN Expr COMPIF ']'  (89)

	IDENTIFIER  shift 196
	.  error


state 160
	ConstantStar : ConstantStar ',' . Constant  (99)

	NULL  shift 53
	LITERAL  shift 67
	'['  shift 197
	.  error

	Constant  goto 198
	ArrayConstant  goto 92


state 161
	ArrayConstant : '[' ConstantStar ']' .  (97)

	.  reduce 97


state 162
	Receiver : Expr . '.'  (55)
	LValue : Expr . '[' Expr ']'  (59)
	Expr : Expr . '+' Expr  (64)
	Expr : Expr . '-' Expr  (65)
	Expr : Expr . '*' Expr  (66)
	Expr : Expr . '/' Expr  (67)
	Expr : Expr . '%' Expr  (68)
	Expr : Expr . EQUAL Expr  (69)
	Expr : Expr . NOT_EQUAL Expr  (70)
	Expr : Expr . '<' Expr  (71)
	Expr : Expr . '>' Expr  (72)
	Expr : Expr . LESS_EQUAL Expr  (73)
	Expr : Expr . GREATER_EQUAL Expr  (74)
	Expr : Expr . AND Expr  (75)
	Expr : Expr . OR Expr  (76)
	Expr : Expr . REPEAT Expr  (87)
	Expr : Expr REPEAT Expr .  (87)
	Expr : Expr . CONCAT Expr  (88)
	Expr : Expr . '[' Expr ']' DEFAULT Expr  (90)
	Expr : Expr . '[' Expr ':' Expr ']'  (91)

	'+'  shift 130
	'-'  shift 131
	'*'  shift 132
	'/'  shift 133
	'%'  shift 134
	'.'  shift 137
	'['  shift 138
	WHILE  reduce 87
	FOR  reduce 87
	IF  reduce 87
	REPEAT  reduce 87
	CONCAT  reduce 87
	AND  reduce 87
	OR  reduce 87
	LESS_EQUAL  reduce 87
	GREATER_EQUAL  reduce 87
	EQUAL  reduce 87
	NOT_EQUAL  reduce 87
	'>'  reduce 87
	'<'  reduce 87
	','  reduce 87
	';'  reduce 87
	')'  reduce 87
	']'  reduce 87
	':'  reduce 87


state 163
	Receiver : Expr . '.'  (55)
	LValue : Expr . '[' Expr ']'  (59)
	Expr : Expr . '+' Expr  (64)
	Expr : Expr . '-' Expr  (65)
	Expr : Expr . '*' Expr  (66)
	Expr : Expr . '/' Expr  (67)
	Expr : Expr . '%' Expr  (68)
	Expr : Expr . EQUAL Expr  (69)
	Expr : Expr . NOT_EQUAL Expr  (70)
	Expr : Expr . '<' Expr  (71)
	Expr : Expr . '>' Expr  (72)
	Expr : Expr . LESS_EQUAL Expr  (73)
	Expr : Expr . GREATER_EQUAL Expr  (74)
	Expr : Expr . AND Expr  (75)
	Expr : Expr . OR Expr  (76)
	Expr : Expr . REPEAT Expr  (87)
	Expr : Expr . CONCAT Expr  (88)
	Expr : Expr CONCAT Expr .  (88)
	Expr : Expr . '[' Expr ']' DEFAULT Expr  (90)
	Expr : Expr . '[' Expr ':' Expr ']'  (91)

	REPEAT  shift 122
	CONCAT  shift 123
	'+'  shift 130
	'-'  shift 131
	'*'  shift 132
	'/'  shift 133
	'%'  shift 134
	'.'  shift 137
	'['  shift 138
	WHILE  reduce 88
	FOR  reduce 88
	IF  reduce 88
	AND  reduce 88
	OR  reduce 88
	LESS_EQUAL  reduce 88
	GREATER_EQUAL  reduce 88
	EQUAL  reduce 88
	NOT_EQUAL  reduce 88
	'>'  reduce 88
	'<'  reduce 88
	','  reduce 88
	';'  reduce 88
	')'  reduce 88
	']'  reduce 88
	':'  reduce 88


state 164
	Receiver : Expr . '.'  (55)
	LValue : Expr . '[' Expr ']'  (59)
	Expr : Expr . '+' Expr  (64)
	Expr : Expr . '-' Expr  (65)
	Expr : Expr . '*' Expr  (66)
	Expr : Expr . '/' Expr  (67)
	Expr : Expr . '%' Expr  (68)
	Expr : Expr . EQUAL Expr  (69)
	Expr : Expr . NOT_EQUAL Expr  (70)
	Expr : Expr . '<' Expr  (71)
	Expr : Expr . '>' Expr  (72)
	Expr : Expr . LESS_EQUAL Expr  (73)
	Expr : Expr . GREATER_EQUAL Expr  (74)
	Expr : Expr . AND Expr  (75)
	Expr : Expr AND Expr .  (75)
	Expr : Expr . OR Expr  (76)
	Expr : Expr . REPEAT Expr  (87)
	Expr : Expr . CONCAT Expr  (88)
	Expr : Expr . '[' Expr ']' DEFAULT Expr  (90)
	Expr : Expr . '[' Expr ':' Expr ']'  (91)

	REPEAT  shift 122
	CONCAT  shift 123
	LESS_EQUAL  shift 126
	GREATER_EQUAL  shift 127
	EQUAL  shift 128
	NOT_EQUAL  shift 129
	'+'  shift 130
	'-'  shift 131
	'*'  shift 132
	'/'  shift 133
	'%'  shift 134
	'>'  shift 135
	'<'  shift 136
	'.'  shift 137
	'['  shift 138
	WHILE  reduce 75
	FOR  reduce 75
	IF  reduce 75
	AND  reduce 75
	OR  reduce 75
	','  reduce 75
	';'  reduce 75
	')'  reduce 75
	']'  reduce 75
	':'  reduce 75


state 165
	Receiver : Expr . '.'  (55)
	LValue : Expr . '[' Expr ']'  (59)
	Expr : Expr . '+' Expr  (64)
	Expr : Expr . '-' Expr  (65)
	Expr : Expr . '*' Expr  (66)
	Expr : Expr . '/' Expr  (67)
	Expr : Expr . '%' Expr  (68)
	Expr : Expr . EQUAL Expr  (69)
	Expr : Expr . NOT_EQUAL Expr  (70)
	Expr : Expr . '<' Expr  (71)
	Expr : Expr . '>' Expr  (72)
	Expr : Expr . LESS_EQUAL Expr  (73)
	Expr : Expr . GREATER_EQUAL Expr  (74)
	Expr : Expr . AND Expr  (75)
	Expr : Expr . OR Expr  (76)
	Expr : Expr OR Expr .  (76)
	Expr : Expr . REPEAT Expr  (87)
	Expr : Expr . CONCAT Expr  (88)
	Expr : Expr . '[' Expr ']' DEFAULT Expr  (90)
	Expr : Expr . '[' Expr ':' Expr ']'  (91)

	REPEAT  shift 122
	CONCAT  shift 123
	AND  shift 124
	LESS_EQUAL  shift 126
	GREATER_EQUAL  shift 127
	EQUAL  shift 128
	NOT_EQUAL  shift 129
	'+'  shift 130
	'-'  shift 131
	'*'  shift 132
	'/'  shift 133
	'%'  shift 134
	'>'  shift 135
	'<'  shift 136
	'.'  shift 137
	'['  shift 138
	WHILE  reduce 76
	FOR  reduce 76
	IF  reduce 76
	OR  reduce 76
	','  reduce 76
	';'  reduce 76
	')'  reduce 76
	']'  reduce 76
	':'  reduce 76


state 166
	Receiver : Expr . '.'  (55)
	LValue : Expr . '[' Expr ']'  (59)
	Expr : Expr . '+' Expr  (64)
	Expr : Expr . '-' Expr  (65)
	Expr : Expr . '*' Expr  (66)
	Expr : Expr . '/' Expr  (67)
	Expr : Expr . '%' Expr  (68)
	Expr : Expr . EQUAL Expr  (69)
	Expr : Expr . NOT_EQUAL Expr  (70)
	Expr : Expr . '<' Expr  (71)
	Expr : Expr . '>' Expr  (72)
	Expr : Expr . LESS_EQUAL Expr  (73)
	Expr : Expr LESS_EQUAL Expr .  (73)
	Expr : Expr . GREATER_EQUAL Expr  (74)
	Expr : Expr . AND Expr  (75)
	Expr : Expr . OR Expr  (76)
	Expr : Expr . REPEAT Expr  (87)
	Expr : Expr . CONCAT Expr  (88)
	Expr : Expr . '[' Expr ']' DEFAULT Expr  (90)
	Expr : Expr . '[' Expr ':' Expr ']'  (91)

	REPEAT  shift 122
	CONCAT  shift 123
	'+'  shift 130
	'-'  shift 131
	'*'  shift 132
	'/'  shift 133
	'%'  shift 134
	'.'  shift 137
	'['  shift 138
	WHILE  reduce 73
	FOR  reduce 73
	IF  reduce 73
	AND  reduce 73
	OR  reduce 73
	EQUAL  reduce 73
	NOT_EQUAL  reduce 73
	','  reduce 73
	';'  reduce 73
	')'  reduce 73
	']'  reduce 73
	':'  reduce 73


state 167
	Receiver : Expr . '.'  (55)
	LValue : Expr . '[' Expr ']'  (59)
	Expr : Expr . '+' Expr  (64)
	Expr : Expr . '-' Expr  (65)
	Expr : Expr . '*' Expr  (66)
	Expr : Expr . '/' Expr  (67)
	Expr : Expr . '%' Expr  (68)
	Expr : Expr . EQUAL Expr  (69)
	Expr : Expr . NOT_EQUAL Expr  (70)
	Expr : Expr . '<' Expr  (71)
	Expr : Expr . '>' Expr  (72)
	Expr : Expr . LESS_EQUAL Expr  (73)
	Expr : Expr . GREATER_EQUAL Expr  (74)
	Expr : Expr GREATER_EQUAL Expr .  (74)
	Expr : Expr . AND Expr  (75)
	Expr : Expr . OR Expr  (76)
	Expr : Expr . REPEAT Expr  (87)
	Expr : Expr . CONCAT Expr  (88)
	Expr : Expr . '[' Expr ']' DEFAULT Expr  (90)
	Expr : Expr . '[' Expr ':' Expr ']'  (91)

	REPEAT  shift 122
	CONCAT  shift 123
	'+'  shift 130
	'-'  shift 131
	'*'  shift 132
	'/'  shift 133
	'%'  shift 134
	'.'  shift 137
	'['  shift 138
	WHILE  reduce 74
	FOR  reduce 74
	IF  reduce 74
	AND  reduce 74
	OR  reduce 74
	EQUAL  reduce 74
	NOT_EQUAL  reduce 74
	','  reduce 74
	';'  reduce 74
	')'  reduce 74
	']'  reduce 74
	':'  reduce 74


state 168
	Receiver : Expr . '.'  (55)
	LValue : Expr . '[' Expr ']'  (59)
	Expr : Expr . '+' Expr  (64)
	Expr : Expr . '-' Expr  (65)
	Expr : Expr . '*' Expr  (66)
	Expr : Expr . '/' Expr  (67)
	Expr : Expr . '%' Expr  (68)
	Expr : Expr . EQUAL Expr  (69)
	Expr : Expr EQUAL Expr .  (69)
	Expr : Expr . NOT_EQUAL Expr  (70)
	Expr : Expr . '<' Expr  (71)
	Expr : Expr . '>' Expr  (72)
	Expr : Expr . LESS_EQUAL Expr  (73)
	Expr : Expr . GREATER_EQUAL Expr  (74)
	Expr : Expr . AND Expr  (75)
	Expr : Expr . OR Expr  (76)
	Expr : Expr . REPEAT Expr  (87)
	Expr : Expr . CONCAT Expr  (88)
	Expr : Expr . '[' Expr ']' DEFAULT Expr  (90)
	Expr : Expr . '[' Expr ':' Expr ']'  (91)

	REPEAT  shift 122
	CONCAT  shift 123
	LESS_EQUAL  shift 126
	GREATER_EQUAL  shift 127
	'+'  shift 130
	'-'  shift 131
	'*'  shift 132
	'/'  shift 133
	'%'  shift 134
	'>'  shift 135
	'<'  shift 136
	'.'  shift 137
	'['  shift 138
	WHILE  reduce 69
	FOR  reduce 69
	IF  reduce 69
	AND  reduce 69
	OR  reduce 69
	','  reduce 69
	';'  reduce 69
	')'  reduce 69
	']'  reduce 69
	':'  reduce 69


state 169
	Receiver : Expr . '.'  (55)
	LValue : Expr . '[' Expr ']'  (59)
	Expr : Expr . '+' Expr  (64)
	Expr : Expr . '-' Expr  (65)
	Expr : Expr . '*' Expr  (66)
	Expr : Expr . '/' Expr  (67)
	Expr : Expr . '%' Expr  (68)
	Expr : Expr . EQUAL Expr  (69)
	Expr : Expr . NOT_EQUAL Expr  (70)
	Expr : Expr NOT_EQUAL Expr .  (70)
	Expr : Expr . '<' Expr  (71)
	Expr : Expr . '>' Expr  (72)
	Expr : Expr . LESS_EQUAL Expr  (73)
	Expr : Expr . GREATER_EQUAL Expr  (74)
	Expr : Expr . AND Expr  (75)
	Expr : Expr . OR Expr  (76)
	Expr : Expr . REPEAT Expr  (87)
	Expr : Expr . CONCAT Expr  (88)
	Expr : Expr . '[' Expr ']' DEFAULT Expr  (90)
	Expr : Expr . '[' Expr ':' Expr ']'  (91)

	REPEAT  shift 122
	CONCAT  shift 123
	LESS_EQUAL  shift 126
	GREATER_EQUAL  shift 127
	'+'  shift 130
	'-'  shift 131
	'*'  shift 132
	'/'  shift 133
	'%'  shift 134
	'>'  shift 135
	'<'  shift 136
	'.'  shift 137
	'['  shift 138
	WHILE  reduce 70
	FOR  reduce 70
	IF  reduce 70
	AND  reduce 70
	OR  reduce 70
	','  reduce 70
	';'  reduce 70
	')'  reduce 70
	']'  reduce 70
	':'  reduce 70


state 170
	Receiver : Expr . '.'  (55)
	LValue : Expr . '[' Expr ']'  (59)
	Expr : Expr . '+' Expr  (64)
	Expr : Expr '+' Expr .  (64)
	Expr : Expr . '-' Expr  (65)
	Expr : Expr . '*' Expr  (66)
	Expr : Expr . '/' Expr  (67)
	Expr : Expr . '%' Expr  (68)
	Expr : Expr . EQUAL Expr  (69)
	Expr : Expr . NOT_EQUAL Expr  (70)
	Expr : Expr . '<' Expr  (71)
	Expr : Expr . '>' Expr  (72)
	Expr : Expr . LESS_EQUAL Expr  (73)
	Expr : Expr . GREATER_EQUAL Expr  (74)
	Expr : Expr . AND Expr  (75)
	Expr : Expr . OR Expr  (76)
	Expr : Expr . REPEAT Expr  (87)
	Expr : Expr . CONCAT Expr  (88)
	Expr : Expr . '[' Expr ']' DEFAULT Expr  (90)
	Expr : Expr . '[' Expr ':' Expr ']'  (91)

	'*'  shift 132
	'/'  shift 133
	'%'  shift 134
	'.'  shift 137
	'['  shift 138
	WHILE  reduce 64
	FOR  reduce 64
	IF  reduce 64
	REPEAT  reduce 64
	CONCAT  reduce 64
	AND  reduce 64
	OR  reduce 64
	LESS_EQUAL  reduce 64
	GREATER_EQUAL  reduce 64
	EQUAL  reduce 64
	NOT_EQUAL  reduce 64
	'+'  reduce 64
	'-'  reduce 64
	'>'  reduce 64
	'<'  reduce 64
	','  reduce 64
	';'  reduce 64
	')'  reduce 64
	']'  reduce 64
	':'  reduce 64


state 171
	Receiver : Expr . '.'  (55)
	LValue : Expr . '[' Expr ']'  (59)
	Expr : Expr . '+' Expr  (64)
	Expr : Expr . '-' Expr  (65)
	Expr : Expr '-' Expr .  (65)
	Expr : Expr . '*' Expr  (66)
	Expr : Expr . '/' Expr  (67)
	Expr : Expr . '%' Expr  (68)
	Expr : Expr . EQUAL Expr  (69)
	Expr : Expr . NOT_EQUAL Expr  (70)
	Expr : Expr . '<' Expr  (71)
	Expr : Expr . '>' Expr  (72)
	Expr : Expr . LESS_EQUAL Expr  (73)
	Expr : Expr . GREATER_EQUAL Expr  (74)
	Expr : Expr . AND Expr  (75)
	Expr : Expr . OR Expr  (76)
	Expr : Expr . REPEAT Expr  (87)
	Expr : Expr . CONCAT Expr  (88)
	Expr : Expr . '[' Expr ']' DEFAULT Expr  (90)
	Expr : Expr . '[' Expr ':' Expr ']'  (91)

	'*'  shift 132
	'/'  shift 133
	'%'  shift 134
	'.'  shift 137
	'['  shift 138
	WHILE  reduce 65
	FOR  reduce 65
	IF  reduce 65
	REPEAT  reduce 65
	CONCAT  reduce 65
	AND  reduce 65
	OR  reduce 65
	LESS_EQUAL  reduce 65
	GREATER_EQUAL  reduce 65
	EQUAL  reduce 65
	NOT_EQUAL  reduce 65
	'+'  reduce 65
	'-'  reduce 65
	'>'  reduce 65
	'<'  reduce 65
	','  reduce 65
	';'  reduce 65
	')'  reduce 65
	']'  reduce 65
	':'  reduce 65


state 172
	Receiver : Expr . '.'  (55)
	LValue : Expr . '[' Expr ']'  (59)
	Expr : Expr . '+' Expr  (64)
	Expr : Expr . '-' Expr  (65)
	Expr : Expr . '*' Expr  (66)
	Expr : Expr '*' Expr .  (66)
	Expr : Expr . '/' Expr  (67)
	Expr : Expr . '%' Expr  (68)
	Expr : Expr . EQUAL Expr  (69)
	Expr : Expr . NOT_EQUAL Expr  (70)
	Expr : Expr . '<' Expr  (71)
	Expr : Expr . '>' Expr  (72)
	Expr : Expr . LESS_EQUAL Expr  (73)
	Expr : Expr . GREATER_EQUAL Expr  (74)
	Expr : Expr . AND Expr  (75)
	Expr : Expr . OR Expr  (76)
	Expr : Expr . REPEAT Expr  (87)
	Expr : Expr . CONCAT Expr  (88)
	Expr : Expr . '[' Expr ']' DEFAULT Expr  (90)
	Expr : Expr . '[' Expr ':' Expr ']'  (91)

	'.'  shift 137
	'['  shift 138
	WHILE  reduce 66
	FOR  reduce 66
	IF  reduce 66
	REPEAT  reduce 66
	CONCAT  reduce 66
	AND  reduce 66
	OR  reduce 66
	LESS_EQUAL  reduce 66
	GREATER_EQUAL  reduce 66
	EQUAL  reduce 66
	NOT_EQUAL  reduce 66
	'+'  reduce 66
	'-'  reduce 66
	'*'  reduce 66
	'/'  reduce 66
	'%'  reduce 66
	'>'  reduce 66
	'<'  reduce 66
	','  reduce 66
	';'  reduce 66
	')'  reduce 66
	']'  reduce 66
	':'  reduce 66


state 173
	Receiver : Expr . '.'  (55)
	LValue : Expr . '[' Expr ']'  (59)
	Expr : Expr . '+' Expr  (64)
	Expr : Expr . '-' Expr  (65)
	Expr : Expr . '*' Expr  (66)
	Expr : Expr . '/' Expr  (67)
	Expr : Expr '/' Expr .  (67)
	Expr : Expr . '%' Expr  (68)
	Expr : Expr . EQUAL Expr  (69)
	Expr : Expr . NOT_EQUAL Expr  (70)
	Expr : Expr . '<' Expr  (71)
	Expr : Expr . '>' Expr  (72)
	Expr : Expr . LESS_EQUAL Expr  (73)
	Expr : Expr . GREATER_EQUAL Expr  (74)
	Expr : Expr . AND Expr  (75)
	Expr : Expr . OR Expr  (76)
	Expr : Expr . REPEAT Expr  (87)
	Expr : Expr . CONCAT Expr  (88)
	Expr : Expr . '[' Expr ']' DEFAULT Expr  (90)
	Expr : Expr . '[' Expr ':' Expr ']'  (91)

	'.'  shift 137
	'['  shift 138
	WHILE  reduce 67
	FOR  reduce 67
	IF  reduce 67
	REPEAT  reduce 67
	CONCAT  reduce 67
	AND  reduce 67
	OR  reduce 67
	LESS_EQUAL  reduce 67
	GREATER_EQUAL  reduce 67
	EQUAL  reduce 67
	NOT_EQUAL  reduce 67
	'+'  reduce 67
	'-'  reduce 67
	'*'  reduce 67
	'/'  reduce 67
	'%'  reduce 67
	'>'  reduce 67
	'<'  reduce 67
	','  reduce 67
	';'  reduce 67
	')'  reduce 67
	']'  reduce 67
	':'  reduce 67


state 174
	Receiver : Expr . '.'  (55)
	LValue : Expr . '[' Expr ']'  (59)
	Expr : Expr . '+' Expr  (64)
	Expr : Expr . '-' Expr  (65)
	Expr : Expr . '*' Expr  (66)
	Expr : Expr . '/' Expr  (67)
	Expr : Expr . '%' Expr  (68)
	Expr : Expr '%' Expr .  (68)
	Expr : Expr . EQUAL Expr  (69)
	Expr : Expr . NOT_EQUAL Expr  (70)
	Expr : Expr . '<' Expr  (71)
	Expr : Expr . '>' Expr  (72)
	Expr : Expr . LESS_EQUAL Expr  (73)
	Expr : Expr . GREATER_EQUAL Expr  (74)
	Expr : Expr . AND Expr  (75)
	Expr : Expr . OR Expr  (76)
	Expr : Expr . REPEAT Expr  (87)
	Expr : Expr . CONCAT Expr  (88)
	Expr : Expr . '[' Expr ']' DEFAULT Expr  (90)
	Expr : Expr . '[' Expr ':' Expr ']'  (91)

	'.'  shift 137
	'['  shift 138
	WHILE  reduce 68
	FOR  reduce 68
	IF  reduce 68
	REPEAT  reduce 68
	CONCAT  reduce 68
	AND  reduce 68
	OR  reduce 68
	LESS_EQUAL  reduce 68
	GREATER_EQUAL  reduce 68
	EQUAL  reduce 68
	NOT_EQUAL  reduce 68
	'+'  reduce 68
	'-'  reduce 68
	'*'  reduce 68
	'/'  reduce 68
	'%'  reduce 68
	'>'  reduce 68
	'<'  reduce 68
	','  reduce 68
	';'  reduce 68
	')'  reduce 68
	']'  reduce 68
	':'  reduce 68


state 175
	Receiver : Expr . '.'  (55)
	LValue : Expr . '[' Expr ']'  (59)
	Expr : Expr . '+' Expr  (64)
	Expr : Expr . '-' Expr  (65)
	Expr : Expr . '*' Expr  (66)
	Expr : Expr . '/' Expr  (67)
	Expr : Expr . '%' Expr  (68)
	Expr : Expr . EQUAL Expr  (69)
	Expr : Expr . NOT_EQUAL Expr  (70)
	Expr : Expr . '<' Expr  (71)
	Expr : Expr . '>' Expr  (72)
	Expr : Expr '>' Expr .  (72)
	Expr : Expr . LESS_EQUAL Expr  (73)
	Expr : Expr . GREATER_EQUAL Expr  (74)
	Expr : Expr . AND Expr  (75)
	Expr : Expr . OR Expr  (76)
	Expr : Expr . REPEAT Expr  (87)
	Expr : Expr . CONCAT Expr  (88)
	Expr : Expr . '[' Expr ']' DEFAULT Expr  (90)
	Expr : Expr . '[' Expr ':' Expr ']'  (91)

	REPEAT  shift 122
	CONCAT  shift 123
	'+'  shift 130
	'-'  shift 131
	'*'  shift 132
	'/'  shift 133
	'%'  shift 134
	'.'  shift 137
	'['  shift 138
	WHILE  reduce 72
	FOR  reduce 72
	IF  reduce 72
	AND  reduce 72
	OR  reduce 72
	EQUAL  reduce 72
	NOT_EQUAL  reduce 72
	','  reduce 72
	';'  reduce 72
	')'  reduce 72
	']'  reduce 72
	':'  reduce 72


state 176
	Receiver : Expr . '.'  (55)
	LValue : Expr . '[' Expr ']'  (59)
	Expr : Expr . '+' Expr  (64)
	Expr : Expr . '-' Expr  (65)
	Expr : Expr . '*' Expr  (66)
	Expr : Expr . '/' Expr  (67)
	Expr : Expr . '%' Expr  (68)
	Expr : Expr . EQUAL Expr  (69)
	Expr : Expr . NOT_EQUAL Expr  (70)
	Expr : Expr . '<' Expr  (71)
	Expr : Expr '<' Expr .  (71)
	Expr : Expr . '>' Expr  (72)
	Expr : Expr . LESS_EQUAL Expr  (73)
	Expr : Expr . GREATER_EQUAL Expr  (74)
	Expr : Expr . AND Expr  (75)
	Expr : Expr . OR Expr  (76)
	Expr : Expr . REPEAT Expr  (87)
	Expr : Expr . CONCAT Expr  (88)
	Expr : Expr . '[' Expr ']' DEFAULT Expr  (90)
	Expr : Expr . '[' Expr ':' Expr ']'  (91)

	REPEAT  shift 122
	CONCAT  shift 123
	'+'  shift 130
	'-'  shift 131
	'*'  shift 132
	'/'  shift 133
	'%'  shift 134
	'.'  shift 137
	'['  shift 138
	WHILE  reduce 71
	FOR  reduce 71
	IF  reduce 71
	AND  reduce 71
	OR  reduce 71
	EQUAL  reduce 71
	NOT_EQUAL  reduce 71
	','  reduce 71
	';'  reduce 71
	')'  reduce 71
	']'  reduce 71
	':'  reduce 71


state 177
	Receiver : Expr . '.'  (55)
	LValue : Expr . '[' Expr ']'  (59)
	LValue : Expr '[' Expr . ']'  (59)
	Expr : Expr . '+' Expr  (64)
	Expr : Expr . '-' Expr  (65)
	Expr : Expr . '*' Expr  (66)
	Expr : Expr . '/' Expr  (67)
	Expr : Expr . '%' Expr  (68)
	Expr : Expr . EQUAL Expr  (69)
	Expr : Expr . NOT_EQUAL Expr  (70)
	Expr : Expr . '<' Expr  (71)
	Expr : Expr . '>' Expr  (72)
	Expr : Expr . LESS_EQUAL Expr  (73)
	Expr : Expr . GREATER_EQUAL Expr  (74)
	Expr : Expr . AND Expr  (75)
	Expr : Expr . OR Expr  (76)
	Expr : Expr . REPEAT Expr  (87)
	Expr : Expr . CONCAT Expr  (88)
	Expr : Expr . '[' Expr ']' DEFAULT Expr  (90)
	Expr : Expr '[' Expr . ']' DEFAULT Expr  (90)
	Expr : Expr . '[' Expr ':' Expr ']'  (91)
	Expr : Expr '[' Expr . ':' Expr ']'  (91)

	REPEAT  shift 122
	CONCAT  shift 123
	AND  shift 124
	OR  shift 125
	LESS_EQUAL  shift 126
	GREATER_EQUAL  shift 127
	EQUAL  shift 128
	NOT_EQUAL  shift 129
	'+'  shift 130
	'-'  shift 131
	'*'  shift 132
	'/'  shift 133
	'%'  shift 134
	'>'  shift 135
	'<'  shift 136
	'.'  shift 137
	'['  shift 138
	']'  shift 199
	':'  shift 200
	.  error


state 178
	SimpleStmt : LValue '=' Expr .  (52)
	Receiver : Expr . '.'  (55)
	LValue : Expr . '[' Expr ']'  (59)
	Expr : Expr . '+' Expr  (64)
	Expr : Expr . '-' Expr  (65)
	Expr : Expr . '*' Expr  (66)
	Expr : Expr . '/' Expr  (67)
	Expr : Expr . '%' Expr  (68)
	Expr : Expr . EQUAL Expr  (69)
	Expr : Expr . NOT_EQUAL Expr  (70)
	Expr : Expr . '<' Expr  (71)
	Expr : Expr . '>' Expr  (72)
	Expr : Expr . LESS_EQUAL Expr  (73)
	Expr : Expr . GREATER_EQUAL Expr  (74)
	Expr : Expr . AND Expr  (75)
	Expr : Expr . OR Expr  (76)
	Expr : Expr . REPEAT Expr  (87)
	Expr : Expr . CONCAT Expr  (88)
	Expr : Expr . '[' Expr ']' DEFAULT Expr  (90)
	Expr : Expr . '[' Expr ':' Expr ']'  (91)

	REPEAT  shift 122
	CONCAT  shift 123
	AND  shift 124
	OR  shift 125
	LESS_EQUAL  shift 126
	GREATER_EQUAL  shift 127
	EQUAL  shift 128
	NOT_EQUAL  shift 129
	'+'  shift 130
	'-'  shift 131
	'*'  shift 132
	'/'  shift 133
	'%'  shift 134
	'>'  shift 135
	'<'  shift 136
	'.'  shift 137
	'['  shift 138
	';'  reduce 52
	')'  reduce 52


state 179
	Call : Receiver IDENTIFIER '(' . Actuals ')'  (60)
	Receiver : .  (56)
	Actuals : .  (102)

	NULL  shift 53
	THIS  shift 54
	NEW  shift 60
	VAR  shift 62
	READ_INTEGER  shift 65
	READ_LINE  shift 66
	LITERAL  shift 67
	INSTANCEOF  shift 68
	'-'  shift 69
	'!'  shift 70
	'('  shift 71
	'['  shift 72
	IDENTIFIER  reduce 56
	')'  reduce 102

	Expr  goto 152
	LValue  goto 98
	Call  goto 99
	Receiver  goto 90
	Actuals  goto 201
	Constant  goto 91
	ArrayConstant  goto 92
	ExprList  goto 202


state 180
	WhileStmt : WHILE '(' Expr ')' . Stmt  (105)
	SimpleStmt : .  (54)
	Receiver : .  (56)

	VOID  shift 17
	BOOL  shift 18
	INT  shift 19
	STRING  shift 20
	CLASS  shift 21
	NULL  shift 53
	THIS  shift 54
	WHILE  shift 55
	FOR  shift 56
	IF  shift 57
	RETURN  shift 58
	BREAK  shift 59
	NEW  shift 60
	SCOPY  shift 61
	VAR  shift 62
	FOREACH  shift 63
	PRINT  shift 64
	READ_INTEGER  shift 65
	READ_LINE  shift 66
	LITERAL  shift 67
	INSTANCEOF  shift 68
	'-'  shift 69
	'!'  shift 70
	'('  shift 71
	'['  shift 72
	'{'  shift 48
	IDENTIFIER  reduce 56
	';'  reduce 54

	VariableDef  goto 74
	Variable  goto 25
	Type  goto 40
	StmtBlock  goto 75
	Stmt  goto 203
	SimpleStmt  goto 77
	IfStmt  goto 78
	WhileStmt  goto 79
	ForStmt  goto 80
	ReturnStmt  goto 81
	PrintStmt  goto 82
	BreakStmt  goto 83
	OCStmt  goto 84
	GuardedStmt  goto 85
	ForeachStmt  goto 86
	Expr  goto 87
	LValue  goto 88
	Call  goto 89
	Receiver  goto 90
	Constant  goto 91
	ArrayConstant  goto 92


state 181
	ForStmt : FOR '(' SimpleStmt ';' . Expr ';' SimpleStmt ')' Stmt  (106)
	Receiver : .  (56)

	NULL  shift 53
	THIS  shift 54
	NEW  shift 60
	VAR  shift 62
	READ_INTEGER  shift 65
	READ_LINE  shift 66
	LITERAL  shift 67
	INSTANCEOF  shift 68
	'-'  shift 69
	'!'  shift 70
	'('  shift 71
	'['  shift 72
	IDENTIFIER  reduce 56

	Expr  goto 204
	LValue  goto 98
	Call  goto 99
	Receiver  goto 90
	Constant  goto 91
	ArrayConstant  goto 92


state 182
	IfStmt : IF '(' Expr ')' . Stmt ElseClause  (108)
	SimpleStmt : .  (54)
	Receiver : .  (56)

	VOID  shift 17
	BOOL  shift 18
	INT  shift 19
	STRING  shift 20
	CLASS  shift 21
	NULL  shift 53
	THIS  shift 54
	WHILE  shift 55
	FOR  shift 56
	IF  shift 57
	RETURN  shift 58
	BREAK  shift 59
	NEW  shift 60
	SCOPY  shift 61
	VAR  shift 62
	FOREACH  shift 63
	PRINT  shift 64
	READ_INTEGER  shift 65
	READ_LINE  shift 66
	LITERAL  shift 67
	INSTANCEOF  shift 68
	'-'  shift 69
	'!'  shift 70
	'('  shift 71
	'['  shift 72
	'{'  shift 48
	IDENTIFIER  reduce 56
	';'  reduce 54

	VariableDef  goto 74
	Variable  goto 25
	Type  goto 40
	StmtBlock  goto 75
	Stmt  goto 205
	SimpleStmt  goto 77
	IfStmt  goto 78
	WhileStmt  goto 79
	ForStmt  goto 80
	ReturnStmt  goto 81
	PrintStmt  goto 82
	BreakStmt  goto 83
	OCStmt  goto 84
	GuardedStmt  goto 85
	ForeachStmt  goto 86
	Expr  goto 87
	LValue  goto 88
	Call  goto 89
	Receiver  goto 90
	Constant  goto 91
	ArrayConstant  goto 92


state 183
	GuardedStmt : IF '{' IfBranchStar IfSubStmt . '}'  (40)
	IfBranch : IfSubStmt . TRIPIPE  (49)

	TRIPIPE  shift 206
	'}'  shift 207
	.  error


state 184
	IfSubStmt : Expr . ':' Stmt  (50)
	Receiver : Expr . '.'  (55)
	LValue : Expr . '[' Expr ']'  (59)
	Expr : Expr . '+' Expr  (64)
	Expr : Expr . '-' Expr  (65)
	Expr : Expr . '*' Expr  (66)
	Expr : Expr . '/' Expr  (67)
	Expr : Expr . '%' Expr  (68)
	Expr : Expr . EQUAL Expr  (69)
	Expr : Expr . NOT_EQUAL Expr  (70)
	Expr : Expr . '<' Expr  (71)
	Expr : Expr . '>' Expr  (72)
	Expr : Expr . LESS_EQUAL Expr  (73)
	Expr : Expr . GREATER_EQUAL Expr  (74)
	Expr : Expr . AND Expr  (75)
	Expr : Expr . OR Expr  (76)
	Expr : Expr . REPEAT Expr  (87)
	Expr : Expr . CONCAT Expr  (88)
	Expr : Expr . '[' Expr ']' DEFAULT Expr  (90)
	Expr : Expr . '[' Expr ':' Expr ']'  (91)

	REPEAT  shift 122
	CONCAT  shift 123
	AND  shift 124
	OR  shift 125
	LESS_EQUAL  shift 126
	GREATER_EQUAL  shift 127
	EQUAL  shift 128
	NOT_EQUAL  shift 129
	'+'  shift 130
	'-'  shift 131
	'*'  shift 132
	'/'  shift 133
	'%'  shift 134
	'>'  shift 135
	'<'  shift 136
	'.'  shift 137
	'['  shift 138
	':'  shift 208
	.  error


state 185
	IfBranchStar : IfBranchStar IfBranch .  (47)

	.  reduce 47


state 186
	Expr : NEW IDENTIFIER '(' ')' .  (83)

	.  reduce 83


state 187
	Receiver : Expr . '.'  (55)
	LValue : Expr . '[' Expr ']'  (59)
	Expr : Expr . '+' Expr  (64)
	Expr : Expr . '-' Expr  (65)
	Expr : Expr . '*' Expr  (66)
	Expr : Expr . '/' Expr  (67)
	Expr : Expr . '%' Expr  (68)
	Expr : Expr . EQUAL Expr  (69)
	Expr : Expr . NOT_EQUAL Expr  (70)
	Expr : Expr . '<' Expr  (71)
	Expr : Expr . '>' Expr  (72)
	Expr : Expr . LESS_EQUAL Expr  (73)
	Expr : Expr . GREATER_EQUAL Expr  (74)
	Expr : Expr . AND Expr  (75)
	Expr : Expr . OR Expr  (76)
	Expr : NEW Type '[' Expr . ']'  (84)
	Expr : Expr . REPEAT Expr  (87)
	Expr : Expr . CONCAT Expr  (88)
	Expr : Expr . '[' Expr ']' DEFAULT Expr  (90)
	Expr : Expr . '[' Expr ':' Expr ']'  (91)

	REPEAT  shift 122
	CONCAT  shift 123
	AND  shift 124
	OR  shift 125
	LESS_EQUAL  shift 126
	GREATER_EQUAL  shift 127
	EQUAL  shift 128
	NOT_EQUAL  shift 129
	'+'  shift 130
	'-'  shift 131
	'*'  shift 132
	'/'  shift 133
	'%'  shift 134
	'>'  shift 135
	'<'  shift 136
	'.'  shift 137
	'['  shift 138
	']'  shift 209
	.  error


state 188
	OCStmt : SCOPY '(' LValue ',' . Expr ')'  (51)
	Receiver : .  (56)

	NULL  shift 53
	THIS  shift 54
	NEW  shift 60
	VAR  shift 62
	READ_INTEGER  shift 65
	READ_LINE  shift 66
	LITERAL  shift 67
	INSTANCEOF  shift 68
	'-'  shift 69
	'!'  shift 70
	'('  shift 71
	'['  shift 72
	IDENTIFIER  reduce 56

	Expr  goto 210
	LValue  goto 98
	Call  goto 99
	Receiver  goto 90
	Constant  goto 91
	ArrayConstant  goto 92


state 189
	BoundVariable : VAR IDENTIFIER .  (43)

	.  reduce 43


state 190
	BoundVariable : Type IDENTIFIER .  (44)

	.  reduce 44


state 191
	ForeachStmt : FOREACH '(' BoundVariable IN . Expr ForeachIf ')' Stmt  (42)
	Receiver : .  (56)

	NULL  shift 53
	THIS  shift 54
	NEW  shift 60
	VAR  shift 62
	READ_INTEGER  shift 65
	READ_LINE  shift 66
	LITERAL  shift 67
	INSTANCEOF  shift 68
	'-'  shift 69
	'!'  shift 70
	'('  shift 71
	'['  shift 72
	IDENTIFIER  reduce 56

	Expr  goto 211
	LValue  goto 98
	Call  goto 99
	Receiver  goto 90
	Constant  goto 91
	ArrayConstant  goto 92


state 192
	ExprList : ExprList ',' . Expr  (103)
	Receiver : .  (56)

	NULL  shift 53
	THIS  shift 54
	NEW  shift 60
	VAR  shift 62
	READ_INTEGER  shift 65
	READ_LINE  shift 66
	LITERAL  shift 67
	INSTANCEOF  shift 68
	'-'  shift 69
	'!'  shift 70
	'('  shift 71
	'['  shift 72
	IDENTIFIER  reduce 56

	Expr  goto 212
	LValue  goto 98
	Call  goto 99
	Receiver  goto 90
	Constant  goto 91
	ArrayConstant  goto 92


state 193
	PrintStmt : PRINT '(' ExprList ')' .  (113)

	.  reduce 113


state 194
	Expr : INSTANCEOF '(' Expr ',' . IDENTIFIER ')'  (85)

	IDENTIFIER  shift 213
	.  error


state 195
	Expr : '(' CLASS IDENTIFIER ')' . Expr  (86)
	Receiver : .  (56)

	NULL  shift 53
	THIS  shift 54
	NEW  shift 60
	VAR  shift 62
	READ_INTEGER  shift 65
	READ_LINE  shift 66
	LITERAL  shift 67
	INSTANCEOF  shift 68
	'-'  shift 69
	'!'  shift 70
	'('  shift 71
	'['  shift 72
	IDENTIFIER  reduce 56

	Expr  goto 214
	LValue  goto 98
	Call  goto 99
	Receiver  goto 90
	Constant  goto 91
	ArrayConstant  goto 92


state 196
	Expr : '[' Expr FOR IDENTIFIER . IN Expr COMPIF ']'  (89)

	IN  shift 215
	.  error


state 197
	ArrayConstant : '[' . ConstantStar ']'  (97)
	ArrayConstant : '[' . ']'  (98)

	NULL  shift 53
	LITERAL  shift 67
	'['  shift 197
	']'  shift 113
	.  error

	Constant  goto 216
	ArrayConstant  goto 92
	ConstantStar  goto 116


state 198
	ConstantStar : ConstantStar ',' Constant .  (99)

	.  reduce 99


state 199
	LValue : Expr '[' Expr ']' .  (59)
	Expr : Expr '[' Expr ']' . DEFAULT Expr  (90)

	DEFAULT  shift 217
	WHILE  reduce 59
	FOR  reduce 59
	IF  reduce 59
	REPEAT  reduce 59
	CONCAT  reduce 59
	AND  reduce 59
	OR  reduce 59
	LESS_EQUAL  reduce 59
	GREATER_EQUAL  reduce 59
	EQUAL  reduce 59
	NOT_EQUAL  reduce 59
	'+'  reduce 59
	'-'  reduce 59
	'*'  reduce 59
	'/'  reduce 59
	'%'  reduce 59
	'='  reduce 59
	'>'  reduce 59
	'<'  reduce 59
	'.'  reduce 59
	','  reduce 59
	';'  reduce 59
	')'  reduce 59
	'['  reduce 59
	']'  reduce 59
	':'  reduce 59


state 200
	Expr : Expr '[' Expr ':' . Expr ']'  (91)
	Receiver : .  (56)

	NULL  shift 53
	THIS  shift 54
	NEW  shift 60
	VAR  shift 62
	READ_INTEGER  shift 65
	READ_LINE  shift 66
	LITERAL  shift 67
	INSTANCEOF  shift 68
	'-'  shift 69
	'!'  shift 70
	'('  shift 71
	'['  shift 72
	IDENTIFIER  reduce 56

	Expr  goto 218
	LValue  goto 98
	Call  goto 99
	Receiver  goto 90
	Constant  goto 91
	ArrayConstant  goto 92


state 201
	Call : Receiver IDENTIFIER '(' Actuals . ')'  (60)

	')'  shift 219
	.  error


state 202
	Actuals : ExprList .  (101)
	ExprList : ExprList . ',' Expr  (103)

	','  shift 192
	')'  reduce 101


state 203
	WhileStmt : WHILE '(' Expr ')' Stmt .  (105)

	.  reduce 105


state 204
	Receiver : Expr . '.'  (55)
	LValue : Expr . '[' Expr ']'  (59)
	Expr : Expr . '+' Expr  (64)
	Expr : Expr . '-' Expr  (65)
	Expr : Expr . '*' Expr  (66)
	Expr : Expr . '/' Expr  (67)
	Expr : Expr . '%' Expr  (68)
	Expr : Expr . EQUAL Expr  (69)
	Expr : Expr . NOT_EQUAL Expr  (70)
	Expr : Expr . '<' Expr  (71)
	Expr : Expr . '>' Expr  (72)
	Expr : Expr . LESS_EQUAL Expr  (73)
	Expr : Expr . GREATER_EQUAL Expr  (74)
	Expr : Expr . AND Expr  (75)
	Expr : Expr . OR Expr  (76)
	Expr : Expr . REPEAT Expr  (87)
	Expr : Expr . CONCAT Expr  (88)
	Expr : Expr . '[' Expr ']' DEFAULT Expr  (90)
	Expr : Expr . '[' Expr ':' Expr ']'  (91)
	ForStmt : FOR '(' SimpleStmt ';' Expr . ';' SimpleStmt ')' Stmt  (106)

	REPEAT  shift 122
	CONCAT  shift 123
	AND  shift 124
	OR  shift 125
	LESS_EQUAL  shift 126
	GREATER_EQUAL  shift 127
	EQUAL  shift 128
	NOT_EQUAL  shift 129
	'+'  shift 130
	'-'  shift 131
	'*'  shift 132
	'/'  shift 133
	'%'  shift 134
	'>'  shift 135
	'<'  shift 136
	'.'  shift 137
	';'  shift 220
	'['  shift 138
	.  error


state 205
	IfStmt : IF '(' Expr ')' Stmt . ElseClause  (108)
	ElseClause : .  (110)

	ELSE  shift 221
	VOID  reduce 110
	BOOL  reduce 110
	INT  reduce 110
	STRING  reduce 110
	CLASS  reduce 110
	NULL  reduce 110
	THIS  reduce 110
	WHILE  reduce 110
	FOR  reduce 110
	IF  reduce 110
	RETURN  reduce 110
	BREAK  reduce 110
	NEW  reduce 110
	SCOPY  reduce 110
	TRIPIPE  reduce 110
	VAR  reduce 110
	FOREACH  reduce 110
	PRINT  reduce 110
	READ_INTEGER  reduce 110
	READ_LINE  reduce 110
	LITERAL  reduce 110
	IDENTIFIER  reduce 110
	INSTANCEOF  reduce 110
	'-'  reduce 110
	';'  reduce 110
	'!'  reduce 110
	'('  reduce 110
	'['  reduce 110
	'{'  reduce 110
	'}'  reduce 110

	ElseClause  goto 222


state 206
	IfBranch : IfSubStmt TRIPIPE .  (49)

	.  reduce 49


state 207
	GuardedStmt : IF '{' IfBranchStar IfSubStmt '}' .  (40)

	.  reduce 40


state 208
	IfSubStmt : Expr ':' . Stmt  (50)
	SimpleStmt : .  (54)
	Receiver : .  (56)

	VOID  shift 17
	BOOL  shift 18
	INT  shift 19
	STRING  shift 20
	CLASS  shift 21
	NULL  shift 53
	THIS  shift 54
	WHILE  shift 55
	FOR  shift 56
	IF  shift 57
	RETURN  shift 58
	BREAK  shift 59
	NEW  shift 60
	SCOPY  shift 61
	VAR  shift 62
	FOREACH  shift 63
	PRINT  shift 64
	READ_INTEGER  shift 65
	READ_LINE  shift 66
	LITERAL  shift 67
	INSTANCEOF  shift 68
	'-'  shift 69
	'!'  shift 70
	'('  shift 71
	'['  shift 72
	'{'  shift 48
	IDENTIFIER  reduce 56
	';'  reduce 54

	VariableDef  goto 74
	Variable  goto 25
	Type  goto 40
	StmtBlock  goto 75
	Stmt  goto 223
	SimpleStmt  goto 77
	IfStmt  goto 78
	WhileStmt  goto 79
	ForStmt  goto 80
	ReturnStmt  goto 81
	PrintStmt  goto 82
	BreakStmt  goto 83
	OCStmt  goto 84
	GuardedStmt  goto 85
	ForeachStmt  goto 86
	Expr  goto 87
	LValue  goto 88
	Call  goto 89
	Receiver  goto 90
	Constant  goto 91
	ArrayConstant  goto 92


state 209
	Expr : NEW Type '[' Expr ']' .  (84)

	.  reduce 84


state 210
	OCStmt : SCOPY '(' LValue ',' Expr . ')'  (51)
	Receiver : Expr . '.'  (55)
	LValue : Expr . '[' Expr ']'  (59)
	Expr : Expr . '+' Expr  (64)
	Expr : Expr . '-' Expr  (65)
	Expr : Expr . '*' Expr  (66)
	Expr : Expr . '/' Expr  (67)
	Expr : Expr . '%' Expr  (68)
	Expr : Expr . EQUAL Expr  (69)
	Expr : Expr . NOT_EQUAL Expr  (70)
	Expr : Expr . '<' Expr  (71)
	Expr : Expr . '>' Expr  (72)
	Expr : Expr . LESS_EQUAL Expr  (73)
	Expr : Expr . GREATER_EQUAL Expr  (74)
	Expr : Expr . AND Expr  (75)
	Expr : Expr . OR Expr  (76)
	Expr : Expr . REPEAT Expr  (87)
	Expr : Expr . CONCAT Expr  (88)
	Expr : Expr . '[' Expr ']' DEFAULT Expr  (90)
	Expr : Expr . '[' Expr ':' Expr ']'  (91)

	REPEAT  shift 122
	CONCAT  shift 123
	AND  shift 124
	OR  shift 125
	LESS_EQUAL  shift 126
	GREATER_EQUAL  shift 127
	EQUAL  shift 128
	NOT_EQUAL  shift 129
	'+'  shift 130
	'-'  shift 131
	'*'  shift 132
	'/'  shift 133
	'%'  shift 134
	'>'  shift 135
	'<'  shift 136
	'.'  shift 137
	')'  shift 224
	'['  shift 138
	.  error


state 211
	ForeachStmt : FOREACH '(' BoundVariable IN Expr . ForeachIf ')' Stmt  (42)
	Receiver : Expr . '.'  (55)
	LValue : Expr . '[' Expr ']'  (59)
	Expr : Expr . '+' Expr  (64)
	Expr : Expr . '-' Expr  (65)
	Expr : Expr . '*' Expr  (66)
	Expr : Expr . '/' Expr  (67)
	Expr : Expr . '%' Expr  (68)
	Expr : Expr . EQUAL Expr  (69)
	Expr : Expr . NOT_EQUAL Expr  (70)
	Expr : Expr . '<' Expr  (71)
	Expr : Expr . '>' Expr  (72)
	Expr : Expr . LESS_EQUAL Expr  (73)
	Expr : Expr . GREATER_EQUAL Expr  (74)
	Expr : Expr . AND Expr  (75)
	Expr : Expr . OR Expr  (76)
	Expr : Expr . REPEAT Expr  (87)
	Expr : Expr . CONCAT Expr  (88)
	Expr : Expr . '[' Expr ']' DEFAULT Expr  (90)
	Expr : Expr . '[' Expr ':' Expr ']'  (91)
	ForeachIf : .  (46)

	WHILE  shift 225
	REPEAT  shift 122
	CONCAT  shift 123
	AND  shift 124
	OR  shift 125
	LESS_EQUAL  shift 126
	GREATER_EQUAL  shift 127
	EQUAL  shift 128
	NOT_EQUAL  shift 129
	'+'  shift 130
	'-'  shift 131
	'*'  shift 132
	'/'  shift 133
	'%'  shift 134
	'>'  shift 135
	'<'  shift 136
	'.'  shift 137
	'['  shift 138
	')'  reduce 46

	ForeachIf  goto 226


state 212
	Receiver : Expr . '.'  (55)
	LValue : Expr . '[' Expr ']'  (59)
	Expr : Expr . '+' Expr  (64)
	Expr : Expr . '-' Expr  (65)
	Expr : Expr . '*' Expr  (66)
	Expr : Expr . '/' Expr  (67)
	Expr : Expr . '%' Expr  (68)
	Expr : Expr . EQUAL Expr  (69)
	Expr : Expr . NOT_EQUAL Expr  (70)
	Expr : Expr . '<' Expr  (71)
	Expr : Expr . '>' Expr  (72)
	Expr : Expr . LESS_EQUAL Expr  (73)
	Expr : Expr . GREATER_EQUAL Expr  (74)
	Expr : Expr . AND Expr  (75)
	Expr : Expr . OR Expr  (76)
	Expr : Expr . REPEAT Expr  (87)
	Expr : Expr . CONCAT Expr  (88)
	Expr : Expr . '[' Expr ']' DEFAULT Expr  (90)
	Expr : Expr . '[' Expr ':' Expr ']'  (91)
	ExprList : ExprList ',' Expr .  (103)

	REPEAT  shift 122
	CONCAT  shift 123
	AND  shift 124
	OR  shift 125
	LESS_EQUAL  shift 126
	GREATER_EQUAL  shift 127
	EQUAL  shift 128
	NOT_EQUAL  shift 129
	'+'  shift 130
	'-'  shift 131
	'*'  shift 132
	'/'  shift 133
	'%'  shift 134
	'>'  shift 135
	'<'  shift 136
	'.'  shift 137
	'['  shift 138
	','  reduce 103
	')'  reduce 103


state 213
	Expr : INSTANCEOF '(' Expr ',' IDENTIFIER . ')'  (85)

	')'  shift 227
	.  error


state 214
	Receiver : Expr . '.'  (55)
	LValue : Expr . '[' Expr ']'  (59)
	Expr : Expr . '+' Expr  (64)
	Expr : Expr . '-' Expr  (65)
	Expr : Expr . '*' Expr  (66)
	Expr : Expr . '/' Expr  (67)
	Expr : Expr . '%' Expr  (68)
	Expr : Expr . EQUAL Expr  (69)
	Expr : Expr . NOT_EQUAL Expr  (70)
	Expr : Expr . '<' Expr  (71)
	Expr : Expr . '>' Expr  (72)
	Expr : Expr . LESS_EQUAL Expr  (73)
	Expr : Expr . GREATER_EQUAL Expr  (74)
	Expr : Expr . AND Expr  (75)
	Expr : Expr . OR Expr  (76)
	Expr : '(' CLASS IDENTIFIER ')' Expr .  (86)
	Expr : Expr . REPEAT Expr  (87)
	Expr : Expr . CONCAT Expr  (88)
	Expr : Expr . '[' Expr ']' DEFAULT Expr  (90)
	Expr : Expr . '[' Expr ':' Expr ']'  (91)

	.  reduce 86


state 215
	Expr : '[' Expr FOR IDENTIFIER IN . Expr COMPIF ']'  (89)
	Receiver : .  (56)

	NULL  shift 53
	THIS  shift 54
	NEW  shift 60
	VAR  shift 62
	READ_INTEGER  shift 65
	READ_LINE  shift 66
	LITERAL  shift 67
	INSTANCEOF  shift 68
	'-'  shift 69
	'!'  shift 70
	'('  shift 71
	'['  shift 72
	IDENTIFIER  reduce 56

	Expr  goto 228
	LValue  goto 98
	Call  goto 99
	Receiver  goto 90
	Constant  goto 91
	ArrayConstant  goto 92


state 216
	ConstantStar : Constant .  (100)

	.  reduce 100


state 217
	Expr : Expr '[' Expr ']' DEFAULT . Expr  (90)
	Receiver : .  (56)

	NULL  shift 53
	THIS  shift 54
	NEW  shift 60
	VAR  shift 62
	READ_INTEGER  shift 65
	READ_LINE  shift 66
	LITERAL  shift 67
	INSTANCEOF  shift 68
	'-'  shift 69
	'!'  shift 70
	'('  shift 71
	'['  shift 72
	IDENTIFIER  reduce 56

	Expr  goto 229
	LValue  goto 98
	Call  goto 99
	Receiver  goto 90
	Constant  goto 91
	ArrayConstant  goto 92


state 218
	Receiver : Expr . '.'  (55)
	LValue : Expr . '[' Expr ']'  (59)
	Expr : Expr . '+' Expr  (64)
	Expr : Expr . '-' Expr  (65)
	Expr : Expr . '*' Expr  (66)
	Expr : Expr . '/' Expr  (67)
	Expr : Expr . '%' Expr  (68)
	Expr : Expr . EQUAL Expr  (69)
	Expr : Expr . NOT_EQUAL Expr  (70)
	Expr : Expr . '<' Expr  (71)
	Expr : Expr . '>' Expr  (72)
	Expr : Expr . LESS_EQUAL Expr  (73)
	Expr : Expr . GREATER_EQUAL Expr  (74)
	Expr : Expr . AND Expr  (75)
	Expr : Expr . OR Expr  (76)
	Expr : Expr . REPEAT Expr  (87)
	Expr : Expr . CONCAT Expr  (88)
	Expr : Expr . '[' Expr ']' DEFAULT Expr  (90)
	Expr : Expr . '[' Expr ':' Expr ']'  (91)
	Expr : Expr '[' Expr ':' Expr . ']'  (91)

	REPEAT  shift 122
	CONCAT  shift 123
	AND  shift 124
	OR  shift 125
	LESS_EQUAL  shift 126
	GREATER_EQUAL  shift 127
	EQUAL  shift 128
	NOT_EQUAL  shift 129
	'+'  shift 130
	'-'  shift 131
	'*'  shift 132
	'/'  shift 133
	'%'  shift 134
	'>'  shift 135
	'<'  shift 136
	'.'  shift 137
	'['  shift 138
	']'  shift 230
	.  error


state 219
	Call : Receiver IDENTIFIER '(' Actuals ')' .  (60)

	.  reduce 60


state 220
	ForStmt : FOR '(' SimpleStmt ';' Expr ';' . SimpleStmt ')' Stmt  (106)
	SimpleStmt : .  (54)
	Receiver : .  (56)

	NULL  shift 53
	THIS  shift 54
	NEW  shift 60
	VAR  shift 62
	READ_INTEGER  shift 65
	READ_LINE  shift 66
	LITERAL  shift 67
	INSTANCEOF  shift 68
	'-'  shift 69
	'!'  shift 70
	'('  shift 71
	'['  shift 72
	IDENTIFIER  reduce 56
	')'  reduce 54

	SimpleStmt  goto 231
	Expr  goto 87
	LValue  goto 88
	Call  goto 89
	Receiver  goto 90
	Constant  goto 91
	ArrayConstant  goto 92


state 221
	ElseClause : ELSE . Stmt  (109)
	SimpleStmt : .  (54)
	Receiver : .  (56)

	VOID  shift 17
	BOOL  shift 18
	INT  shift 19
	STRING  shift 20
	CLASS  shift 21
	NULL  shift 53
	THIS  shift 54
	WHILE  shift 55
	FOR  shift 56
	IF  shift 57
	RETURN  shift 58
	BREAK  shift 59
	NEW  shift 60
	SCOPY  shift 61
	VAR  shift 62
	FOREACH  shift 63
	PRINT  shift 64
	READ_INTEGER  shift 65
	READ_LINE  shift 66
	LITERAL  shift 67
	INSTANCEOF  shift 68
	'-'  shift 69
	'!'  shift 70
	'('  shift 71
	'['  shift 72
	'{'  shift 48
	IDENTIFIER  reduce 56
	';'  reduce 54

	VariableDef  goto 74
	Variable  goto 25
	Type  goto 40
	StmtBlock  goto 75
	Stmt  goto 232
	SimpleStmt  goto 77
	IfStmt  goto 78
	WhileStmt  goto 79
	ForStmt  goto 80
	ReturnStmt  goto 81
	PrintStmt  goto 82
	BreakStmt  goto 83
	OCStmt  goto 84
	GuardedStmt  goto 85
	ForeachStmt  goto 86
	Expr  goto 87
	LValue  goto 88
	Call  goto 89
	Receiver  goto 90
	Constant  goto 91
	ArrayConstant  goto 92


state 222
	IfStmt : IF '(' Expr ')' Stmt ElseClause .  (108)

	.  reduce 108


state 223
	IfSubStmt : Expr ':' Stmt .  (50)

	.  reduce 50


state 224
	OCStmt : SCOPY '(' LValue ',' Expr ')' .  (51)

	.  reduce 51


state 225
	ForeachIf : WHILE . Expr  (45)
	Receiver : .  (56)

	NULL  shift 53
	THIS  shift 54
	NEW  shift 60
	VAR  shift 62
	READ_INTEGER  shift 65
	READ_LINE  shift 66
	LITERAL  shift 67
	INSTANCEOF  shift 68
	'-'  shift 69
	'!'  shift 70
	'('  shift 71
	'['  shift 72
	IDENTIFIER  reduce 56

	Expr  goto 233
	LValue  goto 98
	Call  goto 99
	Receiver  goto 90
	Constant  goto 91
	ArrayConstant  goto 92


state 226
	ForeachStmt : FOREACH '(' BoundVariable IN Expr ForeachIf . ')' Stmt  (42)

	')'  shift 234
	.  error


state 227
	Expr : INSTANCEOF '(' Expr ',' IDENTIFIER ')' .  (85)

	.  reduce 85


state 228
	Receiver : Expr . '.'  (55)
	LValue : Expr . '[' Expr ']'  (59)
	Expr : Expr . '+' Expr  (64)
	Expr : Expr . '-' Expr  (65)
	Expr : Expr . '*' Expr  (66)
	Expr : Expr . '/' Expr  (67)
	Expr : Expr . '%' Expr  (68)
	Expr : Expr . EQUAL Expr  (69)
	Expr : Expr . NOT_EQUAL Expr  (70)
	Expr : Expr . '<' Expr  (71)
	Expr : Expr . '>' Expr  (72)
	Expr : Expr . LESS_EQUAL Expr  (73)
	Expr : Expr . GREATER_EQUAL Expr  (74)
	Expr : Expr . AND Expr  (75)
	Expr : Expr . OR Expr  (76)
	Expr : Expr . REPEAT Expr  (87)
	Expr : Expr . CONCAT Expr  (88)
	Expr : '[' Expr FOR IDENTIFIER IN Expr . COMPIF ']'  (89)
	Expr : Expr . '[' Expr ']' DEFAULT Expr  (90)
	Expr : Expr . '[' Expr ':' Expr ']'  (91)
	COMPIF : .  (93)

	IF  shift 235
	REPEAT  shift 122
	CONCAT  shift 123
	AND  shift 124
	OR  shift 125
	LESS_EQUAL  shift 126
	GREATER_EQUAL  shift 127
	EQUAL  shift 128
	NOT_EQUAL  shift 129
	'+'  shift 130
	'-'  shift 131
	'*'  shift 132
	'/'  shift 133
	'%'  shift 134
	'>'  shift 135
	'<'  shift 136
	'.'  shift 137
	'['  shift 138
	']'  reduce 93

	COMPIF  goto 236


state 229
	Receiver : Expr . '.'  (55)
	LValue : Expr . '[' Expr ']'  (59)
	Expr : Expr . '+' Expr  (64)
	Expr : Expr . '-' Expr  (65)
	Expr : Expr . '*' Expr  (66)
	Expr : Expr . '/' Expr  (67)
	Expr : Expr . '%' Expr  (68)
	Expr : Expr . EQUAL Expr  (69)
	Expr : Expr . NOT_EQUAL Expr  (70)
	Expr : Expr . '<' Expr  (71)
	Expr : Expr . '>' Expr  (72)
	Expr : Expr . LESS_EQUAL Expr  (73)
	Expr : Expr . GREATER_EQUAL Expr  (74)
	Expr : Expr . AND Expr  (75)
	Expr : Expr . OR Expr  (76)
	Expr : Expr . REPEAT Expr  (87)
	Expr : Expr . CONCAT Expr  (88)
	Expr : Expr . '[' Expr ']' DEFAULT Expr  (90)
	Expr : Expr '[' Expr ']' DEFAULT Expr .  (90)
	Expr : Expr . '[' Expr ':' Expr ']'  (91)

	'.'  shift 137
	'['  shift 138
	WHILE  reduce 90
	FOR  reduce 90
	IF  reduce 90
	REPEAT  reduce 90
	CONCAT  reduce 90
	AND  reduce 90
	OR  reduce 90
	LESS_EQUAL  reduce 90
	GREATER_EQUAL  reduce 90
	EQUAL  reduce 90
	NOT_EQUAL  reduce 90
	'+'  reduce 90
	'-'  reduce 90
	'*'  reduce 90
	'/'  reduce 90
	'%'  reduce 90
	'>'  reduce 90
	'<'  reduce 90
	','  reduce 90
	';'  reduce 90
	')'  reduce 90
	']'  reduce 90
	':'  reduce 90


state 230
	Expr : Expr '[' Expr ':' Expr ']' .  (91)

	.  reduce 91


state 231
	ForStmt : FOR '(' SimpleStmt ';' Expr ';' SimpleStmt . ')' Stmt  (106)

	')'  shift 237
	.  error


state 232
	ElseClause : ELSE Stmt .  (109)

	.  reduce 109


state 233
	ForeachIf : WHILE Expr .  (45)
	Receiver : Expr . '.'  (55)
	LValue : Expr . '[' Expr ']'  (59)
	Expr : Expr . '+' Expr  (64)
	Expr : Expr . '-' Expr  (65)
	Expr : Expr . '*' Expr  (66)
	Expr : Expr . '/' Expr  (67)
	Expr : Expr . '%' Expr  (68)
	Expr : Expr . EQUAL Expr  (69)
	Expr : Expr . NOT_EQUAL Expr  (70)
	Expr : Expr . '<' Expr  (71)
	Expr : Expr . '>' Expr  (72)
	Expr : Expr . LESS_EQUAL Expr  (73)
	Expr : Expr . GREATER_EQUAL Expr  (74)
	Expr : Expr . AND Expr  (75)
	Expr : Expr . OR Expr  (76)
	Expr : Expr . REPEAT Expr  (87)
	Expr : Expr . CONCAT Expr  (88)
	Expr : Expr . '[' Expr ']' DEFAULT Expr  (90)
	Expr : Expr . '[' Expr ':' Expr ']'  (91)

	REPEAT  shift 122
	CONCAT  shift 123
	AND  shift 124
	OR  shift 125
	LESS_EQUAL  shift 126
	GREATER_EQUAL  shift 127
	EQUAL  shift 128
	NOT_EQUAL  shift 129
	'+'  shift 130
	'-'  shift 131
	'*'  shift 132
	'/'  shift 133
	'%'  shift 134
	'>'  shift 135
	'<'  shift 136
	'.'  shift 137
	'['  shift 138
	')'  reduce 45


state 234
	ForeachStmt : FOREACH '(' BoundVariable IN Expr ForeachIf ')' . Stmt  (42)
	SimpleStmt : .  (54)
	Receiver : .  (56)

	VOID  shift 17
	BOOL  shift 18
	INT  shift 19
	STRING  shift 20
	CLASS  shift 21
	NULL  shift 53
	THIS  shift 54
	WHILE  shift 55
	FOR  shift 56
	IF  shift 57
	RETURN  shift 58
	BREAK  shift 59
	NEW  shift 60
	SCOPY  shift 61
	VAR  shift 62
	FOREACH  shift 63
	PRINT  shift 64
	READ_INTEGER  shift 65
	READ_LINE  shift 66
	LITERAL  shift 67
	INSTANCEOF  shift 68
	'-'  shift 69
	'!'  shift 70
	'('  shift 71
	'['  shift 72
	'{'  shift 48
	IDENTIFIER  reduce 56
	';'  reduce 54

	VariableDef  goto 74
	Variable  goto 25
	Type  goto 40
	StmtBlock  goto 75
	Stmt  goto 238
	SimpleStmt  goto 77
	IfStmt  goto 78
	WhileStmt  goto 79
	ForStmt  goto 80
	ReturnStmt  goto 81
	PrintStmt  goto 82
	BreakStmt  goto 83
	OCStmt  goto 84
	GuardedStmt  goto 85
	ForeachStmt  goto 86
	Expr  goto 87
	LValue  goto 88
	Call  goto 89
	Receiver  goto 90
	Constant  goto 91
	ArrayConstant  goto 92


state 235
	COMPIF : IF . Expr  (92)
	Receiver : .  (56)

	NULL  shift 53
	THIS  shift 54
	NEW  shift 60
	VAR  shift 62
	READ_INTEGER  shift 65
	READ_LINE  shift 66
	LITERAL  shift 67
	INSTANCEOF  shift 68
	'-'  shift 69
	'!'  shift 70
	'('  shift 71
	'['  shift 72
	IDENTIFIER  reduce 56

	Expr  goto 239
	LValue  goto 98
	Call  goto 99
	Receiver  goto 90
	Constant  goto 91
	ArrayConstant  goto 92


state 236
	Expr : '[' Expr FOR IDENTIFIER IN Expr COMPIF . ']'  (89)

	']'  shift 240
	.  error


state 237
	ForStmt : FOR '(' SimpleStmt ';' Expr ';' SimpleStmt ')' . Stmt  (106)
	SimpleStmt : .  (54)
	Receiver : .  (56)

	VOID  shift 17
	BOOL  shift 18
	INT  shift 19
	STRING  shift 20
	CLASS  shift 21
	NULL  shift 53
	THIS  shift 54
	WHILE  shift 55
	FOR  shift 56
	IF  shift 57
	RETURN  shift 58
	BREAK  shift 59
	NEW  shift 60
	SCOPY  shift 61
	VAR  shift 62
	FOREACH  shift 63
	PRINT  shift 64
	READ_INTEGER  shift 65
	READ_LINE  shift 66
	LITERAL  shift 67
	INSTANCEOF  shift 68
	'-'  shift 69
	'!'  shift 70
	'('  shift 71
	'['  shift 72
	'{'  shift 48
	IDENTIFIER  reduce 56
	';'  reduce 54

	VariableDef  goto 74
	Variable  goto 25
	Type  goto 40
	StmtBlock  goto 75
	Stmt  goto 241
	SimpleStmt  goto 77
	IfStmt  goto 78
	WhileStmt  goto 79
	ForStmt  goto 80
	ReturnStmt  goto 81
	PrintStmt  goto 82
	BreakStmt  goto 83
	OCStmt  goto 84
	GuardedStmt  goto 85
	ForeachStmt  goto 86
	Expr  goto 87
	LValue  goto 88
	Call  goto 89
	Receiver  goto 90
	Constant  goto 91
	ArrayConstant  goto 92


state 238
	ForeachStmt : FOREACH '(' BoundVariable IN Expr ForeachIf ')' Stmt .  (42)

	.  reduce 42


state 239
	Receiver : Expr . '.'  (55)
	LValue : Expr . '[' Expr ']'  (59)
	Expr : Expr . '+' Expr  (64)
	Expr : Expr . '-' Expr  (65)
	Expr : Expr . '*' Expr  (66)
	Expr : Expr . '/' Expr  (67)
	Expr : Expr . '%' Expr  (68)
	Expr : Expr . EQUAL Expr  (69)
	Expr : Expr . NOT_EQUAL Expr  (70)
	Expr : Expr . '<' Expr  (71)
	Expr : Expr . '>' Expr  (72)
	Expr : Expr . LESS_EQUAL Expr  (73)
	Expr : Expr . GREATER_EQUAL Expr  (74)
	Expr : Expr . AND Expr  (75)
	Expr : Expr . OR Expr  (76)
	Expr : Expr . REPEAT Expr  (87)
	Expr : Expr . CONCAT Expr  (88)
	Expr : Expr . '[' Expr ']' DEFAULT Expr  (90)
	Expr : Expr . '[' Expr ':' Expr ']'  (91)
	COMPIF : IF Expr .  (92)

	REPEAT  shift 122
	CONCAT  shift 123
	AND  shift 124
	OR  shift 125
	LESS_EQUAL  shift 126
	GREATER_EQUAL  shift 127
	EQUAL  shift 128
	NOT_EQUAL  shift 129
	'+'  shift 130
	'-'  shift 131
	'*'  shift 132
	'/'  shift 133
	'%'  shift 134
	'>'  shift 135
	'<'  shift 136
	'.'  shift 137
	'['  shift 138
	']'  reduce 92


state 240
	Expr : '[' Expr FOR IDENTIFIER IN Expr COMPIF ']' .  (89)

	.  reduce 89


state 241
	ForStmt : FOR '(' SimpleStmt ';' Expr ';' SimpleStmt ')' Stmt .  (106)

	.  reduce 106


60 terminals, 41 nonterminals
114 grammar rules, 242 states
